============================================================
  Generated by:           Genus(TM) Synthesis Solution 18.14-s037_1
  Generated on:           Mar 01 2023  03:44:17 am
  Module:                 dft_top
  Operating conditions:   PVT_0P9V_125C 
  Interconnect mode:      global
  Area mode:              physical library
============================================================

          Instance                                 Module                        Cell Count   Cell Area   Net Area    Total Area 
---------------------------------------------------------------------------------------------------------------------------------
dft_top                                                                             1048764 3847672.026 1313295.481  5160967.507 
  IComposeInst87691          ICompose_84536                                          792527 2797763.490 1016055.328  3813818.818 
    instList87710            statementList84534                                      781953 2764487.916 1005224.963  3769712.879 
      DirSumInst87713        DirSum_83357                                            455507 1473968.358  632238.895  2106207.253 
        codeBlockIsnt87716   codeBlock80787                                          455490 1473911.928  632222.664  2106134.592 
          m81317             multfix_WIDTH64_CYCLES6_17                                7356   23298.066    9634.306    32932.372 
          m82074             multfix_WIDTH64_CYCLES6_45                                7405   23067.900    9687.009    32754.909 
          m82181             multfix_WIDTH64_CYCLES6_49                                7351   23007.366    9738.344    32745.710 
          m81860             multfix_WIDTH64_CYCLES6_37                                7363   22991.976    9678.628    32670.604 
          m81664             multfix_WIDTH64_CYCLES6_30                                7306   22937.256    9694.821    32632.077 
          m82210             multfix_WIDTH64_CYCLES6_51                                7312   22941.018    9639.381    32580.399 
          m81560             multfix_WIDTH64_CYCLES6_27                                7289   22902.372    9655.574    32557.946 
          m81081             multfix_WIDTH64_CYCLES6_8                                 7247   22862.700    9591.163    32453.863 
          m81646             multfix_WIDTH64_CYCLES6_29                                7248   22948.200    9459.965    32408.165 
          m81889             multfix_WIDTH64_CYCLES6_39                                7246   22783.356    9592.626    32375.982 
          m81509             multfix_WIDTH64_CYCLES6_24                                7152   22716.666    9543.135    32259.801 
          m81121             multfix_WIDTH64_CYCLES6_10                                7230   22640.400    9586.297    32226.697 
          m81335             multfix_WIDTH64_CYCLES6_18                                7173   22736.160    9476.652    32212.812 
          m81996             multfix_WIDTH64_CYCLES6_43                                7255   22629.456    9556.762    32186.218 
          m82266             multfix_WIDTH64_CYCLES6_52                                7155   22645.188    9539.429    32184.617 
          m81346             multfix_WIDTH64_CYCLES6_19                                7462   22505.310    9670.645    32175.955 
          m82306             multfix_WIDTH64_CYCLES6_54                                7143   22653.738    9521.867    32175.605 
          m81838             multfix_WIDTH64_CYCLES6_36                                7153   22640.058    9531.275    32171.333 
          m82317             multfix_WIDTH64_CYCLES6_55                                7145   22651.686    9513.790    32165.476 
          m81878             multfix_WIDTH64_CYCLES6_38                                7140   22644.162    9516.945    32161.107 
          m82052             multfix_WIDTH64_CYCLES6_44                                7131   22651.686    9503.412    32155.098 
          m82092             multfix_WIDTH64_CYCLES6_46                                7131   22632.876    9508.107    32140.983 
          m82288             multfix_WIDTH64_CYCLES6_53                                7129   22599.018    9478.458    32077.476 
          m82103             multfix_WIDTH64_CYCLES6_47                                7084   22526.172    9463.519    31989.691 
          m82199             multfix_WIDTH64_CYCLES6_50                                7098   22667.076    9267.378    31934.454 
          m82159             multfix_WIDTH64_CYCLES6_48                                7138   22724.190    9156.517    31880.707 
          m81967             multfix_WIDTH64_CYCLES6_41                                7143   22461.534    9394.300    31855.834 
          m81295             multfix_WIDTH64_CYCLES6_16                                7349   22193.064    9549.692    31742.756 
          m81531             multfix_WIDTH64_CYCLES6_25                                7027   22313.448    9412.469    31725.917 
          m81239             multfix_WIDTH64_CYCLES6_15                                6998   22356.198    9353.057    31709.255 
          m81945             multfix_WIDTH64_CYCLES6_40                                7044   22275.486    9426.135    31701.621 
          m81210             multfix_WIDTH64_CYCLES6_13                                6975   22317.210    9323.731    31640.941 
          m81549             multfix_WIDTH64_CYCLES6_26                                7009   22258.728    9374.192    31632.920 
          m81132             multfix_WIDTH64_CYCLES6_11                                7071   22576.446    9026.631    31603.077 
          m81402             multfix_WIDTH64_CYCLES6_20                                6979   22257.702    9336.845    31594.547 
          m81985             multfix_WIDTH64_CYCLES6_42                                6987   22195.458    9385.329    31580.787 
          m81442             multfix_WIDTH64_CYCLES6_22                                6969   22232.736    9330.155    31562.891 
          m80996             multfix_WIDTH64_CYCLES6_5                                 6992   22225.554    9324.776    31550.330 
          m81014             multfix_WIDTH64_CYCLES6_6                                 6953   22135.608    9280.360    31415.968 
          m81025             multfix_WIDTH64_CYCLES6_7                                 6885   22118.166    9259.092    31377.258 
          m80974             multfix_WIDTH64_CYCLES6_4                                 6900   22103.802    9253.580    31357.382 
          m81753             multfix_WIDTH64_CYCLES6_33                                7171   21863.034    9378.335    31241.369 
          m81188             multfix_WIDTH64_CYCLES6_12                                6965   22249.836    8967.124    31216.960 
          m81103             multfix_WIDTH64_CYCLES6_9                                 6891   22074.048    9073.309    31147.357 
          m81228             multfix_WIDTH64_CYCLES6_14                                6954   22178.700    8957.887    31136.587 
          m81624             multfix_WIDTH64_CYCLES6_28                                6843   21905.100    9182.460    31087.560 
          m81782             multfix_WIDTH64_CYCLES6_35                                7074   21710.844    9321.279    31032.123 
          m81453             multfix_WIDTH64_CYCLES6_23                                6911   22126.716    8883.441    31010.157 
          m81424             multfix_WIDTH64_CYCLES6_21                                6904   22096.620    8911.436    31008.056 
          m81675             multfix_WIDTH64_CYCLES6_31                                6861   22078.836    8887.413    30966.249 
          m81771             multfix_WIDTH64_CYCLES6_34                                7181   21747.096    9194.776    30941.872 
          m80918             multfix_WIDTH64_CYCLES6_3                                 6797   21806.604    8951.558    30758.162 
          m81731             multfix_WIDTH64_CYCLES6_32                                7044   21634.920    9078.384    30713.304 
          m80867             multfix_WIDTH64_CYCLES6                                   6777   21794.292    8720.066    30514.358 
          m80889             multfix_WIDTH64_CYCLES6_1                                 7018   21374.658    9124.112    30498.770 
          m80907             multfix_WIDTH64_CYCLES6_2                                 7038   21492.648    8959.084    30451.732 
          instD5inst9_82841  D5_82841_9                                                 983    2218.554    1159.415     3377.969 
          instD5inst11_82841 D5_82841_11                                                982    2206.926    1133.738     3340.664 
          instD5inst12_82841 D5_82841_12                                                947    2176.146    1125.490     3301.636 
          instD5inst13_82841 D5_82841_13                                                959    2178.882    1118.154     3297.036 
          instD5inst8_82841  D5_82841_8                                                 945    2144.682    1091.887     3236.569 
          instD5inst10_82841 D5_82841_10                                                938    2107.746    1090.329     3198.075 
          instD5inst7_82841  D5_82841_7                                                 946    2076.966    1090.538     3167.504 
          instD6inst11_83355 D6_83355_11                                                886    2055.762    1047.775     3103.537 
          instD6inst13_83355 D6_83355_13                                                875    2068.416    1029.529     3097.945 
          instD6inst12_83355 D6_83355_12                                                871    2042.424    1030.156     3072.580 
          instD6inst7_83355  D6_83355_7                                                 859    2018.142    1006.456     3024.598 
          instD6inst9_83355  D6_83355_9                                                 844    2003.094     991.365     2994.459 
          instD6inst8_83355  D6_83355_8                                                 824    1972.656     971.504     2944.160 
          instD6inst10_83355 D6_83355_10                                                806    1931.274     953.487     2884.761 
          instD5inst6_82841  D5_82841_6                                                 551    1531.818     584.602     2116.420 
          instD5inst2_82841  D5_82841_2                                                 546    1529.424     578.368     2107.792 
          instD5inst4_82841  D5_82841_4                                                 549    1509.588     573.388     2082.976 
          instD5inst5_82841  D5_82841_5                                                 542    1482.912     564.969     2047.881 
          instD6inst4_83355  D6_83355_4                                                 536    1473.678     555.827     2029.505 
          instD6inst0_83355  D6_83355                                                   532    1481.544     547.065     2028.609 
          instD6inst6_83355  D6_83355_6                                                 529    1479.492     548.852     2028.344 
          instD5inst1_82841  D5_82841_1                                                 524    1468.206     557.784     2025.990 
          instD5inst3_82841  D5_82841_3                                                 523    1464.444     546.552     2010.996 
          instD6inst2_83355  D6_83355_2                                                 529    1466.496     543.777     2010.273 
          instD6inst5_83355  D6_83355_5                                                 515    1453.500     537.011     1990.511 
          instD6inst1_83355  D6_83355_1                                                 509    1434.690     527.869     1962.559 
          instD5inst0_82841  D5_82841                                                   517    1416.222     544.689     1960.911 
          instD6inst3_83355  D6_83355_3                                                 494    1416.222     504.834     1921.056 
          sub81653           subfxp_width64_cycles1_7                                   417    1037.970     340.870     1378.840 
          sub81324           subfxp_width64_cycles1_4                                   415    1035.918     339.749     1375.667 
          sub81431           subfxp_width64_cycles1_5                                   415    1035.918     339.749     1375.667 
          sub81760           subfxp_width64_cycles1_8                                   415    1035.918     339.749     1375.667 
          sub81003           subfxp_width64_cycles1_1                                   415    1035.576     339.749     1375.325 
          sub81867           subfxp_width64_cycles1_9                                   415    1033.866     340.471     1374.337 
          sub82295           subfxp_width64_cycles1_13                                  415    1032.840     340.471     1373.311 
          sub81110           subfxp_width64_cycles1_2                                   415    1030.788     340.471     1371.259 
          sub81538           subfxp_width64_cycles1_6                                   415    1030.104     340.471     1370.575 
          sub81974           subfxp_width64_cycles1_10                                  414    1030.104     338.647     1368.751 
          sub82081           subfxp_width64_cycles1_11                                  413    1027.368     338.628     1365.996 
          sub80896           subfxp_width64_cycles1                                     411    1023.264     336.784     1360.048 
          sub82188           subfxp_width64_cycles1_12                                  419     952.128     360.142     1312.270 
          sub81217           subfxp_width64_cycles1_3                                   419     952.128     360.142     1312.270 
          add81896           addfxp_width64_cycles1_9                                   360     962.388     295.218     1257.606 
          add82110           addfxp_width64_cycles1_11                                  360     960.336     295.218     1255.554 
          add81353           addfxp_width64_cycles1_4                                   365     953.154     299.609     1252.763 
          add82217           addfxp_width64_cycles1_12                                  365     953.154     299.609     1252.763 
          add82003           addfxp_width64_cycles1_10                                  362     954.864     297.043     1251.907 
          add82324           addfxp_width64_cycles1_13                                  362     954.864     296.701     1251.565 
          add81246           addfxp_width64_cycles1_3                                   360     954.864     295.218     1250.082 
          add81567           addfxp_width64_cycles1_6                                   359     954.522     294.477     1248.999 
          add81032           addfxp_width64_cycles1_1                                   359     954.180     294.477     1248.657 
          add81789           addfxp_width64_cycles1_8                                   369     915.876     314.167     1230.043 
          add81139           addfxp_width64_cycles1_2                                   374     909.720     318.576     1228.296 
          add81460           addfxp_width64_cycles1_5                                   369     910.746     314.528     1225.274 
          add81682           addfxp_width64_cycles1_7                                   369     909.378     314.528     1223.906 
          add80925           addfxp_width64_cycles1                                     369     909.378     314.528     1223.906 
          shiftFIFO_87719    shiftRegFIFO_depth15_width1                                 15      82.080      10.377       92.457 
          m80813             multfix_WIDTH5_CYCLES2                                      17      66.006       9.978       75.984 
          sub82244           subfxp_width10_cycles1_13                                    6      51.300       0.000       51.300 
          sub81816           subfxp_width10_cycles1_9                                     6      49.248       0.000       49.248 
          sub82030           subfxp_width10_cycles1_11                                    6      48.564       0.000       48.564 
          sub81602           subfxp_width10_cycles1_7                                     6      47.196       0.000       47.196 
          sub81709           subfxp_width10_cycles1_8                                     6      47.196       0.000       47.196 
          sub81923           subfxp_width10_cycles1_10                                    6      47.196       0.000       47.196 
          sub82137           subfxp_width10_cycles1_12                                    6      43.434       0.000       43.434 
          sub81059           subfxp_width10_cycles1_2                                     5      40.014       0.000       40.014 
          sub81380           subfxp_width10_cycles1_5                                     5      40.014       0.000       40.014 
          sub81273           subfxp_width10_cycles1_4                                     5      39.330       0.000       39.330 
          sub80845           subfxp_width10_cycles1                                       5      37.962       0.000       37.962 
          sub80952           subfxp_width10_cycles1_1                                     5      37.278       0.000       37.278 
          sub81487           subfxp_width10_cycles1_6                                     5      36.594       0.000       36.594 
          sub81166           subfxp_width10_cycles1_3                                     5      35.910       0.000       35.910 
          add82224           addfxp_width10_cycles1_13                                    5      27.360       0.000       27.360 
          add81253           addfxp_width10_cycles1_4                                     5      27.360       0.000       27.360 
          add81039           addfxp_width10_cycles1_2                                     5      27.360       0.000       27.360 
          add81360           addfxp_width10_cycles1_5                                     5      27.360       0.000       27.360 
          add81582           addfxp_width10_cycles1_7                                     5      27.360       0.000       27.360 
          add81689           addfxp_width10_cycles1_8                                     5      27.360       0.000       27.360 
          add80806           addfxp_width10_cycles1                                       5      27.360       0.000       27.360 
          add81467           addfxp_width10_cycles1_6                                     5      27.360       0.000       27.360 
          add82117           addfxp_width10_cycles1_12                                    5      27.360       0.000       27.360 
          add81903           addfxp_width10_cycles1_10                                    5      27.360       0.000       27.360 
          add80932           addfxp_width10_cycles1_1                                     5      27.360       0.000       27.360 
          add81146           addfxp_width10_cycles1_3                                     5      27.360       0.000       27.360 
          add81796           addfxp_width10_cycles1_9                                     5      27.360       0.000       27.360 
          add82010           addfxp_width10_cycles1_11                                    5      27.360       0.000       27.360 
      instrc87715            rc84532                                                 254683 1046392.434  290775.343  1337167.777 
        instPerm87723        perm84530                                               254683 1046392.434  290775.343  1337167.777 
          memSys             memArray512_84530_numBanks16_logBanks4_depth32_log      229641  947411.136  216666.835  1164077.971 
            memMod6          memMod_dist_depth64_width128_logDepth6_22                14358   59231.664   13527.088    72758.752 
            memMod3          memMod_dist_depth64_width128_logDepth6_19                14357   59226.192   13526.347    72752.539 
            memMod11         memMod_dist_depth64_width128_logDepth6_27                14357   59226.192   13526.347    72752.539 
            memMod15         memMod_dist_depth64_width128_logDepth6_16                14357   59226.192   13526.347    72752.539 
            memMod1          memMod_dist_depth64_width128_logDepth6_17                14355   59224.140   13527.392    72751.532 
            memMod9          memMod_dist_depth64_width128_logDepth6_25                14355   59224.140   13527.392    72751.532 
            memMod4          memMod_dist_depth64_width128_logDepth6_20                14353   59217.984   13525.909    72743.893 
            memMod14         memMod_dist_depth64_width128_logDepth6_30                14349   59207.040   13520.417    72727.457 
            memMod10         memMod_dist_depth64_width128_logDepth6_26                14349   59207.040   13520.417    72727.457 
            memMod8          memMod_dist_depth64_width128_logDepth6_24                14345   59198.832   13519.980    72718.812 
            memMod5          memMod_dist_depth64_width128_logDepth6_21                14345   59194.728   13520.341    72715.069 
            memMod12         memMod_dist_depth64_width128_logDepth6_28                14344   59194.728   13519.238    72713.966 
            memMod13         memMod_dist_depth64_width128_logDepth6_29                14344   59194.728   13519.238    72713.966 
            memMod7          memMod_dist_depth64_width128_logDepth6_23                14346   59194.728   13518.554    72713.282 
            memMod0          memMod_dist_depth64_width128_logDepth6                   14338   59171.130   13512.624    72683.754 
            memMod2          memMod_dist_depth64_width128_logDepth6_18                14337   59171.814   13511.883    72683.697 
          in_sw_2_5          switch_width133_45                                         279    1768.140     109.132     1877.272 
          in_sw_2_7          switch_width133_32                                         278    1767.456     108.029     1875.485 
          in_sw_2_2          switch_width133_42                                         269    1734.966     101.719     1836.685 
          in_sw_2_6          switch_width133_46                                         269    1734.966     101.719     1836.685 
          in_sw_2_4          switch_width133_44                                         269    1734.966     101.719     1836.685 
          in_sw_2_1          switch_width133_41                                         269    1734.966     101.719     1836.685 
          in_sw_2_0          switch_width133_40                                         269    1734.966     101.719     1836.685 
          in_sw_2_3          switch_width133_43                                         269    1734.966     101.719     1836.685 
          out_sw_1_7         switch_width128_39                                         266     661.428      99.496      760.924 
          out_sw_1_5         switch_width128_37                                         266     661.428      99.496      760.924 
          out_sw_1_6         switch_width128_38                                         266     661.428      99.496      760.924 
          out_sw_1_4         switch_width128_36                                         266     661.428      99.496      760.924 
          out_sw_1_3         switch_width128_35                                         266     661.428      99.496      760.924 
          out_sw_1_1         switch_width128_33                                         266     661.428      99.496      760.924 
          out_sw_1_2         switch_width128_34                                         266     661.428      99.496      760.924 
          out_sw_1_0         switch_width128_32                                         266     661.428      99.496      760.924 
          out_sw_2_7         switch_width128_24                                         266     661.428      99.496      760.924 
          out_sw_2_6         switch_width128_46                                         266     661.428      99.496      760.924 
          out_sw_2_5         switch_width128_45                                         266     661.428      99.496      760.924 
          out_sw_2_4         switch_width128_44                                         266     661.428      99.496      760.924 
          out_sw_2_3         switch_width128_43                                         266     661.428      99.496      760.924 
          out_sw_2_2         switch_width128_42                                         266     661.428      99.496      760.924 
          out_sw_2_1         switch_width128_41                                         266     661.428      99.496      760.924 
          out_sw_2_0         switch_width128_40                                         266     661.428      99.496      760.924 
          in_sw_1_6          switch_width133_38                                         258     629.280      93.205      722.485 
          in_sw_1_4          switch_width133_36                                         258     629.280      93.205      722.485 
          out_sw_0_7         switch_width128_31                                         258     629.280      93.205      722.485 
          out_sw_0_3         switch_width128_27                                         258     629.280      93.205      722.485 
          out_sw_0_5         switch_width128_29                                         258     629.280      93.205      722.485 
          out_sw_0_1         switch_width128_25                                         258     629.280      93.205      722.485 
          out_sw_0_6         switch_width128_30                                         258     629.280      93.205      722.485 
          out_sw_0_2         switch_width128_26                                         258     629.280      93.205      722.485 
          out_sw_0_4         switch_width128_28                                         258     629.280      93.205      722.485 
          out_sw_0_0         switch_width128                                            258     629.280      93.205      722.485 
          in_sw_0_6          switch_width133_31                                         258     629.280      93.205      722.485 
          in_sw_0_2          switch_width133_27                                         258     629.280      93.205      722.485 
          in_sw_1_2          switch_width133_34                                         258     629.280      93.205      722.485 
          in_sw_0_4          switch_width133_29                                         258     629.280      93.205      722.485 
          in_sw_0_0          switch_width133                                            258     629.280      93.205      722.485 
          in_sw_1_0          switch_width133_47                                         258     629.280      93.205      722.485 
          in_sw_1_3          switch_width133_35                                         258     629.280      93.205      722.485 
          in_sw_1_1          switch_width133_33                                         258     629.280      93.205      722.485 
          in_sw_0_7          switch_width133_30                                         258     629.280      93.205      722.485 
          in_sw_0_3          switch_width133_26                                         258     629.280      93.205      722.485 
          in_sw_1_7          switch_width133_39                                         258     629.280      93.205      722.485 
          in_sw_0_5          switch_width133_28                                         258     629.280      93.205      722.485 
          in_sw_0_1          switch_width133_24                                         258     629.280      93.205      722.485 
          in_sw_1_5          switch_width133_37                                         258     629.280      93.205      722.485 
      codeBlockIsnt87714     codeBlock83359                                           71763  244127.124   78431.806   322558.930 
        m84222               multfix_WIDTH64_CYCLES6_56                                2187    8704.926    2696.040    11400.966 
        m84215               multfix_WIDTH64_CYCLES6_62                                2187    8704.926    2696.040    11400.966 
        m84074               multfix_WIDTH64_CYCLES6_61                                2187    8704.926    2696.040    11400.966 
        m84067               multfix_WIDTH64_CYCLES6_60                                2187    8704.926    2696.040    11400.966 
        m83483               multfix_WIDTH64_CYCLES6_63                                2176    8712.792    2687.164    11399.956 
        m83490               multfix_WIDTH64_CYCLES6_57                                2182    8700.822    2692.334    11393.156 
        m83638               multfix_WIDTH64_CYCLES6_59                                2181    8700.480    2691.593    11392.073 
        m83631               multfix_WIDTH64_CYCLES6_58                                2181    8700.480    2691.593    11392.073 
        sub83476             subfxp_width64_cycles1_17                                  434    1197.342     350.867     1548.209 
        sub83624             subfxp_width64_cycles1_21                                  396    1198.368     316.391     1514.759 
        sub84193             subfxp_width64_cycles1_28                                  423    1171.008     342.030     1513.038 
        sub84208             subfxp_width64_cycles1_29                                  423    1171.008     342.030     1513.038 
        sub84060             subfxp_width64_cycles1_25                                  423    1171.008     342.030     1513.038 
        sub84045             subfxp_width64_cycles1_24                                  423    1171.008     342.030     1513.038 
        sub83609             subfxp_width64_cycles1_20                                  415    1142.622     340.110     1482.732 
        sub83917             subfxp_width64_cycles1_61                                  429    1088.244     347.522     1435.766 
        sub83880             subfxp_width64_cycles1_59                                  429    1088.244     347.522     1435.766 
        sub83873             subfxp_width64_cycles1_58                                  429    1088.244     347.522     1435.766 
        sub84501             subfxp_width64_cycles1_65                                  400    1101.924     317.930     1419.854 
        sub84494             subfxp_width64_cycles1_64                                  400    1101.924     317.930     1419.854 
        sub84464             subfxp_width64_cycles1_63                                  400    1101.924     317.930     1419.854 
        sub84457             subfxp_width64_cycles1_62                                  400    1101.924     317.930     1419.854 
        sub83910             subfxp_width64_cycles1_60                                  398    1093.374     317.854     1411.228 
        sub83985             subfxp_width64_cycles1_22                                  420    1059.174     339.806     1398.980 
        sub84133             subfxp_width64_cycles1_26                                  420    1059.174     339.806     1398.980 
        sub84000             subfxp_width64_cycles1_23                                  388    1080.378     309.777     1390.155 
        sub83645             subfxp_width64_cycles1_51                                  404    1058.490     324.373     1382.863 
        sub83549             subfxp_width64_cycles1_18                                  418    1040.022     342.334     1382.356 
        sub83564             subfxp_width64_cycles1_19                                  418    1040.022     342.334     1382.356 
        sub83701             subfxp_width64_cycles1_32                                  418    1040.022     342.334     1382.356 
        sub83708             subfxp_width64_cycles1_33                                  418    1040.022     342.334     1382.356 
        sub83416             subfxp_width64_cycles1_15                                  418    1038.996     342.334     1381.330 
        sub83401             subfxp_width64_cycles1_14                                  418    1038.996     342.334     1381.330 
        sub84264             subfxp_width64_cycles1_37                                  416    1030.446     340.490     1370.936 
        sub84394             subfxp_width64_cycles1_40                                  416    1030.446     340.490     1370.936 
        sub84350             subfxp_width64_cycles1_48                                  416    1030.446     340.490     1370.936 
        sub84320             subfxp_width64_cycles1_47                                  416    1030.446     340.490     1370.936 
        sub84401             subfxp_width64_cycles1_41                                  416    1028.052     340.490     1368.542 
        add83924             addfxp_width64_cycles1_61                                  383    1048.572     307.097     1355.669 
        add83903             addfxp_width64_cycles1_60                                  382    1048.572     306.736     1355.308 
        add83866             addfxp_width64_cycles1_59                                  382    1048.572     306.736     1355.308 
        add83859             addfxp_width64_cycles1_58                                  382    1048.572     306.736     1355.308 
        add83446             addfxp_width64_cycles1_17                                  380    1039.680     304.873     1344.553 
        sub84229             subfxp_width64_cycles1_53                                  425     967.860     365.293     1333.153 
        sub84292             subfxp_width64_cycles1_39                                  425     967.860     365.293     1333.153 
        add83594             addfxp_width64_cycles1_21                                  373    1032.840     299.343     1332.183 
        sub84088             subfxp_width64_cycles1_52                                  425     966.150     365.293     1331.443 
        sub84285             subfxp_width64_cycles1_38                                  425     965.124     365.293     1330.417 
        sub83673             subfxp_width64_cycles1_30                                  424     965.466     364.552     1330.018 
        add84508             addfxp_width64_cycles1_65                                  367    1035.234     294.591     1329.825 
        add84487             addfxp_width64_cycles1_64                                  367    1035.234     294.591     1329.825 
        add84450             addfxp_width64_cycles1_63                                  367    1035.234     294.591     1329.825 
        add84443             addfxp_width64_cycles1_62                                  367    1035.234     294.591     1329.825 
        sub83680             subfxp_width64_cycles1_31                                  424     964.440     364.552     1328.992 
        sub84257             subfxp_width64_cycles1_36                                  424     963.414     364.552     1327.966 
        sub83461             subfxp_width64_cycles1_16                                  426     959.310     368.581     1327.891 
        sub83817             subfxp_width64_cycles1_35                                  424     962.730     364.552     1327.282 
        sub83810             subfxp_width64_cycles1_34                                  424     962.730     364.552     1327.282 
        sub83773             subfxp_width64_cycles1_45                                  424     962.730     364.552     1327.282 
        sub83766             subfxp_width64_cycles1_44                                  424     962.730     364.552     1327.282 
        sub83736             subfxp_width64_cycles1_43                                  424     962.730     364.552     1327.282 
        sub83729             subfxp_width64_cycles1_42                                  424     962.730     364.552     1327.282 
        sub84429             subfxp_width64_cycles1_57                                  424     962.388     364.552     1326.940 
        sub84422             subfxp_width64_cycles1_56                                  424     962.388     364.552     1326.940 
        sub84357             subfxp_width64_cycles1_49                                  424     962.388     364.552     1326.940 
        sub84313             subfxp_width64_cycles1_46                                  424     962.388     364.552     1326.940 
        sub83845             subfxp_width64_cycles1_55                                  426     957.600     368.581     1326.181 
        sub83504             subfxp_width64_cycles1_50                                  426     957.600     368.581     1326.181 
        sub83838             subfxp_width64_cycles1_54                                  426     957.600     368.581     1326.181 
        sub84148             subfxp_width64_cycles1_27                                  426     957.600     368.581     1326.181 
        add83652             addfxp_width64_cycles1_51                                  380    1022.922     301.965     1324.887 
        add84103             addfxp_width64_cycles1_26                                  368    1028.736     294.952     1323.688 
        add83970             addfxp_width64_cycles1_23                                  368    1028.052     294.952     1323.004 
        add84163             addfxp_width64_cycles1_28                                  368    1027.368     294.952     1322.320 
        add84015             addfxp_width64_cycles1_24                                  368    1027.368     294.952     1322.320 
        add84178             addfxp_width64_cycles1_29                                  368    1027.368     294.952     1322.320 
        add84030             addfxp_width64_cycles1_25                                  368    1027.368     294.952     1322.320 
        add83955             addfxp_width64_cycles1_22                                  368    1027.026     294.952     1321.978 
        add84236             addfxp_width64_cycles1_53                                  419     939.816     360.465     1300.281 
        add84271             addfxp_width64_cycles1_38                                  419     938.448     360.465     1298.913 
        add84081             addfxp_width64_cycles1_52                                  419     938.106     360.465     1298.571 
        add83759             addfxp_width64_cycles1_44                                  419     937.080     360.465     1297.545 
        add83722             addfxp_width64_cycles1_43                                  419     937.080     360.465     1297.545 
        add84278             addfxp_width64_cycles1_39                                  419     935.712     360.465     1296.177 
        add83497             addfxp_width64_cycles1_50                                  413     925.794     356.740     1282.534 
        add83852             addfxp_width64_cycles1_55                                  413     925.794     356.740     1282.534 
        add83831             addfxp_width64_cycles1_54                                  413     925.794     356.740     1282.534 
        add84118             addfxp_width64_cycles1_27                                  405     926.820     350.126     1276.946 
        add83579             addfxp_width64_cycles1_20                                  369     965.124     302.574     1267.698 
        add83694             addfxp_width64_cycles1_33                                  362     963.072     296.701     1259.773 
        add83534             addfxp_width64_cycles1_19                                  362     963.072     296.701     1259.773 
        add83687             addfxp_width64_cycles1_32                                  362     963.072     296.701     1259.773 
        add83519             addfxp_width64_cycles1_18                                  362     963.072     296.701     1259.773 
        add83386             addfxp_width64_cycles1_15                                  362     962.046     296.701     1258.747 
        add83371             addfxp_width64_cycles1_14                                  362     962.046     296.701     1258.747 
        add84387             addfxp_width64_cycles1_40                                  359     960.336     295.218     1255.554 
        add84250             addfxp_width64_cycles1_37                                  358     958.626     294.477     1253.103 
        add84408             addfxp_width64_cycles1_41                                  358     958.626     294.477     1253.103 
        add84364             addfxp_width64_cycles1_49                                  358     958.626     294.477     1253.103 
        add84306             addfxp_width64_cycles1_47                                  358     958.626     294.477     1253.103 
        add83431             addfxp_width64_cycles1_16                                  381     918.954     324.107     1243.061 
        add83666             addfxp_width64_cycles1_31                                  369     913.140     314.528     1227.668 
        add84243             addfxp_width64_cycles1_36                                  369     912.798     314.528     1227.326 
        add83659             addfxp_width64_cycles1_30                                  369     912.114     314.528     1226.642 
        add84436             addfxp_width64_cycles1_57                                  369     911.772     314.528     1226.300 
        add84415             addfxp_width64_cycles1_56                                  369     911.772     314.528     1226.300 
        add84343             addfxp_width64_cycles1_48                                  369     911.772     314.528     1226.300 
        add84299             addfxp_width64_cycles1_46                                  369     911.772     314.528     1226.300 
        add83824             addfxp_width64_cycles1_35                                  369     910.404     314.528     1224.932 
        add83803             addfxp_width64_cycles1_34                                  369     910.404     314.528     1224.932 
        add83780             addfxp_width64_cycles1_45                                  369     910.404     314.528     1224.932 
        add83715             addfxp_width64_cycles1_42                                  369     910.404     314.528     1224.932 
        shiftFIFO_87722      shiftRegFIFO_depth10_width1                                 10      54.720       6.671       61.391 
  stage0                     rc80785                                                 256237 1049908.536  291938.465  1341847.001 
    instPerm87692            perm80783                                               256237 1049908.536  291938.465  1341847.001 
      memSys                 memArray512_80783_numBanks16_logBanks4_depth32_log      230794  950872.860  217467.666  1168340.526 
        memMod15             memMod_dist_depth64_width128_logDepth6_15                14644   60093.504   13743.413    73836.917 
        memMod4              memMod_dist_depth64_width128_logDepth6_4                 14640   60078.798   13738.642    73817.440 
        memMod14             memMod_dist_depth64_width128_logDepth6_14                14629   60049.728   13730.489    73780.217 
        memMod5              memMod_dist_depth64_width128_logDepth6_5                 14623   60021.342   13727.847    73749.189 
        memMod6              memMod_dist_depth64_width128_logDepth6_6                 14352   59229.270   13525.168    72754.438 
        memMod7              memMod_dist_depth64_width128_logDepth6_7                 14357   59226.192   13526.347    72752.539 
        memMod13             memMod_dist_depth64_width128_logDepth6_13                14357   59226.192   13526.347    72752.539 
        memMod12             memMod_dist_depth64_width128_logDepth6_12                14355   59224.140   13527.392    72751.532 
        memMod1              memMod_dist_depth64_width128_logDepth6_1                 14356   59222.772   13525.605    72748.377 
        memMod11             memMod_dist_depth64_width128_logDepth6_11                14356   59222.772   13525.605    72748.377 
        memMod2              memMod_dist_depth64_width128_logDepth6_2                 14347   59203.620   13521.462    72725.082 
        memMod9              memMod_dist_depth64_width128_logDepth6_9                 14348   59202.936   13519.675    72722.611 
        memMod8              memMod_dist_depth64_width128_logDepth6_8                 14345   59198.832   13519.980    72718.812 
        memMod10             memMod_dist_depth64_width128_logDepth6_10                14347   59198.832   13518.934    72717.766 
        memMod3              memMod_dist_depth64_width128_logDepth6_3                 14346   59196.780   13518.193    72714.973 
        memMod0              memMod_dist_depth64_width128_logDepth6_31                14346   59194.728   13518.193    72712.921 
      in_sw_2_5              switch_width133_21                                         279    1768.140     109.132     1877.272 
      in_sw_2_7              switch_width133_23                                         278    1767.456     108.029     1875.485 
      in_sw_2_2              switch_width133_18                                         278    1767.456     108.029     1875.485 
      in_sw_2_6              switch_width133_22                                         269    1734.966     101.719     1836.685 
      in_sw_2_4              switch_width133_20                                         269    1734.966     101.719     1836.685 
      in_sw_2_0              switch_width133_16                                         269    1734.966     101.719     1836.685 
      in_sw_2_3              switch_width133_19                                         269    1734.966     101.719     1836.685 
      in_sw_2_1              switch_width133_17                                         269    1734.966     101.719     1836.685 
      in_sw_1_5              switch_width133_13                                         272     640.224      98.526      738.750 
      in_sw_1_4              switch_width133_12                                         272     640.224      98.526      738.750 
      in_sw_0_7              switch_width133_7                                          272     640.224      98.526      738.750 
      in_sw_0_5              switch_width133_5                                          272     640.224      98.526      738.750 
      in_sw_1_7              switch_width133_15                                         272     640.224      98.526      738.750 
      in_sw_0_6              switch_width133_6                                          272     640.224      98.526      738.750 
      in_sw_0_4              switch_width133_4                                          272     640.224      98.526      738.750 
      in_sw_1_6              switch_width133_14                                         272     640.224      98.526      738.750 
      in_sw_1_3              switch_width133_11                                         272     640.224      98.526      738.750 
      in_sw_1_2              switch_width133_10                                         272     640.224      98.526      738.750 
      out_sw_1_7             switch_width128_15                                         272     640.224      98.526      738.750 
      out_sw_1_6             switch_width128_14                                         272     640.224      98.526      738.750 
      out_sw_0_7             switch_width128_7                                          272     640.224      98.526      738.750 
      out_sw_0_5             switch_width128_5                                          272     640.224      98.526      738.750 
      out_sw_1_5             switch_width128_13                                         272     640.224      98.526      738.750 
      out_sw_0_6             switch_width128_6                                          272     640.224      98.526      738.750 
      out_sw_0_4             switch_width128_4                                          272     640.224      98.526      738.750 
      out_sw_1_4             switch_width128_12                                         272     640.224      98.526      738.750 
      out_sw_1_3             switch_width128_11                                         272     640.224      98.526      738.750 
      out_sw_1_2             switch_width128_10                                         272     640.224      98.526      738.750 
      out_sw_0_3             switch_width128_3                                          272     640.224      98.526      738.750 
      out_sw_0_1             switch_width128_1                                          272     640.224      98.526      738.750 
      out_sw_1_1             switch_width128_9                                          272     640.224      98.526      738.750 
      out_sw_0_2             switch_width128_2                                          272     640.224      98.526      738.750 
      out_sw_0_0             switch_width128_47                                         272     640.224      98.526      738.750 
      out_sw_1_0             switch_width128_8                                          272     640.224      98.526      738.750 
      in_sw_0_3              switch_width133_3                                          272     640.224      98.526      738.750 
      in_sw_0_1              switch_width133_1                                          272     640.224      98.526      738.750 
      in_sw_1_1              switch_width133_9                                          272     640.224      98.526      738.750 
      in_sw_0_2              switch_width133_2                                          272     640.224      98.526      738.750 
      in_sw_0_0              switch_width133_25                                         272     640.224      98.526      738.750 
      in_sw_1_0              switch_width133_8                                          272     640.224      98.526      738.750 
      out_sw_2_7             switch_width128_23                                         259     627.570      94.307      721.877 
      out_sw_2_2             switch_width128_18                                         259     627.570      94.307      721.877 
      out_sw_2_1             switch_width128_17                                         259     627.570      94.307      721.877 
      out_sw_2_0             switch_width128_16                                         259     627.570      94.307      721.877 
      out_sw_2_6             switch_width128_22                                         259     626.886      94.307      721.193 
      out_sw_2_5             switch_width128_21                                         259     626.886      94.307      721.193 
      out_sw_2_4             switch_width128_20                                         259     626.886      94.307      721.193 
      out_sw_2_3             switch_width128_19                                         259     626.886      94.307      721.193 
      nextReg_87697          nextReg_depth29_logDepth5                                   31      87.210      30.238      117.448 
      shiftFIFO_87700        shiftRegFIFO_depth6_width1                                   6      32.832       3.706       36.538 
