============================================================
  Generated by:           Genus(TM) Synthesis Solution 18.14-s037_1
  Generated on:           Feb 28 2023  09:17:46 am
  Module:                 dft_top
  Operating conditions:   PVT_0P9V_125C 
  Interconnect mode:      global
  Area mode:              physical library
============================================================

        Instance                               Module                        Cell Count   Cell Area   Net Area    Total Area 
-----------------------------------------------------------------------------------------------------------------------------
dft_top                                                                         1326074 4924926.540 1628916.362  6553842.902 
  stage5                 rc22728                                                 248271  998260.722  282615.607  1280876.329 
    instPerm27713        perm22726                                               248271  998260.722  282615.607  1280876.329 
      memSys             memArray512_22726_numBanks8_logBanks3_depth64_logD      235682  952221.366  265896.043  1218117.409 
        memMod3          memMod_depth128_width128_logDepth7_11                    29696  120147.678   33750.744   153898.422 
        memMod2          memMod_depth128_width128_logDepth7_10                    29590  120156.228   33672.896   153829.124 
        memMod7          memMod_depth128_width128_logDepth7_15                    29108  119683.242   33315.623   152998.865 
        memMod1          memMod_depth128_width128_logDepth7_9                     30001  118901.088   33977.180   152878.268 
        memMod4          memMod_depth128_width128_logDepth7_12                    29017  119185.974   33248.894   152434.868 
        memMod6          memMod_depth128_width128_logDepth7_14                    29328  118120.986   33479.055   151600.041 
        memMod5          memMod_depth128_width128_logDepth7_13                    29612  117727.686   33688.480   151416.166 
        memMod0          memMod_depth128_width128_logDepth7_8                     29328  118294.038   30751.940   149045.978 
      in_sw_2_0          switch_width134_20                                         265    1182.636      98.393     1281.029 
      in_sw_2_2          switch_width134_22                                         266     662.112      99.496      761.608 
      out_sw_0_3         switch_width128_27                                         266     661.428      99.496      760.924 
      out_sw_0_1         switch_width128_25                                         266     661.428      99.496      760.924 
      out_sw_0_2         switch_width128_26                                         266     661.428      99.496      760.924 
      out_sw_0_0         switch_width128_24                                         266     661.428      99.496      760.924 
      in_sw_1_3          switch_width134_19                                         266     661.428      99.496      760.924 
      in_sw_1_2          switch_width134_18                                         266     661.428      99.496      760.924 
      in_sw_1_1          switch_width134_17                                         266     661.428      99.496      760.924 
      in_sw_1_0          switch_width134_16                                         266     661.428      99.496      760.924 
      in_sw_2_1          switch_width134_21                                         262     646.038      95.448      741.486 
      out_sw_1_3         switch_width128_31                                         258     629.280      93.205      722.485 
      out_sw_1_2         switch_width128_30                                         258     629.280      93.205      722.485 
      out_sw_1_1         switch_width128_29                                         258     629.280      93.205      722.485 
      out_sw_1_0         switch_width128_28                                         258     629.280      93.205      722.485 
      in_sw_0_3          switch_width134_15                                         258     629.280      93.205      722.485 
      in_sw_0_1          switch_width134_13                                         258     629.280      93.205      722.485 
      in_sw_0_2          switch_width134_14                                         258     629.280      93.205      722.485 
      in_sw_0_0          switch_width134_12                                         258     629.280      93.205      722.485 
      out_sw_2_3         switch_width128_35                                         258     629.280      93.205      722.485 
      out_sw_2_2         switch_width128_34                                         258     629.280      93.205      722.485 
      out_sw_2_1         switch_width128_33                                         258     629.280      93.205      722.485 
      out_sw_2_0         switch_width128_32                                         258     629.280      93.205      722.485 
      in_sw_2_3          switch_width134_23                                         259     627.228      92.502      719.730 
      nextReg_27718      nextReg_depth57_logDepth6_1                                 33      98.154      33.184      131.338 
      shiftFIFO_27721    shiftRegFIFO_depth6_width1_2                                 6      32.832       3.706       36.538 
  stage0                 rc20740                                                 246322  997281.234  281169.507  1278450.741 
    instPerm27675        perm20738                                               246322  997281.234  281169.507  1278450.741 
      memSys             memArray512_20738_numBanks8_logBanks3_depth64_logD      233515  950552.064  261758.768  1212310.832 
        memMod2          memMod_depth128_width128_logDepth7_2                     29787  119020.788   33774.140   152794.928 
        memMod1          memMod_depth128_width128_logDepth7_1                     29191  118989.324   33332.006   152321.330 
        memMod4          memMod_depth128_width128_logDepth7_4                     28818  119004.372   33102.833   152107.205 
        memMod6          memMod_depth128_width128_logDepth7_6                     28805  118975.986   33093.197   152069.183 
        memMod7          memMod_depth128_width128_logDepth7_7                     28807  118971.882   33094.680   152066.562 
        memMod5          memMod_depth128_width128_logDepth7_5                     28801  118969.830   33090.232   152060.062 
        memMod0          memMod_depth128_width128_logDepth7                       29801  118325.502   31149.486   149474.988 
        memMod3          memMod_depth128_width128_logDepth7_3                     29504  118293.012   31114.591   149407.603 
      in_sw_2_0          switch_width134_8                                          265    1096.110      98.755     1194.865 
      in_sw_2_1          switch_width134_9                                          260    1071.144      86.743     1157.887 
      out_sw_2_2         switch_width128_10                                         273     691.182     104.323      795.505 
      out_sw_2_0         switch_width128_8                                          273     691.182     104.323      795.505 
      out_sw_2_3         switch_width128_11                                         272     690.840     103.943      794.783 
      out_sw_1_3         switch_width128_7                                          273     669.294     104.684      773.978 
      out_sw_1_2         switch_width128_6                                          273     669.294     104.684      773.978 
      out_sw_1_1         switch_width128_5                                          273     669.294     104.684      773.978 
      out_sw_1_0         switch_width128_4                                          273     669.294     104.684      773.978 
      out_sw_2_1         switch_width128_9                                          264     655.272      87.902      743.174 
      in_sw_1_1          switch_width134_5                                          272     640.224      98.526      738.750 
      in_sw_1_0          switch_width134_35                                         272     640.224      98.526      738.750 
      in_sw_0_3          switch_width134_27                                         272     640.224      98.526      738.750 
      in_sw_0_1          switch_width134_25                                         272     640.224      98.526      738.750 
      in_sw_1_3          switch_width134_7                                          272     640.224      98.526      738.750 
      in_sw_0_2          switch_width134_26                                         272     640.224      98.526      738.750 
      in_sw_0_0          switch_width134                                            272     640.224      98.526      738.750 
      out_sw_0_3         switch_width128_3                                          272     640.224      98.526      738.750 
      out_sw_0_1         switch_width128_1                                          272     640.224      98.526      738.750 
      out_sw_0_2         switch_width128_2                                          272     640.224      98.526      738.750 
      out_sw_0_0         switch_width128                                            272     640.224      98.526      738.750 
      in_sw_1_2          switch_width134_6                                          270     636.804      86.211      723.015 
      in_sw_2_3          switch_width134_11                                         258     625.860      93.205      719.065 
      in_sw_2_2          switch_width134_10                                         258     625.860      93.205      719.065 
      nextReg_27680      nextReg_depth57_logDepth6                                   33      98.154      33.184      131.338 
      shiftFIFO_27683    shiftRegFIFO_depth6_width1                                   6      32.832       3.706       36.538 
  stage8                 rc25020                                                 243951  998953.272  279413.859  1278367.131 
    instPerm27738        perm25018                                               243951  998953.272  279413.859  1278367.131 
      memSys             memArray512_25018_numBanks8_logBanks3_depth64_logD      231184  953374.590  265202.082  1218576.672 
        memMod5          memMod_depth128_width128_logDepth7_21                    29558  120112.452   33649.177   153761.629 
        memMod6          memMod_depth128_width128_logDepth7_22                    29152  119785.500   33350.043   153135.543 
        memMod4          memMod_depth128_width128_logDepth7_20                    29527  119016.342   33625.837   152642.179 
        memMod1          memMod_depth128_width128_logDepth7_17                    28494  119385.702   32814.647   152200.349 
        memMod2          memMod_depth128_width128_logDepth7_18                    28820  119006.424   33103.232   152109.656 
        memMod3          memMod_depth128_width128_logDepth7_19                    28813  119004.372   33098.044   152102.416 
        memMod0          memMod_depth128_width128_logDepth7_16                    28144  118855.602   32554.856   151410.458 
        memMod7          memMod_depth128_width128_logDepth7_23                    28675  118206.828   32996.476   151203.304 
      in_sw_2_2          switch_width134_34                                         273     689.814     104.684      794.498 
      out_sw_1_3         switch_width128_43                                         273     669.294     104.684      773.978 
      out_sw_1_2         switch_width128_42                                         273     669.294     104.684      773.978 
      out_sw_1_1         switch_width128_41                                         273     669.294     104.684      773.978 
      out_sw_1_0         switch_width128_40                                         273     669.294     104.684      773.978 
      in_sw_1_3          switch_width134_31                                         272     640.224      98.526      738.750 
      in_sw_1_2          switch_width134_30                                         272     640.224      98.526      738.750 
      in_sw_0_3          switch_width134_3                                          272     640.224      98.526      738.750 
      in_sw_0_1          switch_width134_1                                          272     640.224      98.526      738.750 
      in_sw_1_1          switch_width134_29                                         272     640.224      98.526      738.750 
      in_sw_0_2          switch_width134_2                                          272     640.224      98.526      738.750 
      in_sw_0_0          switch_width134_24                                         272     640.224      98.526      738.750 
      in_sw_1_0          switch_width134_28                                         272     640.224      98.526      738.750 
      out_sw_0_3         switch_width128_39                                         272     640.224      98.526      738.750 
      out_sw_0_1         switch_width128_37                                         272     640.224      98.526      738.750 
      out_sw_0_2         switch_width128_38                                         272     640.224      98.526      738.750 
      out_sw_0_0         switch_width128_36                                         272     640.224      98.526      738.750 
      in_sw_2_3          switch_width134_4                                          258     629.280      93.205      722.485 
      in_sw_2_0          switch_width134_32                                         258     629.280      93.205      722.485 
      out_sw_2_3         switch_width128_47                                         259     626.886      94.307      721.193 
      out_sw_2_2         switch_width128_46                                         259     626.886      94.307      721.193 
      out_sw_2_1         switch_width128_45                                         259     626.886      94.307      721.193 
      out_sw_2_0         switch_width128_44                                         259     626.886      94.307      721.193 
      in_sw_2_1          switch_width134_33                                         258     625.860      93.205      719.065 
      nextReg_27743      nextReg_depth57_logDepth6_2                                 33      98.154      33.184      131.338 
      shiftFIFO_27746    shiftRegFIFO_depth6_width1_3                                 6      32.832       3.706       36.538 
  stage6                 DirSum_24428                                            224997  724745.538  314062.272  1038807.810 
    codeBlockIsnt27731   codeBlock22730                                          224977  724677.822  314042.715  1038720.537 
      m22989             multfix_WIDTH64_CYCLES6_44                                7961   24440.346   10072.924    34513.270 
      m23200             multfix_WIDTH64_CYCLES6_55                                7527   23725.224    9844.606    33569.830 
      m23040             multfix_WIDTH64_CYCLES6_47                                7666   23813.802    9749.177    33562.979 
      m23171             multfix_WIDTH64_CYCLES6_53                                7514   23728.986    9827.387    33556.373 
      m23269             multfix_WIDTH64_CYCLES6_58                                7501   23668.794    9758.186    33426.980 
      m23229             multfix_WIDTH64_CYCLES6_56                                7491   23638.356    9749.653    33388.009 
      m23029             multfix_WIDTH64_CYCLES6_46                                7436   23519.682    9687.237    33206.919 
      m23189             multfix_WIDTH64_CYCLES6_54                                7321   23043.276    9673.078    32716.354 
      m23011             multfix_WIDTH64_CYCLES6_45                                7321   23209.488    9496.190    32705.678 
      m22851             multfix_WIDTH64_CYCLES6_63                                7255   22873.986    9611.176    32485.162 
      m23149             multfix_WIDTH64_CYCLES6_52                                7201   22827.474    9573.658    32401.132 
      m23251             multfix_WIDTH64_CYCLES6_57                                7168   22743.342    9560.069    32303.411 
      m23331             multfix_WIDTH64_CYCLES6_61                                7174   22715.640    9551.535    32267.175 
      m23309             multfix_WIDTH64_CYCLES6_60                                7131   22729.662    9518.883    32248.545 
      m23349             multfix_WIDTH64_CYCLES6_62                                7133   22687.596    9508.449    32196.045 
      m23280             multfix_WIDTH64_CYCLES6_59                                7113   22664.682    9521.107    32185.789 
      m23360             multfix_WIDTH64_CYCLES6_37                                7103   22566.870    9473.991    32040.861 
      m22869             multfix_WIDTH64_CYCLES6_38                                7075   22430.754    9418.931    31849.685 
      m23120             multfix_WIDTH64_CYCLES6_5                                 7070   22435.884    9393.140    31829.024 
      m23091             multfix_WIDTH64_CYCLES6_49                                7064   22442.382    9231.952    31674.334 
      m22931             multfix_WIDTH64_CYCLES6_42                                7055   22384.926    9032.561    31417.487 
      m22949             multfix_WIDTH64_CYCLES6_41                                7058   22371.246    9036.590    31407.836 
      m23069             multfix_WIDTH64_CYCLES6_48                                6979   22032.324    9328.691    31361.015 
      m22909             multfix_WIDTH64_CYCLES6_43                                6970   22307.634    8967.086    31274.720 
      m22960             multfix_WIDTH64_CYCLES6_40                                6979   22299.084    8971.229    31270.313 
      m23109             multfix_WIDTH64_CYCLES6_50                                6899   21931.776    9206.560    31138.336 
      m22880             multfix_WIDTH64_CYCLES6_39                                6662   21356.874    8869.262    30226.136 
      m22829             multfix_WIDTH64_CYCLES6_36                                6603   21188.610    8818.308    30006.918 
      instD12inst0_23436 D12_23436                                                  781    1900.494     890.862     2791.356 
      instD9inst0_23832  D9_23832                                                   759    1875.186     871.362     2746.548 
      instD14inst0_23634 D14_23634                                                  755    1875.186     867.637     2742.823 
      instD18inst0_24162 D18_24162                                                  752    1857.744     863.247     2720.991 
      instD10inst0_23700 D10_23700                                                  689    1787.634     803.169     2590.803 
      instD20inst0_24426 D20_24426                                                  683    1776.006     798.741     2574.747 
      instD8inst0_23964  D8_23964                                                   661    1776.006     772.304     2548.310 
      instD11inst0_23568 D11_23568                                                  654    1755.828     772.912     2528.740 
      instD19inst0_24294 D19_24294                                                  656    1744.542     779.469     2524.011 
      instD15inst0_23766 D15_23766                                                  652    1743.516     773.254     2516.770 
      instD7inst0_24096  D7_24096                                                   648    1727.784     769.206     2496.990 
      instD16inst0_23898 D16_23898                                                  639    1730.862     750.238     2481.100 
      instD6inst0_24228  D6_24228                                                   614    1631.682     725.644     2357.326 
      instD17inst0_24030 D17_24030                                                  448    1385.442     480.507     1865.949 
      sub23258           subfxp_width64_cycles1_64                                  417    1038.312     341.954     1380.266 
      sub23178           subfxp_width64_cycles1_63                                  415    1030.788     340.471     1371.259 
      sub23338           subfxp_width64_cycles1_65                                  415    1030.446     340.471     1370.917 
      sub22858           subfxp_width64_cycles1_59                                  413    1027.368     338.628     1365.996 
      sub22938           subfxp_width64_cycles1_60                                  415    1024.632     340.110     1364.742 
      sub23018           subfxp_width64_cycles1_61                                  412    1026.000     337.886     1363.886 
      sub23098           subfxp_width64_cycles1_62                                  413    1020.528     338.267     1358.795 
      add22887           addfxp_width64_cycles1_59                                  360     962.388     295.218     1257.606 
      add23287           addfxp_width64_cycles1_64                                  360     959.994     295.218     1255.212 
      add23047           addfxp_width64_cycles1_61                                  362     954.522     297.043     1251.565 
      add22967           addfxp_width64_cycles1_60                                  362     954.180     297.043     1251.223 
      add23127           addfxp_width64_cycles1_62                                  364     950.760     298.867     1249.627 
      add23207           addfxp_width64_cycles1_63                                  358     955.206     293.736     1248.942 
      add23367           addfxp_width64_cycles1_65                                  358     954.864     293.736     1248.600 
      shiftFIFO_27734    shiftRegFIFO_depth11_width1_1                               11      60.192       7.412       67.604 
  stage3                 DirSum_22136                                            211946  678056.382  294747.457   972803.839 
    codeBlockIsnt27706   codeBlock21334                                          211938  678028.338  294739.341   972767.679 
      m21473             multfix_WIDTH64_CYCLES6_6                                 7434   22989.924    9623.226    32613.150 
      m21775             multfix_WIDTH64_CYCLES6_21                                7227   22774.806    9375.294    32150.100 
      m21804             multfix_WIDTH64_CYCLES6_16                                7154   22512.492    9255.519    31768.011 
      m21673             multfix_WIDTH64_CYCLES6_23                                7118   22525.146    9227.371    31752.517 
      m21793             multfix_WIDTH64_CYCLES6_22                                7147   22314.132    9385.633    31699.765 
      m21913             multfix_WIDTH64_CYCLES6_28                                6965   22041.558    9007.758    31049.316 
      m21564             multfix_WIDTH64_CYCLES6_11                                6888   22041.216    8974.042    31015.258 
      m21455             multfix_WIDTH64_CYCLES6_51                                6938   22009.410    8915.162    30924.572 
      m21964             multfix_WIDTH64_CYCLES6_31                                6932   21958.452    8962.353    30920.805 
      m21513             multfix_WIDTH64_CYCLES6_8                                 6823   21815.838    8891.385    30707.223 
      m21753             multfix_WIDTH64_CYCLES6_20                                6824   21613.032    9080.266    30693.298 
      m21953             multfix_WIDTH64_CYCLES6_29                                6868   21837.384    8850.333    30687.717 
      m21935             multfix_WIDTH64_CYCLES6_30                                6856   21818.232    8822.660    30640.892 
      m21884             multfix_WIDTH64_CYCLES6_24                                7072   21468.024    9159.748    30627.772 
      m21855             multfix_WIDTH64_CYCLES6_25                                7072   21464.946    9160.470    30625.416 
      m21873             multfix_WIDTH64_CYCLES6_26                                7083   21469.392    9130.346    30599.738 
      m21833             multfix_WIDTH64_CYCLES6_27                                7085   21464.262    9131.829    30596.091 
      m21433             multfix_WIDTH64_CYCLES6_4                                 6727   21575.412    8983.906    30559.318 
      m21484             multfix_WIDTH64_CYCLES6_7                                 6781   21805.236    8737.894    30543.130 
      m21724             multfix_WIDTH64_CYCLES6_19                                6787   21551.472    8731.850    30283.322 
      m21713             multfix_WIDTH64_CYCLES6_17                                7091   21172.194    9102.065    30274.259 
      m21535             multfix_WIDTH64_CYCLES6_9                                 6960   21180.402    8944.165    30124.567 
      m21644             multfix_WIDTH64_CYCLES6_12                                7030   21142.782    8973.662    30116.444 
      m21593             multfix_WIDTH64_CYCLES6_15                                7025   21141.414    8971.761    30113.175 
      m21553             multfix_WIDTH64_CYCLES6_10                                6879   20897.910    8871.486    29769.396 
      m21695             multfix_WIDTH64_CYCLES6_18                                6814   20453.994    8692.717    29146.711 
      m21633             multfix_WIDTH64_CYCLES6_13                                6759   20373.966    8643.777    29017.743 
      m21615             multfix_WIDTH64_CYCLES6_14                                6732   20342.502    8624.125    28966.627 
      sub21702           subfxp_width64_cycles1_29                                  414    1029.762     339.369     1369.131 
      sub21622           subfxp_width64_cycles1_28                                  414    1029.762     339.369     1369.131 
      sub21942           subfxp_width64_cycles1_32                                  414    1029.762     339.369     1369.131 
      sub21542           subfxp_width64_cycles1_27                                  413    1027.368     338.628     1365.996 
      sub21782           subfxp_width64_cycles1_30                                  419     952.128     360.142     1312.270 
      sub21462           subfxp_width64_cycles1_26                                  419     951.102     360.142     1311.244 
      sub21862           subfxp_width64_cycles1_31                                  419     951.102     360.142     1311.244 
      add21491           addfxp_width64_cycles1_26                                  360     958.968     295.218     1254.186 
      add21651           addfxp_width64_cycles1_28                                  360     958.968     295.218     1254.186 
      add21891           addfxp_width64_cycles1_31                                  360     958.968     295.218     1254.186 
      add21811           addfxp_width64_cycles1_30                                  360     958.968     295.218     1254.186 
      add21731           addfxp_width64_cycles1_29                                  360     957.258     295.218     1252.476 
      add21971           addfxp_width64_cycles1_32                                  359     954.180     294.477     1248.657 
      add21571           addfxp_width64_cycles1_27                                  369     909.378     314.528     1223.906 
      instD26inst0_22134 D26_22134                                                  213     884.070     155.867     1039.937 
      instD27inst0_21984 D27_21984                                                  213     868.338     151.553     1019.891 
      instD38inst0_22014 D38_22014                                                  211     859.788     149.728     1009.516 
      instD28inst0_22124 D28_22124                                                  205     850.554     147.086      997.640 
      instD40inst0_21994 D40_21994                                                  199     847.818     141.556      989.374 
      instD34inst0_22054 D34_22054                                                  201     834.822     147.752      982.574 
      instD31inst0_22084 D31_22084                                                  202     831.060     147.048      978.108 
      instD30inst0_22094 D30_22094                                                  201     830.034     142.696      972.730 
      instD39inst0_22004 D39_22004                                                  195     812.592     137.184      949.776 
      instD35inst0_22044 D35_22044                                                  191     799.938     136.766      936.704 
      instD36inst0_22034 D36_22034                                                  191     783.864     137.526      921.390 
      instD32inst0_22074 D32_22074                                                  183     763.686     130.152      893.838 
      instD29inst0_22104 D29_22104                                                   54     226.404      36.548      262.952 
      instD37inst0_22024 D37_22024                                                   38     150.480      25.126      175.606 
      shiftFIFO_27709    shiftRegFIFO_depth11_width1                                 11      60.192       7.412       67.604 
  stage2                 rc21331                                                  41288  169415.514   46957.300   216372.814 
    instPerm27696        perm21329                                                41288  169415.514   46957.300   216372.814 
      memSys             memArray64_21329_numBanks8_logBanks3_depth8_logDep       28783  123523.902   27663.770   151187.672 
        memMod2          memMod_dist_depth16_width128_logDepth4_2                  3605   15491.916    3455.895    18947.811 
        memMod0          memMod_dist_depth16_width128_logDepth4                    3605   15491.916    3455.895    18947.811 
        memMod7          memMod_dist_depth16_width128_logDepth4_7                  3600   15451.902    3450.022    18901.924 
        memMod5          memMod_dist_depth16_width128_logDepth4_5                  3600   15451.902    3450.022    18901.924 
        memMod6          memMod_dist_depth16_width128_logDepth4_6                  3590   15410.862    3444.776    18855.638 
        memMod4          memMod_dist_depth16_width128_logDepth4_4                  3590   15410.862    3444.776    18855.638 
        memMod3          memMod_dist_depth16_width128_logDepth4_3                  3591   15396.498    3445.157    18841.655 
        memMod1          memMod_dist_depth16_width128_logDepth4_1                  3591   15396.498    3445.157    18841.655 
      in_sw_2_3          switch_width131_4                                          259     803.358      94.307      897.665 
      in_sw_2_2          switch_width131_10                                         259     803.358      94.307      897.665 
      in_sw_2_1          switch_width131_9                                          259     803.358      94.307      897.665 
      in_sw_2_0          switch_width131_8                                          259     803.358      94.307      897.665 
      in_sw_1_3          switch_width131_7                                          266     661.428      99.496      760.924 
      in_sw_1_2          switch_width131_6                                          266     661.428      99.496      760.924 
      in_sw_1_1          switch_width131_5                                          266     661.428      99.496      760.924 
      in_sw_1_0          switch_width131_11                                         266     661.428      99.496      760.924 
      out_sw_0_3         switch_width128_15                                         266     661.428      99.496      760.924 
      out_sw_0_1         switch_width128_13                                         266     661.428      99.496      760.924 
      out_sw_0_2         switch_width128_14                                         266     661.428      99.496      760.924 
      out_sw_0_0         switch_width128_12                                         266     661.428      99.496      760.924 
      in_sw_0_3          switch_width131_3                                          258     629.280      93.205      722.485 
      in_sw_0_1          switch_width131_1                                          258     629.280      93.205      722.485 
      in_sw_0_2          switch_width131_2                                          258     629.280      93.205      722.485 
      in_sw_0_0          switch_width131                                            258     629.280      93.205      722.485 
      out_sw_2_3         switch_width128_23                                         258     629.280      93.205      722.485 
      out_sw_1_3         switch_width128_19                                         258     629.280      93.205      722.485 
      out_sw_1_2         switch_width128_18                                         258     629.280      93.205      722.485 
      out_sw_2_2         switch_width128_22                                         258     629.280      93.205      722.485 
      out_sw_2_1         switch_width128_21                                         258     629.280      93.205      722.485 
      out_sw_1_1         switch_width128_17                                         258     629.280      93.205      722.485 
      out_sw_1_0         switch_width128_16                                         258     629.280      93.205      722.485 
      out_sw_2_0         switch_width128_20                                         258     629.280      93.205      722.485 
      shiftFIFO_27699    shiftRegFIFO_depth8_width1                                   8      43.776       5.189       48.965 
      shiftFIFO_27702    shiftRegFIFO_depth6_width1_1                                 6      32.832       3.706       36.538 
  stage1                 codeBlock20742                                           36865  119368.260   40796.431   160164.691 
    m21021               multfix_WIDTH64_CYCLES6_3                                 2191    8706.294    2699.005    11405.299 
    m21014               multfix_WIDTH64_CYCLES6_2                                 2191    8706.294    2699.005    11405.299 
    m20873               multfix_WIDTH64_CYCLES6_1                                 2191    8706.294    2699.005    11405.299 
    m20866               multfix_WIDTH64_CYCLES6                                   2191    8706.294    2699.005    11405.299 
    sub21007             subfxp_width64_cycles1_7                                   426    1065.330     368.581     1433.911 
    sub20992             subfxp_width64_cycles1_6                                   426    1065.330     368.581     1433.911 
    sub20859             subfxp_width64_cycles1_3                                   426    1065.330     368.581     1433.911 
    sub20844             subfxp_width64_cycles1_2                                   426    1065.330     368.581     1433.911 
    sub21228             subfxp_width64_cycles1_21                                  425     959.310     367.840     1327.150 
    sub21221             subfxp_width64_cycles1_20                                  425     959.310     367.840     1327.150 
    sub21091             subfxp_width64_cycles1_11                                  425     959.310     367.840     1327.150 
    sub21084             subfxp_width64_cycles1_10                                  425     959.310     367.840     1327.150 
    sub21063             subfxp_width64_cycles1_9                                   425     959.310     367.840     1327.150 
    sub21056             subfxp_width64_cycles1_8                                   425     959.310     367.840     1327.150 
    sub21028             subfxp_width64_cycles1_19                                  425     959.310     367.840     1327.150 
    sub20947             subfxp_width64_cycles1_5                                   425     959.310     367.840     1327.150 
    sub20932             subfxp_width64_cycles1_4                                   425     959.310     367.840     1327.150 
    sub20887             subfxp_width64_cycles1_18                                  425     959.310     367.840     1327.150 
    sub20799             subfxp_width64_cycles1_1                                   425     959.310     367.840     1327.150 
    sub20784             subfxp_width64_cycles1                                     425     959.310     367.840     1327.150 
    sub21300             subfxp_width64_cycles1_25                                  425     957.258     367.840     1325.098 
    sub21293             subfxp_width64_cycles1_24                                  425     957.258     367.840     1325.098 
    sub21263             subfxp_width64_cycles1_23                                  425     957.258     367.840     1325.098 
    sub21256             subfxp_width64_cycles1_22                                  425     957.258     367.840     1325.098 
    sub21200             subfxp_width64_cycles1_13                                  425     957.258     367.840     1325.098 
    sub21193             subfxp_width64_cycles1_12                                  425     957.258     367.840     1325.098 
    sub21156             subfxp_width64_cycles1_17                                  425     957.258     367.840     1325.098 
    sub21149             subfxp_width64_cycles1_16                                  425     957.258     367.840     1325.098 
    sub21119             subfxp_width64_cycles1_15                                  425     957.258     367.840     1325.098 
    sub21112             subfxp_width64_cycles1_14                                  425     957.258     367.840     1325.098 
    add21235             addfxp_width64_cycles1_21                                  409     926.478     353.433     1279.911 
    add21214             addfxp_width64_cycles1_20                                  409     926.478     353.433     1279.911 
    add21077             addfxp_width64_cycles1_11                                  409     926.478     353.433     1279.911 
    add21070             addfxp_width64_cycles1_10                                  409     926.478     353.433     1279.911 
    add21049             addfxp_width64_cycles1_9                                   409     926.478     353.433     1279.911 
    add21042             addfxp_width64_cycles1_8                                   409     926.478     353.433     1279.911 
    add21035             addfxp_width64_cycles1_19                                  409     926.478     353.433     1279.911 
    add20977             addfxp_width64_cycles1_7                                   409     926.478     353.433     1279.911 
    add20962             addfxp_width64_cycles1_6                                   409     926.478     353.433     1279.911 
    add20917             addfxp_width64_cycles1_5                                   409     926.478     353.433     1279.911 
    add20902             addfxp_width64_cycles1_4                                   409     926.478     353.433     1279.911 
    add20880             addfxp_width64_cycles1_18                                  409     926.478     353.433     1279.911 
    add20829             addfxp_width64_cycles1_3                                   409     926.478     353.433     1279.911 
    add20814             addfxp_width64_cycles1_2                                   409     926.478     353.433     1279.911 
    add20769             addfxp_width64_cycles1_1                                   409     926.478     353.433     1279.911 
    add20754             addfxp_width64_cycles1                                     409     926.478     353.433     1279.911 
    add21307             addfxp_width64_cycles1_25                                  409     924.426     353.433     1277.859 
    add21286             addfxp_width64_cycles1_24                                  409     924.426     353.433     1277.859 
    add21249             addfxp_width64_cycles1_23                                  409     924.426     353.433     1277.859 
    add21242             addfxp_width64_cycles1_22                                  409     924.426     353.433     1277.859 
    add21207             addfxp_width64_cycles1_13                                  409     924.426     353.433     1277.859 
    add21186             addfxp_width64_cycles1_12                                  409     924.426     353.433     1277.859 
    add21163             addfxp_width64_cycles1_17                                  409     924.426     353.433     1277.859 
    add21142             addfxp_width64_cycles1_16                                  409     924.426     353.433     1277.859 
    add21105             addfxp_width64_cycles1_15                                  409     924.426     353.433     1277.859 
    add21098             addfxp_width64_cycles1_14                                  409     924.426     353.433     1277.859 
    shiftFIFO_27695      shiftRegFIFO_depth10_width1                                 10      54.720       6.671       61.391 
  stage4                 codeBlock22139                                           36251  119445.210   40055.315   159500.525 
    m22418               multfix_WIDTH64_CYCLES6_35                                2185    8704.584    2694.558    11399.142 
    m22411               multfix_WIDTH64_CYCLES6_34                                2185    8704.584    2694.558    11399.142 
    m22270               multfix_WIDTH64_CYCLES6_33                                2185    8704.584    2694.558    11399.142 
    m22263               multfix_WIDTH64_CYCLES6_32                                2185    8704.584    2694.558    11399.142 
    sub22404             subfxp_width64_cycles1_40                                  425    1072.854     365.293     1438.147 
    sub22389             subfxp_width64_cycles1_39                                  425    1072.854     365.293     1438.147 
    sub22256             subfxp_width64_cycles1_36                                  425    1072.854     365.293     1438.147 
    sub22241             subfxp_width64_cycles1_35                                  425    1072.854     365.293     1438.147 
    sub22625             subfxp_width64_cycles1_54                                  424     965.466     364.552     1330.018 
    sub22618             subfxp_width64_cycles1_53                                  424     965.466     364.552     1330.018 
    sub22488             subfxp_width64_cycles1_44                                  424     965.466     364.552     1330.018 
    sub22481             subfxp_width64_cycles1_43                                  424     965.466     364.552     1330.018 
    sub22425             subfxp_width64_cycles1_52                                  424     965.466     364.552     1330.018 
    sub22344             subfxp_width64_cycles1_38                                  424     965.466     364.552     1330.018 
    sub22329             subfxp_width64_cycles1_37                                  424     965.466     364.552     1330.018 
    sub22460             subfxp_width64_cycles1_42                                  424     963.756     364.552     1328.308 
    sub22453             subfxp_width64_cycles1_41                                  424     963.756     364.552     1328.308 
    sub22284             subfxp_width64_cycles1_51                                  424     963.756     364.552     1328.308 
    sub22196             subfxp_width64_cycles1_34                                  424     963.756     364.552     1328.308 
    sub22181             subfxp_width64_cycles1_33                                  424     963.756     364.552     1328.308 
    sub22697             subfxp_width64_cycles1_58                                  424     962.730     364.552     1327.282 
    sub22690             subfxp_width64_cycles1_57                                  424     962.730     364.552     1327.282 
    sub22660             subfxp_width64_cycles1_56                                  424     962.730     364.552     1327.282 
    sub22653             subfxp_width64_cycles1_55                                  424     962.730     364.552     1327.282 
    sub22597             subfxp_width64_cycles1_46                                  424     962.730     364.552     1327.282 
    sub22590             subfxp_width64_cycles1_45                                  424     962.730     364.552     1327.282 
    sub22553             subfxp_width64_cycles1_50                                  424     962.730     364.552     1327.282 
    sub22546             subfxp_width64_cycles1_49                                  424     962.730     364.552     1327.282 
    sub22516             subfxp_width64_cycles1_48                                  424     962.730     364.552     1327.282 
    sub22509             subfxp_width64_cycles1_47                                  424     962.730     364.552     1327.282 
    add22432             addfxp_width64_cycles1_52                                  418     940.158     359.363     1299.521 
    add22359             addfxp_width64_cycles1_39                                  418     940.158     359.363     1299.521 
    add22226             addfxp_width64_cycles1_36                                  418     940.158     359.363     1299.521 
    add22474             addfxp_width64_cycles1_44                                  418     939.132     359.363     1298.495 
    add22467             addfxp_width64_cycles1_43                                  418     939.132     359.363     1298.495 
    add22314             addfxp_width64_cycles1_38                                  418     939.132     359.363     1298.495 
    add22299             addfxp_width64_cycles1_37                                  418     939.132     359.363     1298.495 
    add22277             addfxp_width64_cycles1_51                                  418     938.448     359.363     1297.811 
    add22166             addfxp_width64_cycles1_34                                  418     937.422     359.363     1296.785 
    add22151             addfxp_width64_cycles1_33                                  418     937.422     359.363     1296.785 
    add22374             addfxp_width64_cycles1_40                                  369     915.534     314.528     1230.062 
    add22211             addfxp_width64_cycles1_35                                  369     915.534     314.528     1230.062 
    add22632             addfxp_width64_cycles1_54                                  368     914.850     313.787     1228.637 
    add22611             addfxp_width64_cycles1_53                                  368     914.850     313.787     1228.637 
    add22446             addfxp_width64_cycles1_42                                  368     913.140     313.787     1226.927 
    add22439             addfxp_width64_cycles1_41                                  368     913.140     313.787     1226.927 
    add22704             addfxp_width64_cycles1_58                                  368     912.114     313.787     1225.901 
    add22683             addfxp_width64_cycles1_57                                  368     912.114     313.787     1225.901 
    add22646             addfxp_width64_cycles1_56                                  368     912.114     313.787     1225.901 
    add22639             addfxp_width64_cycles1_55                                  368     912.114     313.787     1225.901 
    add22604             addfxp_width64_cycles1_46                                  368     912.114     313.787     1225.901 
    add22583             addfxp_width64_cycles1_45                                  368     912.114     313.787     1225.901 
    add22560             addfxp_width64_cycles1_50                                  368     912.114     313.787     1225.901 
    add22539             addfxp_width64_cycles1_49                                  368     912.114     313.787     1225.901 
    add22502             addfxp_width64_cycles1_48                                  368     912.114     313.787     1225.901 
    add22495             addfxp_width64_cycles1_47                                  368     912.114     313.787     1225.901 
    shiftFIFO_27712      shiftRegFIFO_depth10_width1_1                               10      54.720       6.671       61.391 
  stage7                 codeBlock24431                                           36183  119400.408   40004.912   159405.320 
    m24703               multfix_WIDTH64_CYCLES6_66                                2185    8705.268    2694.558    11399.826 
    m24562               multfix_WIDTH64_CYCLES6_65                                2185    8705.268    2694.558    11399.826 
    m24710               multfix_WIDTH64_CYCLES6_67                                2185    8704.584    2694.558    11399.142 
    m24555               multfix_WIDTH64_CYCLES6_64                                2185    8704.584    2694.558    11399.142 
    sub24696             subfxp_width64_cycles1_73                                  424    1072.512     364.552     1437.064 
    sub24533             subfxp_width64_cycles1_68                                  424    1072.512     364.552     1437.064 
    sub24681             subfxp_width64_cycles1_72                                  424    1071.144     364.552     1435.696 
    sub24548             subfxp_width64_cycles1_69                                  424    1071.144     364.552     1435.696 
    sub24917             subfxp_width64_cycles1_87                                  424     966.834     364.552     1331.386 
    sub24910             subfxp_width64_cycles1_86                                  424     966.834     364.552     1331.386 
    sub24717             subfxp_width64_cycles1_85                                  424     965.124     364.552     1329.676 
    sub24989             subfxp_width64_cycles1_91                                  424     964.782     364.552     1329.334 
    sub24982             subfxp_width64_cycles1_90                                  424     964.782     364.552     1329.334 
    sub24952             subfxp_width64_cycles1_89                                  424     964.782     364.552     1329.334 
    sub24945             subfxp_width64_cycles1_88                                  424     964.782     364.552     1329.334 
    sub24889             subfxp_width64_cycles1_79                                  424     964.782     364.552     1329.334 
    sub24882             subfxp_width64_cycles1_78                                  424     964.782     364.552     1329.334 
    sub24845             subfxp_width64_cycles1_83                                  424     964.782     364.552     1329.334 
    sub24838             subfxp_width64_cycles1_82                                  424     964.782     364.552     1329.334 
    sub24808             subfxp_width64_cycles1_81                                  424     964.782     364.552     1329.334 
    sub24801             subfxp_width64_cycles1_80                                  424     964.782     364.552     1329.334 
    sub24752             subfxp_width64_cycles1_75                                  424     964.782     364.552     1329.334 
    sub24745             subfxp_width64_cycles1_74                                  424     964.782     364.552     1329.334 
    sub24780             subfxp_width64_cycles1_77                                  424     964.440     364.552     1328.992 
    sub24773             subfxp_width64_cycles1_76                                  424     964.440     364.552     1328.992 
    sub24636             subfxp_width64_cycles1_71                                  424     964.440     364.552     1328.992 
    sub24621             subfxp_width64_cycles1_70                                  424     964.440     364.552     1328.992 
    sub24576             subfxp_width64_cycles1_84                                  424     963.072     364.552     1327.624 
    sub24488             subfxp_width64_cycles1_67                                  424     962.388     364.552     1326.940 
    sub24473             subfxp_width64_cycles1_66                                  424     962.388     364.552     1326.940 
    add24651             addfxp_width64_cycles1_72                                  415     939.474     357.139     1296.613 
    add24518             addfxp_width64_cycles1_69                                  415     938.106     357.139     1295.245 
    add24606             addfxp_width64_cycles1_71                                  415     936.396     357.139     1293.535 
    add24591             addfxp_width64_cycles1_70                                  415     936.396     357.139     1293.535 
    add24766             addfxp_width64_cycles1_77                                  415     935.712     357.139     1292.851 
    add24759             addfxp_width64_cycles1_76                                  415     935.712     357.139     1292.851 
    add24724             addfxp_width64_cycles1_85                                  415     934.686     357.139     1291.825 
    add24458             addfxp_width64_cycles1_67                                  415     933.660     357.139     1290.799 
    add24443             addfxp_width64_cycles1_66                                  415     933.660     357.139     1290.799 
    add24569             addfxp_width64_cycles1_84                                  415     933.318     357.139     1290.457 
    add24666             addfxp_width64_cycles1_73                                  366     914.850     312.305     1227.155 
    add24924             addfxp_width64_cycles1_87                                  366     913.482     312.305     1225.787 
    add24903             addfxp_width64_cycles1_86                                  366     913.482     312.305     1225.787 
    add24503             addfxp_width64_cycles1_68                                  366     913.482     312.305     1225.787 
    add24996             addfxp_width64_cycles1_91                                  366     911.430     312.305     1223.735 
    add24975             addfxp_width64_cycles1_90                                  366     911.430     312.305     1223.735 
    add24938             addfxp_width64_cycles1_89                                  366     911.430     312.305     1223.735 
    add24931             addfxp_width64_cycles1_88                                  366     911.430     312.305     1223.735 
    add24896             addfxp_width64_cycles1_79                                  366     911.430     312.305     1223.735 
    add24875             addfxp_width64_cycles1_78                                  366     911.430     312.305     1223.735 
    add24852             addfxp_width64_cycles1_83                                  366     911.430     312.305     1223.735 
    add24831             addfxp_width64_cycles1_82                                  366     911.430     312.305     1223.735 
    add24794             addfxp_width64_cycles1_81                                  366     911.430     312.305     1223.735 
    add24787             addfxp_width64_cycles1_80                                  366     911.430     312.305     1223.735 
    add24738             addfxp_width64_cycles1_75                                  366     911.430     312.305     1223.735 
    add24731             addfxp_width64_cycles1_74                                  366     911.430     312.305     1223.735 
    shiftFIFO_27737      shiftRegFIFO_depth10_width1_2                               10      54.720       6.671       61.391 
