============================================================
  Generated by:           Genus(TM) Synthesis Solution 18.14-s037_1
  Generated on:           Feb 26 2023  09:25:13 am
  Module:                 dft_top
  Operating conditions:   PVT_0P9V_125C 
  Interconnect mode:      global
  Area mode:              physical library
============================================================

        Instance                               Module                        Cell Count   Cell Area   Net Area    Total Area 
-----------------------------------------------------------------------------------------------------------------------------
dft_top                                                                         3323217 12288273.525  3144.293  12291417.819 
  stage6                 DirSum_24428                                            879670  2489011.309     1.482   2489012.792 
    codeBlockIsnt27731   codeBlock22730                                          879639  2488885.964     0.741   2488886.705 
      m23360             multfix_WIDTH64_CYCLES6_37                               30605    84301.529     0.000     84301.529 
        mul_8335_23      mult_signed_61_4951                                      30221    80712.071     0.000     80712.071 
      m23349             multfix_WIDTH64_CYCLES6_62                               30605    84301.529     0.000     84301.529 
        mul_8335_23      mult_signed_61_4951                                      30221    80712.071     0.000     80712.071 
      m23331             multfix_WIDTH64_CYCLES6_61                               30605    84301.529     0.000     84301.529 
        mul_8335_23      mult_signed_61_4951                                      30221    80712.071     0.000     80712.071 
      m23309             multfix_WIDTH64_CYCLES6_60                               30605    84301.529     0.000     84301.529 
        mul_8335_23      mult_signed_61_4951                                      30221    80712.071     0.000     80712.071 
      m23200             multfix_WIDTH64_CYCLES6_55                               30605    84301.529     0.000     84301.529 
        mul_8335_23      mult_signed_53_4979                                      30221    80712.071     0.000     80712.071 
      m23189             multfix_WIDTH64_CYCLES6_54                               30605    84301.529     0.000     84301.529 
        mul_8335_23      mult_signed_53_4979                                      30221    80712.071     0.000     80712.071 
      m23171             multfix_WIDTH64_CYCLES6_53                               30605    84301.529     0.000     84301.529 
        mul_8335_23      mult_signed_53_4979                                      30221    80712.071     0.000     80712.071 
      m23149             multfix_WIDTH64_CYCLES6_52                               30605    84301.529     0.000     84301.529 
        mul_8335_23      mult_signed_53_4979                                      30221    80712.071     0.000     80712.071 
      m23040             multfix_WIDTH64_CYCLES6_47                               30605    84301.529     0.000     84301.529 
        mul_8335_23      mult_signed_45_4982                                      30221    80712.071     0.000     80712.071 
      m23029             multfix_WIDTH64_CYCLES6_46                               30605    84301.529     0.000     84301.529 
        mul_8335_23      mult_signed_45_4982                                      30221    80712.071     0.000     80712.071 
      m23011             multfix_WIDTH64_CYCLES6_45                               30605    84301.529     0.000     84301.529 
        mul_8335_23      mult_signed_45_4982                                      30221    80712.071     0.000     80712.071 
      m22989             multfix_WIDTH64_CYCLES6_44                               30605    84301.529     0.000     84301.529 
        mul_8335_23      mult_signed_45_4982                                      30221    80712.071     0.000     80712.071 
      m22869             multfix_WIDTH64_CYCLES6_38                               30605    84301.529     0.000     84301.529 
        mul_8335_23      mult_signed_37_4963                                      30221    80712.071     0.000     80712.071 
      m22851             multfix_WIDTH64_CYCLES6_63                               30605    84301.529     0.000     84301.529 
        mul_8335_23      mult_signed_37_4963                                      30221    80712.071     0.000     80712.071 
      m23280             multfix_WIDTH64_CYCLES6_59                               30604    84298.859     0.000     84298.859 
        mul_8335_23      mult_signed_57_4967                                      30220    80709.400     0.000     80709.400 
      m23269             multfix_WIDTH64_CYCLES6_58                               30604    84298.859     0.000     84298.859 
        mul_8335_23      mult_signed_57_4967                                      30220    80709.400     0.000     80709.400 
      m23251             multfix_WIDTH64_CYCLES6_57                               30604    84298.859     0.000     84298.859 
        mul_8335_23      mult_signed_57_4967                                      30220    80709.400     0.000     80709.400 
      m23229             multfix_WIDTH64_CYCLES6_56                               30604    84298.859     0.000     84298.859 
        mul_8335_23      mult_signed_57_4967                                      30220    80709.400     0.000     80709.400 
      m22949             multfix_WIDTH64_CYCLES6_41                               30477    83959.676     0.000     83959.676 
        mul_8335_23      mult_signed_41_4977                                      30093    80370.218     0.000     80370.218 
      m22931             multfix_WIDTH64_CYCLES6_42                               30477    83959.676     0.000     83959.676 
        mul_8335_23      mult_signed_41_4977                                      30093    80370.218     0.000     80370.218 
      m22960             multfix_WIDTH64_CYCLES6_40                               30466    83930.298     0.000     83930.298 
        mul_8335_23      mult_signed_40_4978                                      30082    80340.840     0.000     80340.840 
      m22909             multfix_WIDTH64_CYCLES6_43                               30466    83930.298     0.000     83930.298 
        mul_8335_23      mult_signed_40_4978                                      30082    80340.840     0.000     80340.840 
      m23120             multfix_WIDTH64_CYCLES6_5                                29604    81628.131     0.000     81628.131 
        mul_8335_23      mult_signed_49_4956                                      29220    78038.672     0.000     78038.672 
      m23109             multfix_WIDTH64_CYCLES6_50                               29604    81628.131     0.000     81628.131 
        mul_8335_23      mult_signed_49_4956                                      29220    78038.672     0.000     78038.672 
      m23091             multfix_WIDTH64_CYCLES6_49                               29604    81628.131     0.000     81628.131 
        mul_8335_23      mult_signed_49_4956                                      29220    78038.672     0.000     78038.672 
      m23069             multfix_WIDTH64_CYCLES6_48                               29604    81628.131     0.000     81628.131 
        mul_8335_23      mult_signed_49_4956                                      29220    78038.672     0.000     78038.672 
      m22880             multfix_WIDTH64_CYCLES6_39                               28458    78567.476     0.000     78567.476 
        mul_8335_23      mult_signed_36_4964                                      28074    74978.018     0.000     74978.018 
      m22829             multfix_WIDTH64_CYCLES6_36                               28458    78567.476     0.000     78567.476 
        mul_8335_23      mult_signed_36_4964                                      28074    74978.018     0.000     74978.018 
      instD12inst0_23436 D12_23436                                                 1230     4466.793     0.000      4466.793 
      instD9inst0_23832  D9_23832                                                  1235     4440.085     0.000      4440.085 
      instD18inst0_24162 D18_24162                                                 1213     4400.024     0.000      4400.024 
      instD14inst0_23634 D14_23634                                                 1211     4394.683     0.000      4394.683 
      instD10inst0_23700 D10_23700                                                 1082     4068.854     0.000      4068.854 
      instD11inst0_23568 D11_23568                                                 1075     4030.129     0.000      4030.129 
      instD20inst0_24426 D20_24426                                                 1068     4011.433     0.000      4011.433 
      instD19inst0_24294 D19_24294                                                 1069     3995.409     0.000      3995.409 
      instD15inst0_23766 D15_23766                                                 1066     3987.397     0.000      3987.397 
      instD8inst0_23964  D8_23964                                                  1050     3986.062     0.000      3986.062 
      instD7inst0_24096  D7_24096                                                  1060     3970.037     0.000      3970.037 
      instD16inst0_23898 D16_23898                                                 1034     3921.964     0.000      3921.964 
      instD6inst0_24228  D6_24228                                                   999     3748.367     0.000      3748.367 
      instD17inst0_24030 D17_24030                                                  660     2884.386     0.000      2884.386 
      add23367           addfxp_width64_cycles1_65                                  690     2270.119     0.000      2270.119 
        add_8356_17      add_signed_65                                              626     1671.876     0.000      1671.876 
      add23287           addfxp_width64_cycles1_64                                  690     2270.119     0.000      2270.119 
        add_8356_17      add_signed_64                                              626     1671.876     0.000      1671.876 
      add23207           addfxp_width64_cycles1_63                                  690     2270.119     0.000      2270.119 
        add_8356_17      add_signed_63                                              626     1671.876     0.000      1671.876 
      add23127           addfxp_width64_cycles1_62                                  690     2270.119     0.000      2270.119 
        add_8356_17      add_signed_62                                              626     1671.876     0.000      1671.876 
      add23047           addfxp_width64_cycles1_61                                  690     2270.119     0.000      2270.119 
        add_8356_17      add_signed_61                                              626     1671.876     0.000      1671.876 
      add22967           addfxp_width64_cycles1_60                                  690     2270.119     0.000      2270.119 
        add_8356_17      add_signed_60                                              626     1671.876     0.000      1671.876 
      add22887           addfxp_width64_cycles1_59                                  690     2270.119     0.000      2270.119 
        add_8356_17      add_signed_59                                              626     1671.876     0.000      1671.876 
      sub23338           subfxp_width64_cycles1_65                                  686     2259.436     0.000      2259.436 
        sub_8378_17      sub_signed_65                                              622     1661.193     0.000      1661.193 
      sub23258           subfxp_width64_cycles1_64                                  686     2259.436     0.000      2259.436 
        sub_8378_17      sub_signed_64                                              622     1661.193     0.000      1661.193 
      sub23178           subfxp_width64_cycles1_63                                  686     2259.436     0.000      2259.436 
        sub_8378_17      sub_signed_63                                              622     1661.193     0.000      1661.193 
      sub23098           subfxp_width64_cycles1_62                                  686     2259.436     0.000      2259.436 
        sub_8378_17      sub_signed_62                                              622     1661.193     0.000      1661.193 
      sub23018           subfxp_width64_cycles1_61                                  686     2259.436     0.000      2259.436 
        sub_8378_17      sub_signed_61                                              622     1661.193     0.000      1661.193 
      sub22938           subfxp_width64_cycles1_60                                  686     2259.436     0.000      2259.436 
        sub_8378_17      sub_signed_60                                              622     1661.193     0.000      1661.193 
      sub22858           subfxp_width64_cycles1_59                                  686     2259.436     0.000      2259.436 
        sub_8378_17      sub_signed_59                                              622     1661.193     0.000      1661.193 
      shiftFIFO_27734    shiftRegFIFO_depth11_width1_1                               11      102.823     0.000       102.823 
  stage3                 DirSum_22136                                            835884  2366931.176     0.741   2366931.917 
    codeBlockIsnt27706   codeBlock21334                                          835871  2366876.426     0.741   2366877.167 
      m21964             multfix_WIDTH64_CYCLES6_31                               29604    81628.131     0.000     81628.131 
        mul_8335_23      mult_signed_28_4962                                      29220    78038.672     0.000     78038.672 
      m21913             multfix_WIDTH64_CYCLES6_28                               29604    81628.131     0.000     81628.131 
        mul_8335_23      mult_signed_28_4962                                      29220    78038.672     0.000     78038.672 
      m21793             multfix_WIDTH64_CYCLES6_22                               29604    81628.131     0.000     81628.131 
        mul_8335_23      mult_signed_21_4973                                      29220    78038.672     0.000     78038.672 
      m21775             multfix_WIDTH64_CYCLES6_21                               29604    81628.131     0.000     81628.131 
        mul_8335_23      mult_signed_21_4973                                      29220    78038.672     0.000     78038.672 
      m21473             multfix_WIDTH64_CYCLES6_6                                29604    81628.131     0.000     81628.131 
        mul_8335_23      mult_signed_5_4959                                       29220    78038.672     0.000     78038.672 
      m21455             multfix_WIDTH64_CYCLES6_51                               29604    81628.131     0.000     81628.131 
        mul_8335_23      mult_signed_5_4959                                       29220    78038.672     0.000     78038.672 
      m21884             multfix_WIDTH64_CYCLES6_24                               29476    81286.277     0.000     81286.277 
        mul_8335_23      mult_signed_25_4970                                      29092    77696.819     0.000     77696.819 
      m21873             multfix_WIDTH64_CYCLES6_26                               29476    81286.277     0.000     81286.277 
        mul_8335_23      mult_signed_25_4970                                      29092    77696.819     0.000     77696.819 
      m21855             multfix_WIDTH64_CYCLES6_25                               29476    81286.277     0.000     81286.277 
        mul_8335_23      mult_signed_25_4970                                      29092    77696.819     0.000     77696.819 
      m21833             multfix_WIDTH64_CYCLES6_27                               29476    81286.277     0.000     81286.277 
        mul_8335_23      mult_signed_25_4970                                      29092    77696.819     0.000     77696.819 
      m21553             multfix_WIDTH64_CYCLES6_10                               29474    81280.936     0.000     81280.936 
        mul_8335_23      mult_signed_9_4975                                       29090    77691.478     0.000     77691.478 
      m21535             multfix_WIDTH64_CYCLES6_9                                29474    81280.936     0.000     81280.936 
        mul_8335_23      mult_signed_9_4975                                       29090    77691.478     0.000     77691.478 
      m21644             multfix_WIDTH64_CYCLES6_12                               29469    81267.582     0.000     81267.582 
        mul_8335_23      mult_signed_12_4966                                      29085    77678.124     0.000     77678.124 
      m21593             multfix_WIDTH64_CYCLES6_15                               29469    81267.582     0.000     81267.582 
        mul_8335_23      mult_signed_12_4966                                      29085    77678.124     0.000     77678.124 
      m21564             multfix_WIDTH64_CYCLES6_11                               29463    81251.558     0.000     81251.558 
        mul_8335_23      mult_signed_8_4976                                       29079    77662.100     0.000     77662.100 
      m21513             multfix_WIDTH64_CYCLES6_8                                29463    81251.558     0.000     81251.558 
        mul_8335_23      mult_signed_8_4976                                       29079    77662.100     0.000     77662.100 
      m21804             multfix_WIDTH64_CYCLES6_16                               29105    80295.437     0.000     80295.437 
        mul_8335_23      mult_signed_20_4974                                      28721    76705.979     0.000     76705.979 
      m21753             multfix_WIDTH64_CYCLES6_20                               29105    80295.437     0.000     80295.437 
        mul_8335_23      mult_signed_20_4974                                      28721    76705.979     0.000     76705.979 
      m21724             multfix_WIDTH64_CYCLES6_19                               29105    80295.437     0.000     80295.437 
        mul_8335_23      mult_signed_16_4955                                      28721    76705.979     0.000     76705.979 
      m21673             multfix_WIDTH64_CYCLES6_23                               29105    80295.437     0.000     80295.437 
        mul_8335_23      mult_signed_16_4955                                      28721    76705.979     0.000     76705.979 
      m21953             multfix_WIDTH64_CYCLES6_29                               28808    79502.231     0.000     79502.231 
        mul_8335_23      mult_signed_29_4961                                      28424    75912.773     0.000     75912.773 
      m21935             multfix_WIDTH64_CYCLES6_30                               28808    79502.231     0.000     79502.231 
        mul_8335_23      mult_signed_29_4961                                      28424    75912.773     0.000     75912.773 
      m21633             multfix_WIDTH64_CYCLES6_13                               28465    78586.171     0.000     78586.171 
        mul_8335_23      mult_signed_13_4965                                      28081    74996.713     0.000     74996.713 
      m21615             multfix_WIDTH64_CYCLES6_14                               28465    78586.171     0.000     78586.171 
        mul_8335_23      mult_signed_13_4965                                      28081    74996.713     0.000     74996.713 
      m21484             multfix_WIDTH64_CYCLES6_7                                28458    78567.476     0.000     78567.476 
        mul_8335_23      mult_signed_4_4960                                       28074    74978.018     0.000     74978.018 
      m21433             multfix_WIDTH64_CYCLES6_4                                28458    78567.476     0.000     78567.476 
        mul_8335_23      mult_signed_4_4960                                       28074    74978.018     0.000     74978.018 
      m21713             multfix_WIDTH64_CYCLES6_17                               28328    78220.282     0.000     78220.282 
        mul_8335_23      mult_signed_17_4954                                      27944    74630.823     0.000     74630.823 
      m21695             multfix_WIDTH64_CYCLES6_18                               28328    78220.282     0.000     78220.282 
        mul_8335_23      mult_signed_17_4954                                      27944    74630.823     0.000     74630.823 
      add21971           addfxp_width64_cycles1_32                                  690     2270.119     0.000      2270.119 
        add_8356_17      add_signed_32                                              626     1671.876     0.000      1671.876 
      add21891           addfxp_width64_cycles1_31                                  690     2270.119     0.000      2270.119 
        add_8356_17      add_signed_31                                              626     1671.876     0.000      1671.876 
      add21811           addfxp_width64_cycles1_30                                  690     2270.119     0.000      2270.119 
        add_8356_17      add_signed_30                                              626     1671.876     0.000      1671.876 
      add21731           addfxp_width64_cycles1_29                                  690     2270.119     0.000      2270.119 
        add_8356_17      add_signed_29                                              626     1671.876     0.000      1671.876 
      add21651           addfxp_width64_cycles1_28                                  690     2270.119     0.000      2270.119 
        add_8356_17      add_signed_28                                              626     1671.876     0.000      1671.876 
      add21571           addfxp_width64_cycles1_27                                  690     2270.119     0.000      2270.119 
        add_8356_17      add_signed_27                                              626     1671.876     0.000      1671.876 
      add21491           addfxp_width64_cycles1_26                                  690     2270.119     0.000      2270.119 
        add_8356_17      add_signed_26                                              626     1671.876     0.000      1671.876 
      sub21942           subfxp_width64_cycles1_32                                  686     2259.436     0.000      2259.436 
        sub_8378_17      sub_signed_32                                              622     1661.193     0.000      1661.193 
      sub21862           subfxp_width64_cycles1_31                                  686     2259.436     0.000      2259.436 
        sub_8378_17      sub_signed_31                                              622     1661.193     0.000      1661.193 
      sub21782           subfxp_width64_cycles1_30                                  686     2259.436     0.000      2259.436 
        sub_8378_17      sub_signed_30                                              622     1661.193     0.000      1661.193 
      sub21702           subfxp_width64_cycles1_29                                  686     2259.436     0.000      2259.436 
        sub_8378_17      sub_signed_29                                              622     1661.193     0.000      1661.193 
      sub21622           subfxp_width64_cycles1_28                                  686     2259.436     0.000      2259.436 
        sub_8378_17      sub_signed_28                                              622     1661.193     0.000      1661.193 
      sub21542           subfxp_width64_cycles1_27                                  686     2259.436     0.000      2259.436 
        sub_8378_17      sub_signed_27                                              622     1661.193     0.000      1661.193 
      sub21462           subfxp_width64_cycles1_26                                  686     2259.436     0.000      2259.436 
        sub_8378_17      sub_signed_26                                              622     1661.193     0.000      1661.193 
      instD26inst0_22134 D26_22134                                                  213     1541.010     0.000      1541.010 
      instD27inst0_21984 D27_21984                                                  211     1514.303     0.000      1514.303 
      instD28inst0_22124 D28_22124                                                  210     1490.266     0.000      1490.266 
      instD40inst0_21994 D40_21994                                                  210     1488.931     0.000      1488.931 
      instD38inst0_22014 D38_22014                                                  210     1487.595     0.000      1487.595 
      instD34inst0_22054 D34_22054                                                  204     1452.876     0.000      1452.876 
      instD31inst0_22084 D31_22084                                                  204     1452.876     0.000      1452.876 
      instD30inst0_22094 D30_22094                                                  205     1452.876     0.000      1452.876 
      instD39inst0_22004 D39_22004                                                  202     1426.169     0.000      1426.169 
      instD35inst0_22044 D35_22044                                                  194     1392.785     0.000      1392.785 
      instD36inst0_22034 D36_22034                                                  199     1383.437     0.000      1383.437 
      instD32inst0_22074 D32_22074                                                  190     1336.699     0.000      1336.699 
      instD29inst0_22104 D29_22104                                                   63      407.286     0.000       407.286 
      instD37inst0_22024 D37_22024                                                   37      257.725     0.000       257.725 
      shiftFIFO_27709    shiftRegFIFO_depth11_width1                                 11      102.823     0.000       102.823 
  stage5                 rc22728                                                 420695  2044098.392   761.242   2044859.634 
    instPerm27713        perm22726                                               420695  2044098.392   761.242   2044859.634 
      memSys             memArray512_22726_numBanks8_logBanks3_depth64_logD      396929  1945988.400   759.018   1946747.419 
        memMod7          memMod_depth128_width128_logDepth7_15                    49616   243248.383    94.877    243343.260 
        memMod6          memMod_depth128_width128_logDepth7_14                    49616   243248.383    94.877    243343.260 
        memMod5          memMod_depth128_width128_logDepth7_13                    49616   243248.383    94.877    243343.260 
        memMod4          memMod_depth128_width128_logDepth7_12                    49616   243248.383    94.877    243343.260 
        memMod3          memMod_depth128_width128_logDepth7_11                    49616   243248.383    94.877    243343.260 
        memMod2          memMod_depth128_width128_logDepth7_10                    49616   243248.383    94.877    243343.260 
        memMod1          memMod_depth128_width128_logDepth7_9                     49616   243248.383    94.877    243343.260 
        memMod0          memMod_depth128_width128_logDepth7_8                     49616   243248.383    94.877    243343.260 
      out_sw_2_3         switch_width128_35                                         768     2051.119     0.000      2051.119 
      out_sw_2_2         switch_width128_34                                         768     2051.119     0.000      2051.119 
      out_sw_2_1         switch_width128_33                                         768     2051.119     0.000      2051.119 
      out_sw_2_0         switch_width128_32                                         768     2051.119     0.000      2051.119 
      out_sw_1_3         switch_width128_31                                         768     2051.119     0.000      2051.119 
      out_sw_1_2         switch_width128_30                                         768     2051.119     0.000      2051.119 
      out_sw_1_1         switch_width128_29                                         768     2051.119     0.000      2051.119 
      out_sw_1_0         switch_width128_28                                         768     2051.119     0.000      2051.119 
      out_sw_0_3         switch_width128_27                                         768     2051.119     0.000      2051.119 
      out_sw_0_2         switch_width128_26                                         768     2051.119     0.000      2051.119 
      out_sw_0_1         switch_width128_25                                         768     2051.119     0.000      2051.119 
      out_sw_0_0         switch_width128_24                                         768     2051.119     0.000      2051.119 
      in_sw_2_3          switch_width134_23                                         768     2051.119     0.000      2051.119 
      in_sw_2_2          switch_width134_22                                         768     2051.119     0.000      2051.119 
      in_sw_2_1          switch_width134_21                                         768     2051.119     0.000      2051.119 
      in_sw_2_0          switch_width134_20                                         768     2051.119     0.000      2051.119 
      in_sw_1_3          switch_width134_19                                         768     2051.119     0.000      2051.119 
      in_sw_1_2          switch_width134_18                                         768     2051.119     0.000      2051.119 
      in_sw_1_1          switch_width134_17                                         768     2051.119     0.000      2051.119 
      in_sw_1_0          switch_width134_16                                         768     2051.119     0.000      2051.119 
      in_sw_0_3          switch_width134_15                                         768     2051.119     0.000      2051.119 
      in_sw_0_2          switch_width134_14                                         768     2051.119     0.000      2051.119 
      in_sw_0_1          switch_width134_13                                         768     2051.119     0.000      2051.119 
      in_sw_0_0          switch_width134_12                                         768     2051.119     0.000      2051.119 
      nextReg_27718      nextReg_depth57_logDepth6_1                                 55      201.461     0.741       202.202 
      shiftFIFO_27721    shiftRegFIFO_depth6_width1_2                                 6       56.085     0.000        56.085 
  stage0                 rc20740                                                 420695  2044098.392   761.242   2044859.634 
    instPerm27675        perm20738                                               420695  2044098.392   761.242   2044859.634 
      memSys             memArray512_20738_numBanks8_logBanks3_depth64_logD      396929  1945988.400   759.018   1946747.419 
        memMod7          memMod_depth128_width128_logDepth7_7                     49616   243248.383    94.877    243343.260 
        memMod6          memMod_depth128_width128_logDepth7_6                     49616   243248.383    94.877    243343.260 
        memMod5          memMod_depth128_width128_logDepth7_5                     49616   243248.383    94.877    243343.260 
        memMod4          memMod_depth128_width128_logDepth7_4                     49616   243248.383    94.877    243343.260 
        memMod3          memMod_depth128_width128_logDepth7_3                     49616   243248.383    94.877    243343.260 
        memMod2          memMod_depth128_width128_logDepth7_2                     49616   243248.383    94.877    243343.260 
        memMod1          memMod_depth128_width128_logDepth7_1                     49616   243248.383    94.877    243343.260 
        memMod0          memMod_depth128_width128_logDepth7                       49616   243248.383    94.877    243343.260 
      out_sw_2_3         switch_width128_11                                         768     2051.119     0.000      2051.119 
      out_sw_2_2         switch_width128_10                                         768     2051.119     0.000      2051.119 
      out_sw_2_1         switch_width128_9                                          768     2051.119     0.000      2051.119 
      out_sw_2_0         switch_width128_8                                          768     2051.119     0.000      2051.119 
      out_sw_1_3         switch_width128_7                                          768     2051.119     0.000      2051.119 
      out_sw_1_2         switch_width128_6                                          768     2051.119     0.000      2051.119 
      out_sw_1_1         switch_width128_5                                          768     2051.119     0.000      2051.119 
      out_sw_1_0         switch_width128_4                                          768     2051.119     0.000      2051.119 
      out_sw_0_3         switch_width128_3                                          768     2051.119     0.000      2051.119 
      out_sw_0_2         switch_width128_2                                          768     2051.119     0.000      2051.119 
      out_sw_0_1         switch_width128_1                                          768     2051.119     0.000      2051.119 
      out_sw_0_0         switch_width128                                            768     2051.119     0.000      2051.119 
      in_sw_2_3          switch_width134_11                                         768     2051.119     0.000      2051.119 
      in_sw_2_2          switch_width134_10                                         768     2051.119     0.000      2051.119 
      in_sw_2_1          switch_width134_9                                          768     2051.119     0.000      2051.119 
      in_sw_2_0          switch_width134_8                                          768     2051.119     0.000      2051.119 
      in_sw_1_3          switch_width134_7                                          768     2051.119     0.000      2051.119 
      in_sw_1_2          switch_width134_6                                          768     2051.119     0.000      2051.119 
      in_sw_1_1          switch_width134_5                                          768     2051.119     0.000      2051.119 
      in_sw_1_0          switch_width134_35                                         768     2051.119     0.000      2051.119 
      in_sw_0_3          switch_width134_27                                         768     2051.119     0.000      2051.119 
      in_sw_0_2          switch_width134_26                                         768     2051.119     0.000      2051.119 
      in_sw_0_1          switch_width134_25                                         768     2051.119     0.000      2051.119 
      in_sw_0_0          switch_width134                                            768     2051.119     0.000      2051.119 
      nextReg_27680      nextReg_depth57_logDepth6                                   55      201.461     0.741       202.202 
      shiftFIFO_27683    shiftRegFIFO_depth6_width1                                   6       56.085     0.000        56.085 
  stage8                 rc25020                                                 420693  2044093.051   761.242   2044854.293 
    instPerm27738        perm25018                                               420693  2044093.051   761.242   2044854.293 
      memSys             memArray512_25018_numBanks8_logBanks3_depth64_logD      396929  1945988.400   759.018   1946747.419 
        memMod7          memMod_depth128_width128_logDepth7_23                    49616   243248.383    94.877    243343.260 
        memMod6          memMod_depth128_width128_logDepth7_22                    49616   243248.383    94.877    243343.260 
        memMod5          memMod_depth128_width128_logDepth7_21                    49616   243248.383    94.877    243343.260 
        memMod4          memMod_depth128_width128_logDepth7_20                    49616   243248.383    94.877    243343.260 
        memMod3          memMod_depth128_width128_logDepth7_19                    49616   243248.383    94.877    243343.260 
        memMod2          memMod_depth128_width128_logDepth7_18                    49616   243248.383    94.877    243343.260 
        memMod1          memMod_depth128_width128_logDepth7_17                    49616   243248.383    94.877    243343.260 
        memMod0          memMod_depth128_width128_logDepth7_16                    49616   243248.383    94.877    243343.260 
      out_sw_2_3         switch_width128_47                                         768     2051.119     0.000      2051.119 
      out_sw_2_2         switch_width128_46                                         768     2051.119     0.000      2051.119 
      out_sw_2_1         switch_width128_45                                         768     2051.119     0.000      2051.119 
      out_sw_2_0         switch_width128_44                                         768     2051.119     0.000      2051.119 
      out_sw_1_3         switch_width128_43                                         768     2051.119     0.000      2051.119 
      out_sw_1_2         switch_width128_42                                         768     2051.119     0.000      2051.119 
      out_sw_1_1         switch_width128_41                                         768     2051.119     0.000      2051.119 
      out_sw_1_0         switch_width128_40                                         768     2051.119     0.000      2051.119 
      out_sw_0_3         switch_width128_39                                         768     2051.119     0.000      2051.119 
      out_sw_0_2         switch_width128_38                                         768     2051.119     0.000      2051.119 
      out_sw_0_1         switch_width128_37                                         768     2051.119     0.000      2051.119 
      out_sw_0_0         switch_width128_36                                         768     2051.119     0.000      2051.119 
      in_sw_2_3          switch_width134_4                                          768     2051.119     0.000      2051.119 
      in_sw_2_2          switch_width134_34                                         768     2051.119     0.000      2051.119 
      in_sw_2_1          switch_width134_33                                         768     2051.119     0.000      2051.119 
      in_sw_2_0          switch_width134_32                                         768     2051.119     0.000      2051.119 
      in_sw_1_3          switch_width134_31                                         768     2051.119     0.000      2051.119 
      in_sw_1_2          switch_width134_30                                         768     2051.119     0.000      2051.119 
      in_sw_1_1          switch_width134_29                                         768     2051.119     0.000      2051.119 
      in_sw_1_0          switch_width134_28                                         768     2051.119     0.000      2051.119 
      in_sw_0_3          switch_width134_3                                          768     2051.119     0.000      2051.119 
      in_sw_0_2          switch_width134_2                                          768     2051.119     0.000      2051.119 
      in_sw_0_1          switch_width134_1                                          768     2051.119     0.000      2051.119 
      in_sw_0_0          switch_width134_24                                         768     2051.119     0.000      2051.119 
      nextReg_27743      nextReg_depth57_logDepth6_2                                 55      201.461     0.741       202.202 
      shiftFIFO_27746    shiftRegFIFO_depth6_width1_3                                 6       56.085     0.000        56.085 
  stage2                 rc21331                                                  85441   379429.782    96.360    379526.141 
    instPerm27696        perm21329                                                85441   379429.782    96.360    379526.141 
      memSys             memArray64_21329_numBanks8_logBanks3_depth8_logDep       61797   281761.616    94.877    281856.494 
        memMod7          memMod_dist_depth16_width128_logDepth4_7                  7725    35221.370    11.860     35233.230 
        memMod5          memMod_dist_depth16_width128_logDepth4_5                  7725    35221.370    11.860     35233.230 
        memMod3          memMod_dist_depth16_width128_logDepth4_3                  7725    35221.370    11.860     35233.230 
        memMod1          memMod_dist_depth16_width128_logDepth4_1                  7725    35221.370    11.860     35233.230 
        memMod6          memMod_dist_depth16_width128_logDepth4_6                  7724    35218.700    11.860     35230.559 
        memMod4          memMod_dist_depth16_width128_logDepth4_4                  7724    35218.700    11.860     35230.559 
        memMod2          memMod_dist_depth16_width128_logDepth4_2                  7724    35218.700    11.860     35230.559 
        memMod0          memMod_dist_depth16_width128_logDepth4                    7724    35218.700    11.860     35230.559 
      out_sw_2_3         switch_width128_23                                         768     2051.119     0.000      2051.119 
      out_sw_2_2         switch_width128_22                                         768     2051.119     0.000      2051.119 
      out_sw_2_1         switch_width128_21                                         768     2051.119     0.000      2051.119 
      out_sw_2_0         switch_width128_20                                         768     2051.119     0.000      2051.119 
      out_sw_1_3         switch_width128_19                                         768     2051.119     0.000      2051.119 
      out_sw_1_2         switch_width128_18                                         768     2051.119     0.000      2051.119 
      out_sw_1_1         switch_width128_17                                         768     2051.119     0.000      2051.119 
      out_sw_1_0         switch_width128_16                                         768     2051.119     0.000      2051.119 
      out_sw_0_3         switch_width128_15                                         768     2051.119     0.000      2051.119 
      out_sw_0_2         switch_width128_14                                         768     2051.119     0.000      2051.119 
      out_sw_0_1         switch_width128_13                                         768     2051.119     0.000      2051.119 
      out_sw_0_0         switch_width128_12                                         768     2051.119     0.000      2051.119 
      in_sw_2_3          switch_width131_4                                          768     2051.119     0.000      2051.119 
      in_sw_2_2          switch_width131_10                                         768     2051.119     0.000      2051.119 
      in_sw_2_1          switch_width131_9                                          768     2051.119     0.000      2051.119 
      in_sw_2_0          switch_width131_8                                          768     2051.119     0.000      2051.119 
      in_sw_1_3          switch_width131_7                                          768     2051.119     0.000      2051.119 
      in_sw_1_2          switch_width131_6                                          768     2051.119     0.000      2051.119 
      in_sw_1_1          switch_width131_5                                          768     2051.119     0.000      2051.119 
      in_sw_1_0          switch_width131_11                                         768     2051.119     0.000      2051.119 
      in_sw_0_3          switch_width131_3                                          768     2051.119     0.000      2051.119 
      in_sw_0_2          switch_width131_2                                          768     2051.119     0.000      2051.119 
      in_sw_0_1          switch_width131_1                                          768     2051.119     0.000      2051.119 
      in_sw_0_0          switch_width131                                            768     2051.119     0.000      2051.119 
      shiftFIFO_27699    shiftRegFIFO_depth8_width1                                   8       74.780     0.000        74.780 
      shiftFIFO_27702    shiftRegFIFO_depth6_width1_1                                 6       56.085     0.000        56.085 
  stage7                 codeBlock24431                                           86713   306870.474     0.741    306871.216 
    m24710               multfix_WIDTH64_CYCLES6_67                               11279    32687.040     0.000     32687.040 
      const_mul_8335_23  mult_signed_const_2174_1575                              10895    29097.582     0.000     29097.582 
    m24703               multfix_WIDTH64_CYCLES6_66                               11279    32687.040     0.000     32687.040 
      const_mul_8335_23  mult_signed_const_2174_1873                              10895    29097.582     0.000     29097.582 
    m24562               multfix_WIDTH64_CYCLES6_65                               11279    32687.040     0.000     32687.040 
      const_mul_8335_23  mult_signed_const_2174_1575                              10895    29097.582     0.000     29097.582 
    m24555               multfix_WIDTH64_CYCLES6_64                               11279    32687.040     0.000     32687.040 
      const_mul_8335_23  mult_signed_const_2174_1873                              10895    29097.582     0.000     29097.582 
    add24996             addfxp_width64_cycles1_91                                  690     2270.119     0.000      2270.119 
      add_8356_17        add_signed_91_5093                                         626     1671.876     0.000      1671.876 
    add24975             addfxp_width64_cycles1_90                                  690     2270.119     0.000      2270.119 
      add_8356_17        add_signed_91_5093                                         626     1671.876     0.000      1671.876 
    add24938             addfxp_width64_cycles1_89                                  690     2270.119     0.000      2270.119 
      add_8356_17        add_signed_91_5093                                         626     1671.876     0.000      1671.876 
    add24931             addfxp_width64_cycles1_88                                  690     2270.119     0.000      2270.119 
      add_8356_17        add_signed_91_5093                                         626     1671.876     0.000      1671.876 
    add24924             addfxp_width64_cycles1_87                                  690     2270.119     0.000      2270.119 
      add_8356_17        add_signed_91_5109                                         626     1671.876     0.000      1671.876 
    add24903             addfxp_width64_cycles1_86                                  690     2270.119     0.000      2270.119 
      add_8356_17        add_signed_91_5101                                         626     1671.876     0.000      1671.876 
    add24896             addfxp_width64_cycles1_79                                  690     2270.119     0.000      2270.119 
      add_8356_17        add_signed_79_5015                                         626     1671.876     0.000      1671.876 
    add24875             addfxp_width64_cycles1_78                                  690     2270.119     0.000      2270.119 
      add_8356_17        add_signed_79_5015                                         626     1671.876     0.000      1671.876 
    add24852             addfxp_width64_cycles1_83                                  690     2270.119     0.000      2270.119 
      add_8356_17        add_signed_79_5015                                         626     1671.876     0.000      1671.876 
    add24831             addfxp_width64_cycles1_82                                  690     2270.119     0.000      2270.119 
      add_8356_17        add_signed_79_5015                                         626     1671.876     0.000      1671.876 
    add24794             addfxp_width64_cycles1_81                                  690     2270.119     0.000      2270.119 
      add_8356_17        add_signed_79_5015                                         626     1671.876     0.000      1671.876 
    add24787             addfxp_width64_cycles1_80                                  690     2270.119     0.000      2270.119 
      add_8356_17        add_signed_79_5015                                         626     1671.876     0.000      1671.876 
    add24738             addfxp_width64_cycles1_75                                  690     2270.119     0.000      2270.119 
      add_8356_17        add_signed_79_5030                                         626     1671.876     0.000      1671.876 
    add24731             addfxp_width64_cycles1_74                                  690     2270.119     0.000      2270.119 
      add_8356_17        add_signed_79_5025                                         626     1671.876     0.000      1671.876 
    add24666             addfxp_width64_cycles1_73                                  690     2270.119     0.000      2270.119 
      add_8356_17        add_signed_91_5093                                         626     1671.876     0.000      1671.876 
    add24503             addfxp_width64_cycles1_68                                  690     2270.119     0.000      2270.119 
      add_8356_17        add_signed_91_5093                                         626     1671.876     0.000      1671.876 
    sub24989             subfxp_width64_cycles1_91                                  686     2259.436     0.000      2259.436 
      sub_8378_17        sub_signed_91_5098                                         622     1661.193     0.000      1661.193 
    sub24982             subfxp_width64_cycles1_90                                  686     2259.436     0.000      2259.436 
      sub_8378_17        sub_signed_91_5098                                         622     1661.193     0.000      1661.193 
    sub24952             subfxp_width64_cycles1_89                                  686     2259.436     0.000      2259.436 
      sub_8378_17        sub_signed_91_5098                                         622     1661.193     0.000      1661.193 
    sub24945             subfxp_width64_cycles1_88                                  686     2259.436     0.000      2259.436 
      sub_8378_17        sub_signed_91_5098                                         622     1661.193     0.000      1661.193 
    sub24917             subfxp_width64_cycles1_87                                  686     2259.436     0.000      2259.436 
      sub_8378_17        sub_signed_91_5110                                         622     1661.193     0.000      1661.193 
    sub24910             subfxp_width64_cycles1_86                                  686     2259.436     0.000      2259.436 
      sub_8378_17        sub_signed_91_5106                                         622     1661.193     0.000      1661.193 
    sub24889             subfxp_width64_cycles1_79                                  686     2259.436     0.000      2259.436 
      sub_8378_17        sub_signed_79_5020                                         622     1661.193     0.000      1661.193 
    sub24882             subfxp_width64_cycles1_78                                  686     2259.436     0.000      2259.436 
      sub_8378_17        sub_signed_79_5020                                         622     1661.193     0.000      1661.193 
    sub24845             subfxp_width64_cycles1_83                                  686     2259.436     0.000      2259.436 
      sub_8378_17        sub_signed_79_5020                                         622     1661.193     0.000      1661.193 
    sub24838             subfxp_width64_cycles1_82                                  686     2259.436     0.000      2259.436 
      sub_8378_17        sub_signed_79_5020                                         622     1661.193     0.000      1661.193 
    sub24808             subfxp_width64_cycles1_81                                  686     2259.436     0.000      2259.436 
      sub_8378_17        sub_signed_79_5020                                         622     1661.193     0.000      1661.193 
    sub24801             subfxp_width64_cycles1_80                                  686     2259.436     0.000      2259.436 
      sub_8378_17        sub_signed_79_5020                                         622     1661.193     0.000      1661.193 
    sub24752             subfxp_width64_cycles1_75                                  686     2259.436     0.000      2259.436 
      sub_8378_17        sub_signed_79_5037                                         622     1661.193     0.000      1661.193 
    sub24745             subfxp_width64_cycles1_74                                  686     2259.436     0.000      2259.436 
      sub_8378_17        sub_signed_79_5035                                         622     1661.193     0.000      1661.193 
    sub24696             subfxp_width64_cycles1_73                                  686     2259.436     0.000      2259.436 
      sub_8378_17        sub_signed_91_5105                                         622     1661.193     0.000      1661.193 
    sub24533             subfxp_width64_cycles1_68                                  686     2259.436     0.000      2259.436 
      sub_8378_17        sub_signed_91_5103                                         622     1661.193     0.000      1661.193 
    add24759             addfxp_width64_cycles1_76                                  667     2208.692     0.000      2208.692 
      add_8356_17        add_signed_79_5028                                         603     1610.449     0.000      1610.449 
    add24651             addfxp_width64_cycles1_72                                  667     2208.692     0.000      2208.692 
      add_8356_17        add_signed_79_5029                                         603     1610.449     0.000      1610.449 
    add24606             addfxp_width64_cycles1_71                                  667     2208.692     0.000      2208.692 
      add_8356_17        add_signed_79_5032                                         603     1610.449     0.000      1610.449 
    add24591             addfxp_width64_cycles1_70                                  667     2208.692     0.000      2208.692 
      add_8356_17        add_signed_79_5027                                         603     1610.449     0.000      1610.449 
    add24569             addfxp_width64_cycles1_84                                  667     2208.692     0.000      2208.692 
      add_8356_17        add_signed_91_5102                                         603     1610.449     0.000      1610.449 
    add24518             addfxp_width64_cycles1_69                                  667     2208.692     0.000      2208.692 
      add_8356_17        add_signed_79_5034                                         603     1610.449     0.000      1610.449 
    add24458             addfxp_width64_cycles1_67                                  667     2208.692     0.000      2208.692 
      add_8356_17        add_signed_79_5031                                         603     1610.449     0.000      1610.449 
    add24443             addfxp_width64_cycles1_66                                  667     2208.692     0.000      2208.692 
      add_8356_17        add_signed_79_5026                                         603     1610.449     0.000      1610.449 
    sub24773             subfxp_width64_cycles1_76                                  664     2200.680     0.000      2200.680 
      sub_8378_17        sub_signed_79_5038                                         600     1602.437     0.000      1602.437 
    sub24681             subfxp_width64_cycles1_72                                  664     2200.680     0.000      2200.680 
      sub_8378_17        sub_signed_79_5043                                         600     1602.437     0.000      1602.437 
    sub24636             subfxp_width64_cycles1_71                                  664     2200.680     0.000      2200.680 
      sub_8378_17        sub_signed_79_5040                                         600     1602.437     0.000      1602.437 
    sub24621             subfxp_width64_cycles1_70                                  664     2200.680     0.000      2200.680 
      sub_8378_17        sub_signed_79_5042                                         600     1602.437     0.000      1602.437 
    sub24576             subfxp_width64_cycles1_84                                  664     2200.680     0.000      2200.680 
      sub_8378_17        sub_signed_91_5107                                         600     1602.437     0.000      1602.437 
    sub24548             subfxp_width64_cycles1_69                                  664     2200.680     0.000      2200.680 
      sub_8378_17        sub_signed_79_5043                                         600     1602.437     0.000      1602.437 
    sub24488             subfxp_width64_cycles1_67                                  664     2200.680     0.000      2200.680 
      sub_8378_17        sub_signed_79_5041                                         600     1602.437     0.000      1602.437 
    sub24473             subfxp_width64_cycles1_66                                  664     2200.680     0.000      2200.680 
      sub_8378_17        sub_signed_79_5039                                         600     1602.437     0.000      1602.437 
    sub24780             subfxp_width64_cycles1_77                                  630     2109.875     0.000      2109.875 
      sub_8378_17        sub_signed_79_5036                                         566     1511.632     0.000      1511.632 
    sub24717             subfxp_width64_cycles1_85                                  630     2109.875     0.000      2109.875 
      sub_8378_17        sub_signed_91_5104                                         566     1511.632     0.000      1511.632 
    add24766             addfxp_width64_cycles1_77                                  630     2109.875     0.000      2109.875 
      add_8356_17        add_signed_79_5033                                         566     1511.632     0.000      1511.632 
    add24724             addfxp_width64_cycles1_85                                  630     2109.875     0.000      2109.875 
      add_8356_17        add_signed_91_5108                                         566     1511.632     0.000      1511.632 
    shiftFIFO_27737      shiftRegFIFO_depth10_width1_2                               10       93.475     0.000        93.475 
  stage4                 codeBlock22139                                           86713   306870.474     0.741    306871.216 
    m22418               multfix_WIDTH64_CYCLES6_35                               11279    32687.040     0.000     32687.040 
      const_mul_8335_23  mult_signed_const_2174                                   10895    29097.582     0.000     29097.582 
    m22411               multfix_WIDTH64_CYCLES6_34                               11279    32687.040     0.000     32687.040 
      const_mul_8335_23  mult_signed_const_2174_1803                              10895    29097.582     0.000     29097.582 
    m22270               multfix_WIDTH64_CYCLES6_33                               11279    32687.040     0.000     32687.040 
      const_mul_8335_23  mult_signed_const_2174                                   10895    29097.582     0.000     29097.582 
    m22263               multfix_WIDTH64_CYCLES6_32                               11279    32687.040     0.000     32687.040 
      const_mul_8335_23  mult_signed_const_2174_1803                              10895    29097.582     0.000     29097.582 
    add22704             addfxp_width64_cycles1_58                                  690     2270.119     0.000      2270.119 
      add_8356_17        add_signed_58_5075                                         626     1671.876     0.000      1671.876 
    add22683             addfxp_width64_cycles1_57                                  690     2270.119     0.000      2270.119 
      add_8356_17        add_signed_58_5075                                         626     1671.876     0.000      1671.876 
    add22646             addfxp_width64_cycles1_56                                  690     2270.119     0.000      2270.119 
      add_8356_17        add_signed_58_5075                                         626     1671.876     0.000      1671.876 
    add22639             addfxp_width64_cycles1_55                                  690     2270.119     0.000      2270.119 
      add_8356_17        add_signed_58_5075                                         626     1671.876     0.000      1671.876 
    add22632             addfxp_width64_cycles1_54                                  690     2270.119     0.000      2270.119 
      add_8356_17        add_signed_58_5091                                         626     1671.876     0.000      1671.876 
    add22611             addfxp_width64_cycles1_53                                  690     2270.119     0.000      2270.119 
      add_8356_17        add_signed_58_5083                                         626     1671.876     0.000      1671.876 
    add22604             addfxp_width64_cycles1_46                                  690     2270.119     0.000      2270.119 
      add_8356_17        add_signed_46_4985                                         626     1671.876     0.000      1671.876 
    add22583             addfxp_width64_cycles1_45                                  690     2270.119     0.000      2270.119 
      add_8356_17        add_signed_46_4985                                         626     1671.876     0.000      1671.876 
    add22560             addfxp_width64_cycles1_50                                  690     2270.119     0.000      2270.119 
      add_8356_17        add_signed_46_4985                                         626     1671.876     0.000      1671.876 
    add22539             addfxp_width64_cycles1_49                                  690     2270.119     0.000      2270.119 
      add_8356_17        add_signed_46_4985                                         626     1671.876     0.000      1671.876 
    add22502             addfxp_width64_cycles1_48                                  690     2270.119     0.000      2270.119 
      add_8356_17        add_signed_46_4985                                         626     1671.876     0.000      1671.876 
    add22495             addfxp_width64_cycles1_47                                  690     2270.119     0.000      2270.119 
      add_8356_17        add_signed_46_4985                                         626     1671.876     0.000      1671.876 
    add22446             addfxp_width64_cycles1_42                                  690     2270.119     0.000      2270.119 
      add_8356_17        add_signed_46_5000                                         626     1671.876     0.000      1671.876 
    add22439             addfxp_width64_cycles1_41                                  690     2270.119     0.000      2270.119 
      add_8356_17        add_signed_46_4995                                         626     1671.876     0.000      1671.876 
    add22374             addfxp_width64_cycles1_40                                  690     2270.119     0.000      2270.119 
      add_8356_17        add_signed_58_5075                                         626     1671.876     0.000      1671.876 
    add22211             addfxp_width64_cycles1_35                                  690     2270.119     0.000      2270.119 
      add_8356_17        add_signed_58_5075                                         626     1671.876     0.000      1671.876 
    sub22697             subfxp_width64_cycles1_58                                  686     2259.436     0.000      2259.436 
      sub_8378_17        sub_signed_58_5080                                         622     1661.193     0.000      1661.193 
    sub22690             subfxp_width64_cycles1_57                                  686     2259.436     0.000      2259.436 
      sub_8378_17        sub_signed_58_5080                                         622     1661.193     0.000      1661.193 
    sub22660             subfxp_width64_cycles1_56                                  686     2259.436     0.000      2259.436 
      sub_8378_17        sub_signed_58_5080                                         622     1661.193     0.000      1661.193 
    sub22653             subfxp_width64_cycles1_55                                  686     2259.436     0.000      2259.436 
      sub_8378_17        sub_signed_58_5080                                         622     1661.193     0.000      1661.193 
    sub22625             subfxp_width64_cycles1_54                                  686     2259.436     0.000      2259.436 
      sub_8378_17        sub_signed_58_5092                                         622     1661.193     0.000      1661.193 
    sub22618             subfxp_width64_cycles1_53                                  686     2259.436     0.000      2259.436 
      sub_8378_17        sub_signed_58_5088                                         622     1661.193     0.000      1661.193 
    sub22597             subfxp_width64_cycles1_46                                  686     2259.436     0.000      2259.436 
      sub_8378_17        sub_signed_46_4990                                         622     1661.193     0.000      1661.193 
    sub22590             subfxp_width64_cycles1_45                                  686     2259.436     0.000      2259.436 
      sub_8378_17        sub_signed_46_4990                                         622     1661.193     0.000      1661.193 
    sub22553             subfxp_width64_cycles1_50                                  686     2259.436     0.000      2259.436 
      sub_8378_17        sub_signed_46_4990                                         622     1661.193     0.000      1661.193 
    sub22546             subfxp_width64_cycles1_49                                  686     2259.436     0.000      2259.436 
      sub_8378_17        sub_signed_46_4990                                         622     1661.193     0.000      1661.193 
    sub22516             subfxp_width64_cycles1_48                                  686     2259.436     0.000      2259.436 
      sub_8378_17        sub_signed_46_4990                                         622     1661.193     0.000      1661.193 
    sub22509             subfxp_width64_cycles1_47                                  686     2259.436     0.000      2259.436 
      sub_8378_17        sub_signed_46_4990                                         622     1661.193     0.000      1661.193 
    sub22460             subfxp_width64_cycles1_42                                  686     2259.436     0.000      2259.436 
      sub_8378_17        sub_signed_46_5007                                         622     1661.193     0.000      1661.193 
    sub22453             subfxp_width64_cycles1_41                                  686     2259.436     0.000      2259.436 
      sub_8378_17        sub_signed_46_5005                                         622     1661.193     0.000      1661.193 
    sub22404             subfxp_width64_cycles1_40                                  686     2259.436     0.000      2259.436 
      sub_8378_17        sub_signed_58_5087                                         622     1661.193     0.000      1661.193 
    sub22241             subfxp_width64_cycles1_35                                  686     2259.436     0.000      2259.436 
      sub_8378_17        sub_signed_58_5085                                         622     1661.193     0.000      1661.193 
    add22467             addfxp_width64_cycles1_43                                  667     2208.692     0.000      2208.692 
      add_8356_17        add_signed_46_4998                                         603     1610.449     0.000      1610.449 
    add22359             addfxp_width64_cycles1_39                                  667     2208.692     0.000      2208.692 
      add_8356_17        add_signed_46_4999                                         603     1610.449     0.000      1610.449 
    add22314             addfxp_width64_cycles1_38                                  667     2208.692     0.000      2208.692 
      add_8356_17        add_signed_46_5002                                         603     1610.449     0.000      1610.449 
    add22299             addfxp_width64_cycles1_37                                  667     2208.692     0.000      2208.692 
      add_8356_17        add_signed_46_4997                                         603     1610.449     0.000      1610.449 
    add22277             addfxp_width64_cycles1_51                                  667     2208.692     0.000      2208.692 
      add_8356_17        add_signed_58_5084                                         603     1610.449     0.000      1610.449 
    add22226             addfxp_width64_cycles1_36                                  667     2208.692     0.000      2208.692 
      add_8356_17        add_signed_46_5004                                         603     1610.449     0.000      1610.449 
    add22166             addfxp_width64_cycles1_34                                  667     2208.692     0.000      2208.692 
      add_8356_17        add_signed_46_5001                                         603     1610.449     0.000      1610.449 
    add22151             addfxp_width64_cycles1_33                                  667     2208.692     0.000      2208.692 
      add_8356_17        add_signed_46_4996                                         603     1610.449     0.000      1610.449 
    sub22481             subfxp_width64_cycles1_43                                  664     2200.680     0.000      2200.680 
      sub_8378_17        sub_signed_46_5008                                         600     1602.437     0.000      1602.437 
    sub22389             subfxp_width64_cycles1_39                                  664     2200.680     0.000      2200.680 
      sub_8378_17        sub_signed_46_5013                                         600     1602.437     0.000      1602.437 
    sub22344             subfxp_width64_cycles1_38                                  664     2200.680     0.000      2200.680 
      sub_8378_17        sub_signed_46_5010                                         600     1602.437     0.000      1602.437 
    sub22329             subfxp_width64_cycles1_37                                  664     2200.680     0.000      2200.680 
      sub_8378_17        sub_signed_46_5012                                         600     1602.437     0.000      1602.437 
    sub22284             subfxp_width64_cycles1_51                                  664     2200.680     0.000      2200.680 
      sub_8378_17        sub_signed_58_5089                                         600     1602.437     0.000      1602.437 
    sub22256             subfxp_width64_cycles1_36                                  664     2200.680     0.000      2200.680 
      sub_8378_17        sub_signed_46_5013                                         600     1602.437     0.000      1602.437 
    sub22196             subfxp_width64_cycles1_34                                  664     2200.680     0.000      2200.680 
      sub_8378_17        sub_signed_46_5011                                         600     1602.437     0.000      1602.437 
    sub22181             subfxp_width64_cycles1_33                                  664     2200.680     0.000      2200.680 
      sub_8378_17        sub_signed_46_5009                                         600     1602.437     0.000      1602.437 
    sub22488             subfxp_width64_cycles1_44                                  630     2109.875     0.000      2109.875 
      sub_8378_17        sub_signed_46_5006                                         566     1511.632     0.000      1511.632 
    sub22425             subfxp_width64_cycles1_52                                  630     2109.875     0.000      2109.875 
      sub_8378_17        sub_signed_58_5086                                         566     1511.632     0.000      1511.632 
    add22474             addfxp_width64_cycles1_44                                  630     2109.875     0.000      2109.875 
      add_8356_17        add_signed_46_5003                                         566     1511.632     0.000      1511.632 
    add22432             addfxp_width64_cycles1_52                                  630     2109.875     0.000      2109.875 
      add_8356_17        add_signed_58_5090                                         566     1511.632     0.000      1511.632 
    shiftFIFO_27712      shiftRegFIFO_depth10_width1_1                               10       93.475     0.000        93.475 
  stage1                 codeBlock20742                                           86713   306870.474     0.741    306871.216 
    m21021               multfix_WIDTH64_CYCLES6_3                                11279    32687.040     0.000     32687.040 
      const_mul_8335_23  mult_signed_const_2174_1678                              10895    29097.582     0.000     29097.582 
    m21014               multfix_WIDTH64_CYCLES6_2                                11279    32687.040     0.000     32687.040 
      const_mul_8335_23  mult_signed_const_2174_1943                              10895    29097.582     0.000     29097.582 
    m20873               multfix_WIDTH64_CYCLES6_1                                11279    32687.040     0.000     32687.040 
      const_mul_8335_23  mult_signed_const_2174_1678                              10895    29097.582     0.000     29097.582 
    m20866               multfix_WIDTH64_CYCLES6                                  11279    32687.040     0.000     32687.040 
      const_mul_8335_23  mult_signed_const_2174_1943                              10895    29097.582     0.000     29097.582 
    add21307             addfxp_width64_cycles1_25                                  690     2270.119     0.000      2270.119 
      add_8356_17        add_signed_25_5111                                         626     1671.876     0.000      1671.876 
    add21286             addfxp_width64_cycles1_24                                  690     2270.119     0.000      2270.119 
      add_8356_17        add_signed_25_5111                                         626     1671.876     0.000      1671.876 
    add21249             addfxp_width64_cycles1_23                                  690     2270.119     0.000      2270.119 
      add_8356_17        add_signed_25_5111                                         626     1671.876     0.000      1671.876 
    add21242             addfxp_width64_cycles1_22                                  690     2270.119     0.000      2270.119 
      add_8356_17        add_signed_25_5111                                         626     1671.876     0.000      1671.876 
    add21235             addfxp_width64_cycles1_21                                  690     2270.119     0.000      2270.119 
      add_8356_17        add_signed_25_5127                                         626     1671.876     0.000      1671.876 
    add21214             addfxp_width64_cycles1_20                                  690     2270.119     0.000      2270.119 
      add_8356_17        add_signed_25_5119                                         626     1671.876     0.000      1671.876 
    add21207             addfxp_width64_cycles1_13                                  690     2270.119     0.000      2270.119 
      add_8356_17        add_signed_13_5045                                         626     1671.876     0.000      1671.876 
    add21186             addfxp_width64_cycles1_12                                  690     2270.119     0.000      2270.119 
      add_8356_17        add_signed_13_5045                                         626     1671.876     0.000      1671.876 
    add21163             addfxp_width64_cycles1_17                                  690     2270.119     0.000      2270.119 
      add_8356_17        add_signed_13_5045                                         626     1671.876     0.000      1671.876 
    add21142             addfxp_width64_cycles1_16                                  690     2270.119     0.000      2270.119 
      add_8356_17        add_signed_13_5045                                         626     1671.876     0.000      1671.876 
    add21105             addfxp_width64_cycles1_15                                  690     2270.119     0.000      2270.119 
      add_8356_17        add_signed_13_5045                                         626     1671.876     0.000      1671.876 
    add21098             addfxp_width64_cycles1_14                                  690     2270.119     0.000      2270.119 
      add_8356_17        add_signed_13_5045                                         626     1671.876     0.000      1671.876 
    add21049             addfxp_width64_cycles1_9                                   690     2270.119     0.000      2270.119 
      add_8356_17        add_signed_13_5060                                         626     1671.876     0.000      1671.876 
    add21042             addfxp_width64_cycles1_8                                   690     2270.119     0.000      2270.119 
      add_8356_17        add_signed_13_5055                                         626     1671.876     0.000      1671.876 
    add20977             addfxp_width64_cycles1_7                                   690     2270.119     0.000      2270.119 
      add_8356_17        add_signed_25_5111                                         626     1671.876     0.000      1671.876 
    add20814             addfxp_width64_cycles1_2                                   690     2270.119     0.000      2270.119 
      add_8356_17        add_signed_25_5111                                         626     1671.876     0.000      1671.876 
    sub21300             subfxp_width64_cycles1_25                                  686     2259.436     0.000      2259.436 
      sub_8378_17        sub_signed_25_5116                                         622     1661.193     0.000      1661.193 
    sub21293             subfxp_width64_cycles1_24                                  686     2259.436     0.000      2259.436 
      sub_8378_17        sub_signed_25_5116                                         622     1661.193     0.000      1661.193 
    sub21263             subfxp_width64_cycles1_23                                  686     2259.436     0.000      2259.436 
      sub_8378_17        sub_signed_25_5116                                         622     1661.193     0.000      1661.193 
    sub21256             subfxp_width64_cycles1_22                                  686     2259.436     0.000      2259.436 
      sub_8378_17        sub_signed_25_5116                                         622     1661.193     0.000      1661.193 
    sub21228             subfxp_width64_cycles1_21                                  686     2259.436     0.000      2259.436 
      sub_8378_17        sub_signed_25_5128                                         622     1661.193     0.000      1661.193 
    sub21221             subfxp_width64_cycles1_20                                  686     2259.436     0.000      2259.436 
      sub_8378_17        sub_signed_25_5124                                         622     1661.193     0.000      1661.193 
    sub21200             subfxp_width64_cycles1_13                                  686     2259.436     0.000      2259.436 
      sub_8378_17        sub_signed_13_5050                                         622     1661.193     0.000      1661.193 
    sub21193             subfxp_width64_cycles1_12                                  686     2259.436     0.000      2259.436 
      sub_8378_17        sub_signed_13_5050                                         622     1661.193     0.000      1661.193 
    sub21156             subfxp_width64_cycles1_17                                  686     2259.436     0.000      2259.436 
      sub_8378_17        sub_signed_13_5050                                         622     1661.193     0.000      1661.193 
    sub21149             subfxp_width64_cycles1_16                                  686     2259.436     0.000      2259.436 
      sub_8378_17        sub_signed_13_5050                                         622     1661.193     0.000      1661.193 
    sub21119             subfxp_width64_cycles1_15                                  686     2259.436     0.000      2259.436 
      sub_8378_17        sub_signed_13_5050                                         622     1661.193     0.000      1661.193 
    sub21112             subfxp_width64_cycles1_14                                  686     2259.436     0.000      2259.436 
      sub_8378_17        sub_signed_13_5050                                         622     1661.193     0.000      1661.193 
    sub21063             subfxp_width64_cycles1_9                                   686     2259.436     0.000      2259.436 
      sub_8378_17        sub_signed_13_5067                                         622     1661.193     0.000      1661.193 
    sub21056             subfxp_width64_cycles1_8                                   686     2259.436     0.000      2259.436 
      sub_8378_17        sub_signed_13_5065                                         622     1661.193     0.000      1661.193 
    sub21007             subfxp_width64_cycles1_7                                   686     2259.436     0.000      2259.436 
      sub_8378_17        sub_signed_25_5123                                         622     1661.193     0.000      1661.193 
    sub20844             subfxp_width64_cycles1_2                                   686     2259.436     0.000      2259.436 
      sub_8378_17        sub_signed_25_5121                                         622     1661.193     0.000      1661.193 
    add21070             addfxp_width64_cycles1_10                                  667     2208.692     0.000      2208.692 
      add_8356_17        add_signed_13_5058                                         603     1610.449     0.000      1610.449 
    add20962             addfxp_width64_cycles1_6                                   667     2208.692     0.000      2208.692 
      add_8356_17        add_signed_13_5059                                         603     1610.449     0.000      1610.449 
    add20917             addfxp_width64_cycles1_5                                   667     2208.692     0.000      2208.692 
      add_8356_17        add_signed_13_5062                                         603     1610.449     0.000      1610.449 
    add20902             addfxp_width64_cycles1_4                                   667     2208.692     0.000      2208.692 
      add_8356_17        add_signed_13_5057                                         603     1610.449     0.000      1610.449 
    add20880             addfxp_width64_cycles1_18                                  667     2208.692     0.000      2208.692 
      add_8356_17        add_signed_25_5120                                         603     1610.449     0.000      1610.449 
    add20829             addfxp_width64_cycles1_3                                   667     2208.692     0.000      2208.692 
      add_8356_17        add_signed_13_5064                                         603     1610.449     0.000      1610.449 
    add20769             addfxp_width64_cycles1_1                                   667     2208.692     0.000      2208.692 
      add_8356_17        add_signed_13_5061                                         603     1610.449     0.000      1610.449 
    add20754             addfxp_width64_cycles1                                     667     2208.692     0.000      2208.692 
      add_8356_17        add_signed_13_5056                                         603     1610.449     0.000      1610.449 
    sub21084             subfxp_width64_cycles1_10                                  664     2200.680     0.000      2200.680 
      sub_8378_17        sub_signed_13_5068                                         600     1602.437     0.000      1602.437 
    sub20992             subfxp_width64_cycles1_6                                   664     2200.680     0.000      2200.680 
      sub_8378_17        sub_signed_13_5073                                         600     1602.437     0.000      1602.437 
    sub20947             subfxp_width64_cycles1_5                                   664     2200.680     0.000      2200.680 
      sub_8378_17        sub_signed_13_5070                                         600     1602.437     0.000      1602.437 
    sub20932             subfxp_width64_cycles1_4                                   664     2200.680     0.000      2200.680 
      sub_8378_17        sub_signed_13_5072                                         600     1602.437     0.000      1602.437 
    sub20887             subfxp_width64_cycles1_18                                  664     2200.680     0.000      2200.680 
      sub_8378_17        sub_signed_25_5125                                         600     1602.437     0.000      1602.437 
    sub20859             subfxp_width64_cycles1_3                                   664     2200.680     0.000      2200.680 
      sub_8378_17        sub_signed_13_5073                                         600     1602.437     0.000      1602.437 
    sub20799             subfxp_width64_cycles1_1                                   664     2200.680     0.000      2200.680 
      sub_8378_17        sub_signed_13_5071                                         600     1602.437     0.000      1602.437 
    sub20784             subfxp_width64_cycles1                                     664     2200.680     0.000      2200.680 
      sub_8378_17        sub_signed_13_5069                                         600     1602.437     0.000      1602.437 
    sub21091             subfxp_width64_cycles1_11                                  630     2109.875     0.000      2109.875 
      sub_8378_17        sub_signed_13_5066                                         566     1511.632     0.000      1511.632 
    sub21028             subfxp_width64_cycles1_19                                  630     2109.875     0.000      2109.875 
      sub_8378_17        sub_signed_25_5122                                         566     1511.632     0.000      1511.632 
    add21077             addfxp_width64_cycles1_11                                  630     2109.875     0.000      2109.875 
      add_8356_17        add_signed_13_5063                                         566     1511.632     0.000      1511.632 
    add21035             addfxp_width64_cycles1_19                                  630     2109.875     0.000      2109.875 
      add_8356_17        add_signed_25_5126                                         566     1511.632     0.000      1511.632 
    shiftFIFO_27695      shiftRegFIFO_depth10_width1                                 10       93.475     0.000        93.475 
