============================================================
  Generated by:           Genus(TM) Synthesis Solution 18.14-s037_1
  Generated on:           Feb 27 2023  03:41:01 pm
  Module:                 dft_top
  Operating conditions:   PVT_0P9V_125C 
  Interconnect mode:      global
  Area mode:              physical library
============================================================

          Instance                                Module                        Cell Count   Cell Area   Net Area   Total Area 
-------------------------------------------------------------------------------------------------------------------------------
dft_top                                                                             755971 2863408.680 926381.847  3789790.527 
  IComposeInst79453         ICompose_77874                                          513194 1868104.206 645181.532  2513285.738 
    instList79472           statementList77872                                      507914 1851468.300 639749.254  2491217.554 
      instrc79477           rc77870                                                 242441  994866.714 278283.350  1273150.064 
        instPerm79485       perm77868                                               242441  994866.714 278283.350  1273150.064 
          memSys            memArray512_77868_numBanks8_logBanks3_depth64_logD      229728  949435.092 264324.352  1213759.444 
            memMod1         memMod_depth128_width128_logDepth7_9                     28763  118801.224  33061.344   151862.568 
            memMod0         memMod_depth128_width128_logDepth7                       28761  118798.146  33059.861   151858.007 
            memMod3         memMod_depth128_width128_logDepth7_11                    28699  118639.458  33014.266   151653.724 
            memMod5         memMod_depth128_width128_logDepth7_13                    28697  118635.012  33012.784   151647.796 
            memMod7         memMod_depth128_width128_logDepth7_8                     28694  118625.436  33010.560   151635.996 
            memMod4         memMod_depth128_width128_logDepth7_12                    28693  118625.436  33010.180   151635.616 
            memMod2         memMod_depth128_width128_logDepth7_10                    28693  118625.436  33010.180   151635.616 
            memMod6         memMod_depth128_width128_logDepth7_14                    28693  118625.436  33010.180   151635.616 
          out_sw_1_3        switch_width128_19                                         273     669.294    104.684      773.978 
          out_sw_1_2        switch_width128_18                                         273     669.294    104.684      773.978 
          out_sw_1_1        switch_width128_17                                         273     669.294    104.684      773.978 
          out_sw_1_0        switch_width128_16                                         273     669.294    104.684      773.978 
          out_sw_0_3        switch_width128_15                                         272     640.224     98.526      738.750 
          out_sw_0_1        switch_width128_13                                         272     640.224     98.526      738.750 
          out_sw_0_2        switch_width128_14                                         272     640.224     98.526      738.750 
          out_sw_0_0        switch_width128                                            272     640.224     98.526      738.750 
          in_sw_1_3         switch_width134_19                                         272     640.224     98.526      738.750 
          in_sw_1_2         switch_width134_18                                         272     640.224     98.526      738.750 
          in_sw_0_3         switch_width134_15                                         272     640.224     98.526      738.750 
          in_sw_0_1         switch_width134_13                                         272     640.224     98.526      738.750 
          in_sw_1_1         switch_width134_17                                         272     640.224     98.526      738.750 
          in_sw_0_2         switch_width134_14                                         272     640.224     98.526      738.750 
          in_sw_0_0         switch_width134                                            272     640.224     98.526      738.750 
          in_sw_1_0         switch_width134_23                                         272     640.224     98.526      738.750 
          out_sw_2_3        switch_width128_12                                         259     628.254     94.307      722.561 
          out_sw_2_2        switch_width128_22                                         259     628.254     94.307      722.561 
          out_sw_2_1        switch_width128_21                                         259     628.254     94.307      722.561 
          out_sw_2_0        switch_width128_20                                         259     628.254     94.307      722.561 
          in_sw_2_2         switch_width134_22                                         258     625.860     93.205      719.065 
          in_sw_2_0         switch_width134_20                                         258     625.860     93.205      719.065 
          in_sw_2_3         switch_width134_16                                         258     625.860     93.205      719.065 
          in_sw_2_1         switch_width134_21                                         258     625.860     93.205      719.065 
      DirSumInst79475       DirSum_77279                                            229212  737152.614 319511.711  1056664.325 
        codeBlockIsnt79478  codeBlock75466                                          229192  737084.898 319492.154  1056577.052 
          m75568            multfix_WIDTH64_CYCLES6_1                                 7182   22766.598   9499.991    32266.589 
          m75974            multfix_WIDTH64_CYCLES6_16                                7155   22640.058   9549.730    32189.788 
          m76014            multfix_WIDTH64_CYCLES6_18                                7146   22597.992   9567.614    32165.606 
          m76228            multfix_WIDTH64_CYCLES6_26                                7154   22617.486   9543.933    32161.419 
          m76188            multfix_WIDTH64_CYCLES6_24                                7134   22602.780   9513.581    32116.361 
          m75996            multfix_WIDTH64_CYCLES6_17                                7121   22609.278   9467.472    32076.750 
          m76103            multfix_WIDTH64_CYCLES6_21                                7128   22597.308   9461.485    32058.793 
          m76025            multfix_WIDTH64_CYCLES6_19                                7103   22581.576   9395.269    31976.845 
          m76132            multfix_WIDTH64_CYCLES6_23                                7095   22556.952   9418.247    31975.199 
          m75760            multfix_WIDTH64_CYCLES6_8                                 7175   22692.384   9155.415    31847.799 
          m75800            multfix_WIDTH64_CYCLES6_10                                7143   22633.560   9133.140    31766.700 
          m75918            multfix_WIDTH64_CYCLES6_15                                7045   22337.730   9392.589    31730.319 
          m76121            multfix_WIDTH64_CYCLES6_22                                7106   22631.850   9082.984    31714.834 
          m75586            multfix_WIDTH64_CYCLES6_2                                 7109   22522.752   9067.133    31589.885 
          m76081            multfix_WIDTH64_CYCLES6_20                                7074   22531.986   9053.486    31585.472 
          m75811            multfix_WIDTH64_CYCLES6_11                                7087   22507.704   9067.798    31575.502 
          m75782            multfix_WIDTH64_CYCLES6_9                                 7076   22507.020   9060.367    31567.387 
          m75889            multfix_WIDTH64_CYCLES6_13                                6984   22252.230   9302.596    31554.826 
          m76210            multfix_WIDTH64_CYCLES6_25                                6982   21793.950   9552.144    31346.094 
          m76239            multfix_WIDTH64_CYCLES6_27                                6962   21791.898   9538.041    31329.939 
          m75597            multfix_WIDTH64_CYCLES6_3                                 6838   21903.732   9143.004    31046.736 
          m75546            multfix_WIDTH64_CYCLES6                                   6949   22070.970   8862.040    30933.010 
          m75907            multfix_WIDTH64_CYCLES6_14                                6883   22055.580   8846.037    30901.617 
          m75867            multfix_WIDTH64_CYCLES6_12                                6901   22013.856   8863.751    30877.607 
          m75693            multfix_WIDTH64_CYCLES6_6                                 7050   21541.554   8965.812    30507.366 
          m75675            multfix_WIDTH64_CYCLES6_5                                 7011   21390.732   8889.960    30280.692 
          m75653            multfix_WIDTH64_CYCLES6_4                                 6903   21277.188   8821.482    30098.670 
          m75704            multfix_WIDTH64_CYCLES6_7                                 6871   21217.338   8762.373    29979.711 
          instD5inst2_76763 D5_76763_2                                                 983    2218.554   1159.415     3377.969 
          instD5inst4_76763 D5_76763_4                                                 982    2205.900   1133.738     3339.638 
          instD5inst5_76763 D5_76763_5                                                 947    2175.462   1125.490     3300.952 
          instD5inst6_76763 D5_76763_6                                                 959    2178.540   1118.154     3296.694 
          instD5inst1_76763 D5_76763_1                                                 946    2146.050   1092.629     3238.679 
          instD5inst3_76763 D5_76763_3                                                 938    2107.746   1090.329     3198.075 
          instD5inst0_76763 D5_76763                                                   948    2078.676   1092.382     3171.058 
          instD6inst4_77277 D6_77277_4                                                 886    2054.736   1047.775     3102.511 
          instD6inst6_77277 D6_77277_6                                                 876    2069.442   1030.270     3099.712 
          instD6inst5_77277 D6_77277_5                                                 871    2040.030   1030.156     3070.186 
          instD6inst0_77277 D6_77277                                                   859    2017.458   1006.456     3023.914 
          instD6inst2_77277 D6_77277_2                                                 844    2002.068    991.365     2993.433 
          instD6inst1_77277 D6_77277_1                                                 823    1970.946    970.763     2941.709 
          instD6inst3_77277 D6_77277_3                                                 806    1931.274    953.487     2884.761 
          sub76003          subfxp_width64_cycles1_4                                   414    1029.762    339.369     1369.131 
          sub75789          subfxp_width64_cycles1_2                                   414    1029.762    339.369     1369.131 
          sub76110          subfxp_width64_cycles1_5                                   414    1029.762    339.369     1369.131 
          sub75575          subfxp_width64_cycles1                                     413    1027.368    338.628     1365.996 
          sub75896          subfxp_width64_cycles1_3                                   414    1024.632    339.008     1363.640 
          sub76217          subfxp_width64_cycles1_6                                   414    1024.290    339.008     1363.298 
          sub75682          subfxp_width64_cycles1_1                                   420     952.812    360.884     1313.696 
          add75711          addfxp_width64_cycles1_1                                   360     961.362    295.218     1256.580 
          add76032          addfxp_width64_cycles1_4                                   360     960.336    295.218     1255.554 
          add75818          addfxp_width64_cycles1_2                                   360     958.968    295.218     1254.186 
          add75925          addfxp_width64_cycles1_3                                   360     958.968    295.218     1254.186 
          add76139          addfxp_width64_cycles1_5                                   360     958.968    295.218     1254.186 
          add76246          addfxp_width64_cycles1_6                                   358     955.548    293.736     1249.284 
          add75604          addfxp_width64_cycles1                                     369     910.746    314.528     1225.274 
          shiftFIFO_79481   shiftRegFIFO_depth15_width1                                 15      82.080     10.377       92.457 
          m75492            multfix_WIDTH5_CYCLES2                                      17      66.006      9.978       75.984 
          sub76166          subfxp_width10_cycles1_6                                     6      51.300      0.000       51.300 
          sub75738          subfxp_width10_cycles1_2                                     6      49.248      0.000       49.248 
          sub75952          subfxp_width10_cycles1_4                                     6      48.564      0.000       48.564 
          sub75524          subfxp_width10_cycles1                                       6      47.196      0.000       47.196 
          sub75631          subfxp_width10_cycles1_1                                     6      47.196      0.000       47.196 
          sub75845          subfxp_width10_cycles1_3                                     6      47.196      0.000       47.196 
          sub76059          subfxp_width10_cycles1_5                                     6      43.434      0.000       43.434 
          add75485          addfxp_width10_cycles1                                       6      32.832      0.000       32.832 
          add75611          addfxp_width10_cycles1_1                                     6      32.832      0.000       32.832 
          add75718          addfxp_width10_cycles1_2                                     6      32.832      0.000       32.832 
          add75825          addfxp_width10_cycles1_3                                     6      32.832      0.000       32.832 
          add75932          addfxp_width10_cycles1_4                                     6      32.832      0.000       32.832 
          add76039          addfxp_width10_cycles1_5                                     6      32.832      0.000       32.832 
          add76146          addfxp_width10_cycles1_6                                     6      32.832      0.000       32.832 
      codeBlockIsnt79476    codeBlock77281                                           36261  119448.972  40062.728   159511.700 
        m77560              multfix_WIDTH64_CYCLES6_28                                2185    8704.584   2694.558    11399.142 
        m77553              multfix_WIDTH64_CYCLES6_30                                2185    8704.584   2694.558    11399.142 
        m77412              multfix_WIDTH64_CYCLES6_29                                2185    8704.584   2694.558    11399.142 
        m77405              multfix_WIDTH64_CYCLES6_31                                2185    8704.584   2694.558    11399.142 
        sub77546            subfxp_width64_cycles1_14                                  425    1072.854    365.293     1438.147 
        sub77531            subfxp_width64_cycles1_13                                  425    1072.854    365.293     1438.147 
        sub77398            subfxp_width64_cycles1_10                                  425    1072.854    365.293     1438.147 
        sub77383            subfxp_width64_cycles1_9                                   425    1072.854    365.293     1438.147 
        sub77767            subfxp_width64_cycles1_28                                  424     965.466    364.552     1330.018 
        sub77760            subfxp_width64_cycles1_27                                  424     965.466    364.552     1330.018 
        sub77630            subfxp_width64_cycles1_18                                  424     965.466    364.552     1330.018 
        sub77623            subfxp_width64_cycles1_17                                  424     965.466    364.552     1330.018 
        sub77567            subfxp_width64_cycles1_26                                  424     965.466    364.552     1330.018 
        sub77486            subfxp_width64_cycles1_12                                  424     965.466    364.552     1330.018 
        sub77471            subfxp_width64_cycles1_11                                  424     965.466    364.552     1330.018 
        sub77602            subfxp_width64_cycles1_16                                  424     964.440    364.552     1328.992 
        sub77595            subfxp_width64_cycles1_15                                  424     964.440    364.552     1328.992 
        sub77426            subfxp_width64_cycles1_25                                  424     964.440    364.552     1328.992 
        sub77338            subfxp_width64_cycles1_8                                   424     964.440    364.552     1328.992 
        sub77323            subfxp_width64_cycles1_7                                   424     964.440    364.552     1328.992 
        sub77839            subfxp_width64_cycles1_32                                  424     962.730    364.552     1327.282 
        sub77832            subfxp_width64_cycles1_31                                  424     962.730    364.552     1327.282 
        sub77802            subfxp_width64_cycles1_30                                  424     962.730    364.552     1327.282 
        sub77795            subfxp_width64_cycles1_29                                  424     962.730    364.552     1327.282 
        sub77739            subfxp_width64_cycles1_20                                  424     962.730    364.552     1327.282 
        sub77732            subfxp_width64_cycles1_19                                  424     962.730    364.552     1327.282 
        sub77695            subfxp_width64_cycles1_24                                  424     962.730    364.552     1327.282 
        sub77688            subfxp_width64_cycles1_23                                  424     962.730    364.552     1327.282 
        sub77658            subfxp_width64_cycles1_22                                  424     962.730    364.552     1327.282 
        sub77651            subfxp_width64_cycles1_21                                  424     962.730    364.552     1327.282 
        add77574            addfxp_width64_cycles1_26                                  418     940.158    359.363     1299.521 
        add77501            addfxp_width64_cycles1_13                                  418     940.158    359.363     1299.521 
        add77368            addfxp_width64_cycles1_10                                  418     940.158    359.363     1299.521 
        add77616            addfxp_width64_cycles1_18                                  418     939.132    359.363     1298.495 
        add77609            addfxp_width64_cycles1_17                                  418     939.132    359.363     1298.495 
        add77456            addfxp_width64_cycles1_12                                  418     939.132    359.363     1298.495 
        add77441            addfxp_width64_cycles1_11                                  418     939.132    359.363     1298.495 
        add77419            addfxp_width64_cycles1_25                                  418     939.132    359.363     1298.495 
        add77308            addfxp_width64_cycles1_8                                   418     938.106    359.363     1297.469 
        add77293            addfxp_width64_cycles1_7                                   418     938.106    359.363     1297.469 
        add77516            addfxp_width64_cycles1_14                                  369     915.534    314.528     1230.062 
        add77353            addfxp_width64_cycles1_9                                   369     915.534    314.528     1230.062 
        add77774            addfxp_width64_cycles1_28                                  369     914.508    314.528     1229.036 
        add77753            addfxp_width64_cycles1_27                                  369     914.508    314.528     1229.036 
        add77588            addfxp_width64_cycles1_16                                  369     913.482    314.528     1228.010 
        add77581            addfxp_width64_cycles1_15                                  369     913.482    314.528     1228.010 
        add77746            addfxp_width64_cycles1_20                                  369     911.772    314.528     1226.300 
        add77725            addfxp_width64_cycles1_19                                  369     911.772    314.528     1226.300 
        add77702            addfxp_width64_cycles1_24                                  369     911.772    314.528     1226.300 
        add77681            addfxp_width64_cycles1_23                                  369     911.772    314.528     1226.300 
        add77644            addfxp_width64_cycles1_22                                  369     911.772    314.528     1226.300 
        add77637            addfxp_width64_cycles1_21                                  369     911.772    314.528     1226.300 
        add77846            addfxp_width64_cycles1_32                                  368     912.114    313.787     1225.901 
        add77825            addfxp_width64_cycles1_31                                  368     912.114    313.787     1225.901 
        add77788            addfxp_width64_cycles1_30                                  368     912.114    313.787     1225.901 
        add77781            addfxp_width64_cycles1_29                                  368     912.114    313.787     1225.901 
        shiftFIFO_79484     shiftRegFIFO_depth10_width1                                 10      54.720      6.671       61.391 
  stage0                    rc75464                                                 242777  995304.474 278545.821  1273850.295 
    instPerm79454           perm75462                                               242777  995304.474 278545.821  1273850.295 
      memSys                memArray512_75462_numBanks8_logBanks3_depth64_logD      230025  949804.452 264517.775  1214322.227 
        memMod2             memMod_depth128_width128_logDepth7_2                     29184  119871.000  33373.762   153244.762 
        memMod7             memMod_depth128_width128_logDepth7_7                     28695  118628.514  33011.301   151639.815 
        memMod1             memMod_depth128_width128_logDepth7_1                     28694  118625.436  33010.560   151635.996 
        memMod5             memMod_depth128_width128_logDepth7_5                     28694  118625.436  33010.560   151635.996 
        memMod4             memMod_depth128_width128_logDepth7_4                     28693  118625.436  33010.180   151635.616 
        memMod0             memMod_depth128_width128_logDepth7_15                    28692  118620.990  33009.077   151630.067 
        memMod6             memMod_depth128_width128_logDepth7_6                     28691  118620.990  33008.697   151629.687 
        memMod3             memMod_depth128_width128_logDepth7_3                     28656  118142.532  32982.393   151124.925 
      out_sw_1_3            switch_width128_7                                          273     669.294    104.684      773.978 
      out_sw_1_2            switch_width128_6                                          273     669.294    104.684      773.978 
      out_sw_1_1            switch_width128_5                                          273     669.294    104.684      773.978 
      out_sw_1_0            switch_width128_4                                          273     669.294    104.684      773.978 
      out_sw_0_3            switch_width128_3                                          272     640.224     98.526      738.750 
      out_sw_0_1            switch_width128_1                                          272     640.224     98.526      738.750 
      out_sw_0_2            switch_width128_2                                          272     640.224     98.526      738.750 
      out_sw_0_0            switch_width128_23                                         272     640.224     98.526      738.750 
      in_sw_1_1             switch_width134_5                                          272     640.224     98.526      738.750 
      in_sw_1_0             switch_width134_4                                          272     640.224     98.526      738.750 
      in_sw_0_3             switch_width134_3                                          272     640.224     98.526      738.750 
      in_sw_0_1             switch_width134_1                                          272     640.224     98.526      738.750 
      in_sw_1_3             switch_width134_7                                          272     640.224     98.526      738.750 
      in_sw_0_2             switch_width134_2                                          272     640.224     98.526      738.750 
      in_sw_0_0             switch_width134_12                                         272     640.224     98.526      738.750 
      in_sw_1_2             switch_width134_6                                          272     640.224     98.526      738.750 
      out_sw_2_3            switch_width128_11                                         259     628.254     94.307      722.561 
      out_sw_2_2            switch_width128_10                                         259     628.254     94.307      722.561 
      out_sw_2_1            switch_width128_9                                          259     628.254     94.307      722.561 
      out_sw_2_0            switch_width128_8                                          259     628.254     94.307      722.561 
      in_sw_2_1             switch_width134_9                                          258     629.280     93.205      722.485 
      in_sw_2_2             switch_width134_10                                         258     625.860     93.205      719.065 
      in_sw_2_0             switch_width134_8                                          258     625.860     93.205      719.065 
      in_sw_2_3             switch_width134_11                                         258     625.860     93.205      719.065 
      nextReg_79459         nextReg_depth57_logDepth6                                   33      98.154     33.184      131.338 
      shiftFIFO_79462       shiftRegFIFO_depth6_width1                                   6      32.832      3.706       36.538 
