============================================================
  Generated by:           Genus(TM) Synthesis Solution 18.14-s037_1
  Generated on:           Feb 26 2023  07:50:51 pm
  Module:                 dft_top
  Operating conditions:   PVT_0P9V_125C 
  Interconnect mode:      global
  Area mode:              physical library
============================================================

          Instance                                Module                        Cell Count   Cell Area  Net Area   Total Area 
------------------------------------------------------------------------------------------------------------------------------
dft_top                                                                            1843304 7012067.687  2285.209  7014352.896 
  IComposeInst79453         ICompose_77874                                         1422609 4967969.295   764.207  4968733.502 
    instList79472           statementList77872                                     1417363 4940135.325   762.725  4940898.050 
      DirSumInst79475       DirSum_77279                                            910018 2589429.347     1.482  2589430.829 
        codeBlockIsnt79478  codeBlock75466                                          909987 2589304.001     0.741  2589304.743 
          m76239            multfix_WIDTH64_CYCLES6_27                               30605   84301.529     0.000    84301.529 
            mul_5124_23     mult_signed_3781_25_2729                                 30221   80712.071     0.000    80712.071 
          m76228            multfix_WIDTH64_CYCLES6_26                               30605   84301.529     0.000    84301.529 
            mul_5124_23     mult_signed_3781_25_2729                                 30221   80712.071     0.000    80712.071 
          m76210            multfix_WIDTH64_CYCLES6_25                               30605   84301.529     0.000    84301.529 
            mul_5124_23     mult_signed_3781_25_2729                                 30221   80712.071     0.000    80712.071 
          m76188            multfix_WIDTH64_CYCLES6_24                               30605   84301.529     0.000    84301.529 
            mul_5124_23     mult_signed_3781_25_2729                                 30221   80712.071     0.000    80712.071 
          m76025            multfix_WIDTH64_CYCLES6_19                               30605   84301.529     0.000    84301.529 
            mul_5124_23     mult_signed_3781_17_2717                                 30221   80712.071     0.000    80712.071 
          m76014            multfix_WIDTH64_CYCLES6_18                               30605   84301.529     0.000    84301.529 
            mul_5124_23     mult_signed_3781_17_2717                                 30221   80712.071     0.000    80712.071 
          m75996            multfix_WIDTH64_CYCLES6_17                               30605   84301.529     0.000    84301.529 
            mul_5124_23     mult_signed_3781_17_2717                                 30221   80712.071     0.000    80712.071 
          m75974            multfix_WIDTH64_CYCLES6_16                               30605   84301.529     0.000    84301.529 
            mul_5124_23     mult_signed_3781_17_2717                                 30221   80712.071     0.000    80712.071 
          m75811            multfix_WIDTH64_CYCLES6_11                               30605   84301.529     0.000    84301.529 
            mul_5124_23     mult_signed_3781_9_2726                                  30221   80712.071     0.000    80712.071 
          m75800            multfix_WIDTH64_CYCLES6_10                               30605   84301.529     0.000    84301.529 
            mul_5124_23     mult_signed_3781_9_2726                                  30221   80712.071     0.000    80712.071 
          m75782            multfix_WIDTH64_CYCLES6_9                                30605   84301.529     0.000    84301.529 
            mul_5124_23     mult_signed_3781_9_2726                                  30221   80712.071     0.000    80712.071 
          m75760            multfix_WIDTH64_CYCLES6_8                                30605   84301.529     0.000    84301.529 
            mul_5124_23     mult_signed_3781_9_2726                                  30221   80712.071     0.000    80712.071 
          m75586            multfix_WIDTH64_CYCLES6_2                                30605   84301.529     0.000    84301.529 
            mul_5124_23     mult_signed_3781_1_2732                                  30221   80712.071     0.000    80712.071 
          m75568            multfix_WIDTH64_CYCLES6_1                                30605   84301.529     0.000    84301.529 
            mul_5124_23     mult_signed_3781_1_2732                                  30221   80712.071     0.000    80712.071 
          m76132            multfix_WIDTH64_CYCLES6_23                               30604   84298.859     0.000    84298.859 
            mul_5124_23     mult_signed_3781_21_2735                                 30220   80709.400     0.000    80709.400 
          m76121            multfix_WIDTH64_CYCLES6_22                               30604   84298.859     0.000    84298.859 
            mul_5124_23     mult_signed_3781_21_2735                                 30220   80709.400     0.000    80709.400 
          m76103            multfix_WIDTH64_CYCLES6_21                               30604   84298.859     0.000    84298.859 
            mul_5124_23     mult_signed_3781_21_2735                                 30220   80709.400     0.000    80709.400 
          m76081            multfix_WIDTH64_CYCLES6_20                               30604   84298.859     0.000    84298.859 
            mul_5124_23     mult_signed_3781_21_2735                                 30220   80709.400     0.000    80709.400 
          m75704            multfix_WIDTH64_CYCLES6_7                                30478   83962.347     0.000    83962.347 
            mul_5124_23     mult_signed_3781_5_2722                                  30094   80372.888     0.000    80372.888 
          m75693            multfix_WIDTH64_CYCLES6_6                                30478   83962.347     0.000    83962.347 
            mul_5124_23     mult_signed_3781_5_2720                                  30094   80372.888     0.000    80372.888 
          m75675            multfix_WIDTH64_CYCLES6_5                                30478   83962.347     0.000    83962.347 
            mul_5124_23     mult_signed_3781_5_2720                                  30094   80372.888     0.000    80372.888 
          m75653            multfix_WIDTH64_CYCLES6_4                                30478   83962.347     0.000    83962.347 
            mul_5124_23     mult_signed_3781_5_2722                                  30094   80372.888     0.000    80372.888 
          m75918            multfix_WIDTH64_CYCLES6_15                               30291   83462.921     0.000    83462.921 
            mul_5124_23     mult_signed_3781_13_2723                                 29907   79873.462     0.000    79873.462 
          m75907            multfix_WIDTH64_CYCLES6_14                               30291   83462.921     0.000    83462.921 
            mul_5124_23     mult_signed_3781_13_2723                                 29907   79873.462     0.000    79873.462 
          m75889            multfix_WIDTH64_CYCLES6_13                               30291   83462.921     0.000    83462.921 
            mul_5124_23     mult_signed_3781_13_2723                                 29907   79873.462     0.000    79873.462 
          m75867            multfix_WIDTH64_CYCLES6_12                               30291   83462.921     0.000    83462.921 
            mul_5124_23     mult_signed_3781_13_2723                                 29907   79873.462     0.000    79873.462 
          m75597            multfix_WIDTH64_CYCLES6_3                                29752   82023.398     0.000    82023.398 
            mul_5124_23     mult_signed_3781_1_2734                                  29368   78433.940     0.000    78433.940 
          m75546            multfix_WIDTH64_CYCLES6                                  29752   82023.398     0.000    82023.398 
            mul_5124_23     mult_signed_3781_1_2734                                  29368   78433.940     0.000    78433.940 
          instD5inst2_76763 D5_76763_2                                                2717    7779.831     0.000     7779.831 
          instD5inst4_76763 D5_76763_4                                                2677    7655.642     0.000     7655.642 
          instD5inst0_76763 D5_76763                                                  2671    7580.861     0.000     7580.861 
          instD5inst5_76763 D5_76763_5                                                2638    7563.502     0.000     7563.502 
          instD5inst1_76763 D5_76763_1                                                2602    7483.380     0.000     7483.380 
          instD5inst6_76763 D5_76763_6                                                2573    7425.959     0.000     7425.959 
          instD6inst5_77277 D6_77277_5                                                2557    7267.051     0.000     7267.051 
          instD6inst4_77277 D6_77277_4                                                2544    7233.667     0.000     7233.667 
          instD6inst0_77277 D6_77277                                                  2528    7216.307     0.000     7216.307 
          instD6inst6_77277 D6_77277_6                                                2507    7177.582     0.000     7177.582 
          instD5inst3_76763 D5_76763_3                                                2468    7138.856     0.000     7138.856 
          instD6inst2_77277 D6_77277_2                                                2470    7072.088     0.000     7072.088 
          instD6inst1_77277 D6_77277_1                                                2430    6942.557     0.000     6942.557 
          instD6inst3_77277 D6_77277_3                                                2312    6680.826     0.000     6680.826 
          add76246          addfxp_width64_cycles1_6                                   690    2270.119     0.000     2270.119 
            add_5145_17     add_signed_3785_6                                          626    1671.876     0.000     1671.876 
          add76139          addfxp_width64_cycles1_5                                   690    2270.119     0.000     2270.119 
            add_5145_17     add_signed_3785_5                                          626    1671.876     0.000     1671.876 
          add76032          addfxp_width64_cycles1_4                                   690    2270.119     0.000     2270.119 
            add_5145_17     add_signed_3785_4                                          626    1671.876     0.000     1671.876 
          add75925          addfxp_width64_cycles1_3                                   690    2270.119     0.000     2270.119 
            add_5145_17     add_signed_3785_3                                          626    1671.876     0.000     1671.876 
          add75818          addfxp_width64_cycles1_2                                   690    2270.119     0.000     2270.119 
            add_5145_17     add_signed_3785_2                                          626    1671.876     0.000     1671.876 
          add75711          addfxp_width64_cycles1_1                                   690    2270.119     0.000     2270.119 
            add_5145_17     add_signed_3785_1                                          626    1671.876     0.000     1671.876 
          add75604          addfxp_width64_cycles1                                     690    2270.119     0.000     2270.119 
            add_5145_17     add_signed_3785                                            626    1671.876     0.000     1671.876 
          sub76217          subfxp_width64_cycles1_6                                   686    2259.436     0.000     2259.436 
            sub_5167_17     sub_signed_3783_6                                          622    1661.193     0.000     1661.193 
          sub76110          subfxp_width64_cycles1_5                                   686    2259.436     0.000     2259.436 
            sub_5167_17     sub_signed_3783_5                                          622    1661.193     0.000     1661.193 
          sub76003          subfxp_width64_cycles1_4                                   686    2259.436     0.000     2259.436 
            sub_5167_17     sub_signed_3783_4                                          622    1661.193     0.000     1661.193 
          sub75896          subfxp_width64_cycles1_3                                   686    2259.436     0.000     2259.436 
            sub_5167_17     sub_signed_3783_3                                          622    1661.193     0.000     1661.193 
          sub75789          subfxp_width64_cycles1_2                                   686    2259.436     0.000     2259.436 
            sub_5167_17     sub_signed_3783_2                                          622    1661.193     0.000     1661.193 
          sub75682          subfxp_width64_cycles1_1                                   686    2259.436     0.000     2259.436 
            sub_5167_17     sub_signed_3783_1                                          622    1661.193     0.000     1661.193 
          sub75575          subfxp_width64_cycles1                                     686    2259.436     0.000     2259.436 
            sub_5167_17     sub_signed_3783                                            622    1661.193     0.000     1661.193 
          shiftFIFO_79481   shiftRegFIFO_depth15_width1                                 15     140.213     0.000      140.213 
          m75492            multfix_WIDTH5_CYCLES2                                      21     122.853     0.000      122.853 
          sub76166          subfxp_width10_cycles1_6                                     6      56.085     0.000       56.085 
          sub76059          subfxp_width10_cycles1_5                                     6      56.085     0.000       56.085 
          sub75952          subfxp_width10_cycles1_4                                     6      56.085     0.000       56.085 
          sub75845          subfxp_width10_cycles1_3                                     6      56.085     0.000       56.085 
          sub75738          subfxp_width10_cycles1_2                                     6      56.085     0.000       56.085 
          sub75631          subfxp_width10_cycles1_1                                     6      56.085     0.000       56.085 
          sub75524          subfxp_width10_cycles1                                       6      56.085     0.000       56.085 
          add76146          addfxp_width10_cycles1_6                                     6      56.085     0.000       56.085 
          add76039          addfxp_width10_cycles1_5                                     6      56.085     0.000       56.085 
          add75932          addfxp_width10_cycles1_4                                     6      56.085     0.000       56.085 
          add75825          addfxp_width10_cycles1_3                                     6      56.085     0.000       56.085 
          add75718          addfxp_width10_cycles1_2                                     6      56.085     0.000       56.085 
          add75611          addfxp_width10_cycles1_1                                     6      56.085     0.000       56.085 
          add75485          addfxp_width10_cycles1                                       6      56.085     0.000       56.085 
      instrc79477           rc77870                                                 420632 2043835.504   760.501  2044596.005 
        instPerm79485       perm77868                                               420632 2043835.504   760.501  2044596.005 
          memSys            memArray512_77868_numBanks8_logBanks3_depth64_logD      396929 1945988.400   759.018  1946747.419 
            memMod7         memMod_depth128_width128_logDepth7_8                     49616  243248.383    94.877   243343.260 
            memMod6         memMod_depth128_width128_logDepth7_14                    49616  243248.383    94.877   243343.260 
            memMod5         memMod_depth128_width128_logDepth7_13                    49616  243248.383    94.877   243343.260 
            memMod4         memMod_depth128_width128_logDepth7_12                    49616  243248.383    94.877   243343.260 
            memMod3         memMod_depth128_width128_logDepth7_11                    49616  243248.383    94.877   243343.260 
            memMod2         memMod_depth128_width128_logDepth7_10                    49616  243248.383    94.877   243343.260 
            memMod1         memMod_depth128_width128_logDepth7_9                     49616  243248.383    94.877   243343.260 
            memMod0         memMod_depth128_width128_logDepth7                       49616  243248.383    94.877   243343.260 
          out_sw_2_3        switch_width128_12                                         768    2051.119     0.000     2051.119 
          out_sw_2_2        switch_width128_22                                         768    2051.119     0.000     2051.119 
          out_sw_2_1        switch_width128_21                                         768    2051.119     0.000     2051.119 
          out_sw_2_0        switch_width128_20                                         768    2051.119     0.000     2051.119 
          out_sw_1_3        switch_width128_19                                         768    2051.119     0.000     2051.119 
          out_sw_1_2        switch_width128_18                                         768    2051.119     0.000     2051.119 
          out_sw_1_1        switch_width128_17                                         768    2051.119     0.000     2051.119 
          out_sw_1_0        switch_width128_16                                         768    2051.119     0.000     2051.119 
          out_sw_0_3        switch_width128_15                                         768    2051.119     0.000     2051.119 
          out_sw_0_2        switch_width128_14                                         768    2051.119     0.000     2051.119 
          out_sw_0_1        switch_width128_13                                         768    2051.119     0.000     2051.119 
          out_sw_0_0        switch_width128                                            768    2051.119     0.000     2051.119 
          in_sw_2_3         switch_width134_16                                         768    2051.119     0.000     2051.119 
          in_sw_2_2         switch_width134_22                                         768    2051.119     0.000     2051.119 
          in_sw_2_1         switch_width134_21                                         768    2051.119     0.000     2051.119 
          in_sw_2_0         switch_width134_20                                         768    2051.119     0.000     2051.119 
          in_sw_1_3         switch_width134_19                                         768    2051.119     0.000     2051.119 
          in_sw_1_2         switch_width134_18                                         768    2051.119     0.000     2051.119 
          in_sw_1_1         switch_width134_17                                         768    2051.119     0.000     2051.119 
          in_sw_1_0         switch_width134_23                                         768    2051.119     0.000     2051.119 
          in_sw_0_3         switch_width134_15                                         768    2051.119     0.000     2051.119 
          in_sw_0_2         switch_width134_14                                         768    2051.119     0.000     2051.119 
          in_sw_0_1         switch_width134_13                                         768    2051.119     0.000     2051.119 
          in_sw_0_0         switch_width134                                            768    2051.119     0.000     2051.119 
      codeBlockIsnt79476    codeBlock77281                                           86713  306870.474     0.741   306871.216 
        m77560              multfix_WIDTH64_CYCLES6_28                               11279   32687.040     0.000    32687.040 
          const_mul_5124_23 mult_signed_const_2174                                   10895   29097.582     0.000    29097.582 
        m77553              multfix_WIDTH64_CYCLES6_30                               11279   32687.040     0.000    32687.040 
          const_mul_5124_23 mult_signed_const_2174_979                               10895   29097.582     0.000    29097.582 
        m77412              multfix_WIDTH64_CYCLES6_29                               11279   32687.040     0.000    32687.040 
          const_mul_5124_23 mult_signed_const_2174                                   10895   29097.582     0.000    29097.582 
        m77405              multfix_WIDTH64_CYCLES6_31                               11279   32687.040     0.000    32687.040 
          const_mul_5124_23 mult_signed_const_2174_979                               10895   29097.582     0.000    29097.582 
        add77846            addfxp_width64_cycles1_32                                  690    2270.119     0.000     2270.119 
          add_5145_17       add_signed_3785_32_2768                                    626    1671.876     0.000     1671.876 
        add77825            addfxp_width64_cycles1_31                                  690    2270.119     0.000     2270.119 
          add_5145_17       add_signed_3785_32_2768                                    626    1671.876     0.000     1671.876 
        add77788            addfxp_width64_cycles1_30                                  690    2270.119     0.000     2270.119 
          add_5145_17       add_signed_3785_32_2768                                    626    1671.876     0.000     1671.876 
        add77781            addfxp_width64_cycles1_29                                  690    2270.119     0.000     2270.119 
          add_5145_17       add_signed_3785_32_2768                                    626    1671.876     0.000     1671.876 
        add77774            addfxp_width64_cycles1_28                                  690    2270.119     0.000     2270.119 
          add_5145_17       add_signed_3785_32_2784                                    626    1671.876     0.000     1671.876 
        add77753            addfxp_width64_cycles1_27                                  690    2270.119     0.000     2270.119 
          add_5145_17       add_signed_3785_32_2776                                    626    1671.876     0.000     1671.876 
        add77746            addfxp_width64_cycles1_20                                  690    2270.119     0.000     2270.119 
          add_5145_17       add_signed_3785_20_2738                                    626    1671.876     0.000     1671.876 
        add77725            addfxp_width64_cycles1_19                                  690    2270.119     0.000     2270.119 
          add_5145_17       add_signed_3785_20_2738                                    626    1671.876     0.000     1671.876 
        add77702            addfxp_width64_cycles1_24                                  690    2270.119     0.000     2270.119 
          add_5145_17       add_signed_3785_20_2738                                    626    1671.876     0.000     1671.876 
        add77681            addfxp_width64_cycles1_23                                  690    2270.119     0.000     2270.119 
          add_5145_17       add_signed_3785_20_2738                                    626    1671.876     0.000     1671.876 
        add77644            addfxp_width64_cycles1_22                                  690    2270.119     0.000     2270.119 
          add_5145_17       add_signed_3785_20_2738                                    626    1671.876     0.000     1671.876 
        add77637            addfxp_width64_cycles1_21                                  690    2270.119     0.000     2270.119 
          add_5145_17       add_signed_3785_20_2738                                    626    1671.876     0.000     1671.876 
        add77588            addfxp_width64_cycles1_16                                  690    2270.119     0.000     2270.119 
          add_5145_17       add_signed_3785_20_2753                                    626    1671.876     0.000     1671.876 
        add77581            addfxp_width64_cycles1_15                                  690    2270.119     0.000     2270.119 
          add_5145_17       add_signed_3785_20_2748                                    626    1671.876     0.000     1671.876 
        add77516            addfxp_width64_cycles1_14                                  690    2270.119     0.000     2270.119 
          add_5145_17       add_signed_3785_32_2768                                    626    1671.876     0.000     1671.876 
        add77353            addfxp_width64_cycles1_9                                   690    2270.119     0.000     2270.119 
          add_5145_17       add_signed_3785_32_2768                                    626    1671.876     0.000     1671.876 
        sub77839            subfxp_width64_cycles1_32                                  686    2259.436     0.000     2259.436 
          sub_5167_17       sub_signed_3783_32_2773                                    622    1661.193     0.000     1661.193 
        sub77832            subfxp_width64_cycles1_31                                  686    2259.436     0.000     2259.436 
          sub_5167_17       sub_signed_3783_32_2773                                    622    1661.193     0.000     1661.193 
        sub77802            subfxp_width64_cycles1_30                                  686    2259.436     0.000     2259.436 
          sub_5167_17       sub_signed_3783_32_2773                                    622    1661.193     0.000     1661.193 
        sub77795            subfxp_width64_cycles1_29                                  686    2259.436     0.000     2259.436 
          sub_5167_17       sub_signed_3783_32_2773                                    622    1661.193     0.000     1661.193 
        sub77767            subfxp_width64_cycles1_28                                  686    2259.436     0.000     2259.436 
          sub_5167_17       sub_signed_3783_32_2785                                    622    1661.193     0.000     1661.193 
        sub77760            subfxp_width64_cycles1_27                                  686    2259.436     0.000     2259.436 
          sub_5167_17       sub_signed_3783_32_2781                                    622    1661.193     0.000     1661.193 
        sub77739            subfxp_width64_cycles1_20                                  686    2259.436     0.000     2259.436 
          sub_5167_17       sub_signed_3783_20_2743                                    622    1661.193     0.000     1661.193 
        sub77732            subfxp_width64_cycles1_19                                  686    2259.436     0.000     2259.436 
          sub_5167_17       sub_signed_3783_20_2743                                    622    1661.193     0.000     1661.193 
        sub77695            subfxp_width64_cycles1_24                                  686    2259.436     0.000     2259.436 
          sub_5167_17       sub_signed_3783_20_2743                                    622    1661.193     0.000     1661.193 
        sub77688            subfxp_width64_cycles1_23                                  686    2259.436     0.000     2259.436 
          sub_5167_17       sub_signed_3783_20_2743                                    622    1661.193     0.000     1661.193 
        sub77658            subfxp_width64_cycles1_22                                  686    2259.436     0.000     2259.436 
          sub_5167_17       sub_signed_3783_20_2743                                    622    1661.193     0.000     1661.193 
        sub77651            subfxp_width64_cycles1_21                                  686    2259.436     0.000     2259.436 
          sub_5167_17       sub_signed_3783_20_2743                                    622    1661.193     0.000     1661.193 
        sub77602            subfxp_width64_cycles1_16                                  686    2259.436     0.000     2259.436 
          sub_5167_17       sub_signed_3783_20_2760                                    622    1661.193     0.000     1661.193 
        sub77595            subfxp_width64_cycles1_15                                  686    2259.436     0.000     2259.436 
          sub_5167_17       sub_signed_3783_20_2758                                    622    1661.193     0.000     1661.193 
        sub77546            subfxp_width64_cycles1_14                                  686    2259.436     0.000     2259.436 
          sub_5167_17       sub_signed_3783_32_2780                                    622    1661.193     0.000     1661.193 
        sub77383            subfxp_width64_cycles1_9                                   686    2259.436     0.000     2259.436 
          sub_5167_17       sub_signed_3783_32_2778                                    622    1661.193     0.000     1661.193 
        add77609            addfxp_width64_cycles1_17                                  667    2208.692     0.000     2208.692 
          add_5145_17       add_signed_3785_20_2751                                    603    1610.449     0.000     1610.449 
        add77501            addfxp_width64_cycles1_13                                  667    2208.692     0.000     2208.692 
          add_5145_17       add_signed_3785_20_2752                                    603    1610.449     0.000     1610.449 
        add77456            addfxp_width64_cycles1_12                                  667    2208.692     0.000     2208.692 
          add_5145_17       add_signed_3785_20_2755                                    603    1610.449     0.000     1610.449 
        add77441            addfxp_width64_cycles1_11                                  667    2208.692     0.000     2208.692 
          add_5145_17       add_signed_3785_20_2750                                    603    1610.449     0.000     1610.449 
        add77419            addfxp_width64_cycles1_25                                  667    2208.692     0.000     2208.692 
          add_5145_17       add_signed_3785_32_2777                                    603    1610.449     0.000     1610.449 
        add77368            addfxp_width64_cycles1_10                                  667    2208.692     0.000     2208.692 
          add_5145_17       add_signed_3785_20_2757                                    603    1610.449     0.000     1610.449 
        add77308            addfxp_width64_cycles1_8                                   667    2208.692     0.000     2208.692 
          add_5145_17       add_signed_3785_20_2754                                    603    1610.449     0.000     1610.449 
        add77293            addfxp_width64_cycles1_7                                   667    2208.692     0.000     2208.692 
          add_5145_17       add_signed_3785_20_2749                                    603    1610.449     0.000     1610.449 
        sub77623            subfxp_width64_cycles1_17                                  664    2200.680     0.000     2200.680 
          sub_5167_17       sub_signed_3783_20_2761                                    600    1602.437     0.000     1602.437 
        sub77531            subfxp_width64_cycles1_13                                  664    2200.680     0.000     2200.680 
          sub_5167_17       sub_signed_3783_20_2766                                    600    1602.437     0.000     1602.437 
        sub77486            subfxp_width64_cycles1_12                                  664    2200.680     0.000     2200.680 
          sub_5167_17       sub_signed_3783_20_2763                                    600    1602.437     0.000     1602.437 
        sub77471            subfxp_width64_cycles1_11                                  664    2200.680     0.000     2200.680 
          sub_5167_17       sub_signed_3783_20_2765                                    600    1602.437     0.000     1602.437 
        sub77426            subfxp_width64_cycles1_25                                  664    2200.680     0.000     2200.680 
          sub_5167_17       sub_signed_3783_32_2782                                    600    1602.437     0.000     1602.437 
        sub77398            subfxp_width64_cycles1_10                                  664    2200.680     0.000     2200.680 
          sub_5167_17       sub_signed_3783_20_2766                                    600    1602.437     0.000     1602.437 
        sub77338            subfxp_width64_cycles1_8                                   664    2200.680     0.000     2200.680 
          sub_5167_17       sub_signed_3783_20_2764                                    600    1602.437     0.000     1602.437 
        sub77323            subfxp_width64_cycles1_7                                   664    2200.680     0.000     2200.680 
          sub_5167_17       sub_signed_3783_20_2762                                    600    1602.437     0.000     1602.437 
        sub77630            subfxp_width64_cycles1_18                                  630    2109.875     0.000     2109.875 
          sub_5167_17       sub_signed_3783_20_2759                                    566    1511.632     0.000     1511.632 
        sub77567            subfxp_width64_cycles1_26                                  630    2109.875     0.000     2109.875 
          sub_5167_17       sub_signed_3783_32_2779                                    566    1511.632     0.000     1511.632 
        add77616            addfxp_width64_cycles1_18                                  630    2109.875     0.000     2109.875 
          add_5145_17       add_signed_3785_20_2756                                    566    1511.632     0.000     1511.632 
        add77574            addfxp_width64_cycles1_26                                  630    2109.875     0.000     2109.875 
          add_5145_17       add_signed_3785_32_2783                                    566    1511.632     0.000     1511.632 
        shiftFIFO_79484     shiftRegFIFO_depth10_width1                                 10      93.475     0.000       93.475 
  stage0                    rc75464                                                 420695 2044098.392   761.242  2044859.634 
    instPerm79454           perm75462                                               420695 2044098.392   761.242  2044859.634 
      memSys                memArray512_75462_numBanks8_logBanks3_depth64_logD      396929 1945988.400   759.018  1946747.419 
        memMod7             memMod_depth128_width128_logDepth7_7                     49616  243248.383    94.877   243343.260 
        memMod6             memMod_depth128_width128_logDepth7_6                     49616  243248.383    94.877   243343.260 
        memMod5             memMod_depth128_width128_logDepth7_5                     49616  243248.383    94.877   243343.260 
        memMod4             memMod_depth128_width128_logDepth7_4                     49616  243248.383    94.877   243343.260 
        memMod3             memMod_depth128_width128_logDepth7_3                     49616  243248.383    94.877   243343.260 
        memMod2             memMod_depth128_width128_logDepth7_2                     49616  243248.383    94.877   243343.260 
        memMod1             memMod_depth128_width128_logDepth7_1                     49616  243248.383    94.877   243343.260 
        memMod0             memMod_depth128_width128_logDepth7_15                    49616  243248.383    94.877   243343.260 
      out_sw_2_3            switch_width128_11                                         768    2051.119     0.000     2051.119 
      out_sw_2_2            switch_width128_10                                         768    2051.119     0.000     2051.119 
      out_sw_2_1            switch_width128_9                                          768    2051.119     0.000     2051.119 
      out_sw_2_0            switch_width128_8                                          768    2051.119     0.000     2051.119 
      out_sw_1_3            switch_width128_7                                          768    2051.119     0.000     2051.119 
      out_sw_1_2            switch_width128_6                                          768    2051.119     0.000     2051.119 
      out_sw_1_1            switch_width128_5                                          768    2051.119     0.000     2051.119 
      out_sw_1_0            switch_width128_4                                          768    2051.119     0.000     2051.119 
      out_sw_0_3            switch_width128_3                                          768    2051.119     0.000     2051.119 
      out_sw_0_2            switch_width128_2                                          768    2051.119     0.000     2051.119 
      out_sw_0_1            switch_width128_1                                          768    2051.119     0.000     2051.119 
      out_sw_0_0            switch_width128_23                                         768    2051.119     0.000     2051.119 
      in_sw_2_3             switch_width134_11                                         768    2051.119     0.000     2051.119 
      in_sw_2_2             switch_width134_10                                         768    2051.119     0.000     2051.119 
      in_sw_2_1             switch_width134_9                                          768    2051.119     0.000     2051.119 
      in_sw_2_0             switch_width134_8                                          768    2051.119     0.000     2051.119 
      in_sw_1_3             switch_width134_7                                          768    2051.119     0.000     2051.119 
      in_sw_1_2             switch_width134_6                                          768    2051.119     0.000     2051.119 
      in_sw_1_1             switch_width134_5                                          768    2051.119     0.000     2051.119 
      in_sw_1_0             switch_width134_4                                          768    2051.119     0.000     2051.119 
      in_sw_0_3             switch_width134_3                                          768    2051.119     0.000     2051.119 
      in_sw_0_2             switch_width134_2                                          768    2051.119     0.000     2051.119 
      in_sw_0_1             switch_width134_1                                          768    2051.119     0.000     2051.119 
      in_sw_0_0             switch_width134_12                                         768    2051.119     0.000     2051.119 
      nextReg_79459         nextReg_depth57_logDepth6                                   55     201.461     0.741      202.202 
      shiftFIFO_79462       shiftRegFIFO_depth6_width1                                   6      56.085     0.000       56.085 
