For more accurate power reporting use build_rtl_power_models after generic synthesis.
============================================================
  Generated by:           Genus(TM) Synthesis Solution 18.14-s037_1
  Generated on:           Feb 26 2023  07:23:35 pm
  Module:                 dft_top
  Technology libraries:   slow_vdd1v0 1.0
                          giolib045 1.0
                          physical_cells 
  Operating conditions:   PVT_0P9V_125C 
  Interconnect mode:      global
  Area mode:              physical library
============================================================

                                                 Leakage     Dynamic        Total     
               Instance                  Cells  Power(nW)   Power(nW)     Power(nW)   
--------------------------------------------------------------------------------------
dft_top                                 1243918 71908.704 168086986.247 168158894.950 
  IComposeInst79453                     1095375 49371.161 161907623.749 161956994.911 
    instList79472                       1087969 48955.667 161612415.053 161661370.719 
      instrc79477                        148543 22537.542   4736814.015   4759351.558 
        instPerm79485                    148543 22537.542   4736814.015   4759351.558 
          memSys                         135481 21716.164   2573460.629   2595176.793 
            memMod0                       16927  2714.229    320581.901    323296.130 
              mux_mem[outAddr]_1207_14      128  1164.714     21407.152     22571.866 
            memMod1                       16927  2714.229    322308.017    325022.246 
              mux_mem[outAddr]_1207_14      128  1164.714     22738.275     23902.990 
            memMod2                       16927  2714.229    320087.284    322801.513 
              mux_mem[outAddr]_1207_14      128  1164.714     20703.569     21868.283 
            memMod3                       16927  2714.229    315843.175    318557.404 
              mux_mem[outAddr]_1207_14      128  1164.714     20759.698     21924.413 
            memMod4                       16927  2714.229    317459.015    320173.244 
              mux_mem[outAddr]_1207_14      128  1164.714     21842.289     23007.004 
            memMod5                       16927  2714.229    320956.584    323670.812 
              mux_mem[outAddr]_1207_14      128  1164.714     22475.232     23639.947 
            memMod6                       16927  2714.229    320478.869    323193.097 
              mux_mem[outAddr]_1207_14      128  1164.714     22867.603     24032.318 
            memMod7                       16927  2714.229    334063.641    336777.870 
              mux_mem[outAddr]_1207_14      128  1164.714     28830.660     29995.375 
            nextReg_79498                    65     2.333      1682.144      1684.476 
              add_1187_24                    27     0.665       589.097       589.762 
              mux_count_1174_17               7     0.407       161.174       161.581 
              mux_active_1178_18              1     0.042        32.507        32.550 
              mux_active_1174_17              1     0.042        14.789        14.831 
              mux_1171_22                     1     0.042         3.697         3.739 
          in_sw_0_0                         269    11.308     14216.471     14227.778 
            mux_1244_23                     134     5.649      6285.905      6291.554 
            mux_1243_23                     134     5.649      6471.114      6476.763 
          in_sw_0_1                         269    11.308     12795.174     12806.482 
            mux_1244_23                     134     5.649      5718.088      5723.736 
            mux_1243_23                     134     5.649      5617.636      5623.284 
          in_sw_0_2                         269    11.308     14207.786     14219.093 
            mux_1244_23                     134     5.649      6386.724      6392.372 
            mux_1243_23                     134     5.649      6361.611      6367.259 
          in_sw_0_3                         269    11.308     12798.872     12810.179 
            mux_1244_23                     134     5.649      5660.293      5665.941 
            mux_1243_23                     134     5.649      5679.128      5684.776 
          in_sw_1_0                         269    11.308     15337.129     15348.437 
            mux_1244_23                     134     5.649      6196.557      6202.205 
            mux_1243_23                     134     5.649      6221.670      6227.319 
          in_sw_1_1                         269    11.308     15484.878     15496.185 
            mux_1244_23                     134     5.649      6282.988      6288.636 
            mux_1243_23                     134     5.649      6282.988      6288.636 
          in_sw_1_2                         269    11.308     15126.598     15137.905 
            mux_1244_23                     134     5.649      6066.178      6071.827 
            mux_1243_23                     134     5.649      6141.518      6147.166 
          in_sw_1_3                         269    11.308     15484.878     15496.185 
            mux_1244_23                     134     5.649      6282.988      6288.636 
            mux_1243_23                     134     5.649      6282.988      6288.636 
          in_sw_2_0                         269    11.308    374557.596    374568.904 
            mux_1244_23                     134     5.649    185292.922    185298.570 
            mux_1243_23                     134     5.649    186345.772    186351.421 
          in_sw_2_1                         269    11.308    375776.679    375787.987 
            mux_1244_23                     134     5.649    184761.876    184767.524 
            mux_1243_23                     134     5.649    188095.902    188101.550 
          in_sw_2_2                         269    11.308    372093.551    372104.859 
            mux_1244_23                     134     5.649    185289.225    185294.873 
            mux_1243_23                     134     5.649    183885.424    183891.073 
          in_sw_2_3                         269    11.308    371387.954    371399.261 
            mux_1244_23                     134     5.649    184936.426    184942.075 
            mux_1243_23                     134     5.649    183532.626    183538.274 
          out_sw_0_0                        257    10.802     10021.358     10032.159 
            mux_1244_23                     128     5.396      4400.981      4406.376 
            mux_1243_23                     128     5.396      2831.413      2836.808 
          out_sw_0_1                        257    10.802     12183.448     12194.249 
            mux_1244_23                     128     5.396      6926.028      6931.424 
            mux_1243_23                     128     5.396      2468.455      2473.850 
          out_sw_0_2                        257    10.802     10247.372     10258.174 
            mux_1244_23                     128     5.396      4479.458      4484.853 
            mux_1243_23                     128     5.396      2978.950      2984.346 
          out_sw_0_3                        257    10.802      9938.973      9949.775 
            mux_1244_23                     128     5.396      5160.268      5165.664 
            mux_1243_23                     128     5.396      1989.741      1995.136 
          out_sw_1_0                        257    10.802     14896.768     14907.569 
            mux_1244_23                     128     5.396      6053.902      6059.297 
            mux_1243_23                     128     5.396      6053.902      6059.297 
          out_sw_1_1                        257    10.802     14896.768     14907.569 
            mux_1244_23                     128     5.396      6053.902      6059.297 
            mux_1243_23                     128     5.396      6053.902      6059.297 
          out_sw_1_2                        257    10.802     14896.768     14907.569 
            mux_1244_23                     128     5.396      6053.902      6059.297 
            mux_1243_23                     128     5.396      6053.902      6059.297 
          out_sw_1_3                        257    10.802     14896.768     14907.569 
            mux_1244_23                     128     5.396      6053.902      6059.297 
            mux_1243_23                     128     5.396      6053.902      6059.297 
          out_sw_2_0                        257    10.802     23393.291     23404.093 
            mux_1244_23                     128     5.396     10309.416     10314.811 
            mux_1243_23                     128     5.396     10294.911     10300.307 
          out_sw_2_1                        257    10.802     23581.854     23592.656 
            mux_1244_23                     128     5.396     10410.950     10416.345 
            mux_1243_23                     128     5.396     10381.940     10387.336 
          out_sw_2_2                        257    10.802     23433.109     23443.910 
            mux_1244_23                     128     5.396     10307.567     10312.963 
            mux_1243_23                     128     5.396     10336.577     10341.972 
          out_sw_2_3                        257    10.802     23360.584     23371.386 
            mux_1244_23                     128     5.396     10264.053     10269.448 
            mux_1243_23                     128     5.396     10307.567     10312.963 
          mux_z_0_1_4720_17                 128     5.396      1793.127      1798.523 
          mux_z_0_5_4720_17                 128     5.396       987.144       992.540 
          mux_z_0_3_4720_17                 128     5.396       539.787       545.182 
          mux_z_0_7_4720_17                 128     5.396      1408.622      1414.017 
          mux_z_0_0_4720_17                 128     5.396      1452.988      1458.383 
          mux_z_0_4_4720_17                 128     5.396       521.301       526.696 
          mux_z_0_2_4720_17                 128     5.396      1353.164      1358.560 
          mux_z_0_6_4720_17                 128     5.396       953.870       959.265 
          nextReg_79490                      62     2.301      1379.431      1381.731 
            add_1187_24                      27     0.665       419.455       420.121 
            mux_count_1174_17                 7     0.407       163.722       164.129 
            mux_active_1178_18                1     0.042        32.507        32.550 
            mux_active_1174_17                1     0.042        14.789        14.831 
            mux_1171_22                       1     0.042         0.000         0.042 
          shiftFIFO_79493                     6     0.561       163.055       163.616 
          add_4767_32                        22     0.555       381.018       381.572 
          add_4739_57                        22     0.555       818.377       818.931 
          add_4743_57                        22     0.555       908.183       908.738 
          rdaddr_sw_0_0                      13     0.516       707.987       708.503 
            mux_1244_23                       6     0.253       283.777       284.030 
            mux_1243_23                       6     0.253       283.777       284.030 
          rdaddr_sw_0_1                      13     0.516       707.987       708.503 
            mux_1244_23                       6     0.253       283.777       284.030 
            mux_1243_23                       6     0.253       283.777       284.030 
          rdaddr_sw_0_2                      13     0.516       707.987       708.503 
            mux_1244_23                       6     0.253       283.777       284.030 
            mux_1243_23                       6     0.253       283.777       284.030 
          rdaddr_sw_0_3                      13     0.516       707.987       708.503 
            mux_1244_23                       6     0.253       283.777       284.030 
            mux_1243_23                       6     0.253       283.777       284.030 
          rdaddr_sw_1_0                      13     0.516       707.987       708.503 
            mux_1244_23                       6     0.253       283.777       284.030 
            mux_1243_23                       6     0.253       283.777       284.030 
          rdaddr_sw_1_1                      13     0.516       707.987       708.503 
            mux_1244_23                       6     0.253       283.777       284.030 
            mux_1243_23                       6     0.253       283.777       284.030 
          rdaddr_sw_1_2                      13     0.516       707.987       708.503 
            mux_1244_23                       6     0.253       283.777       284.030 
            mux_1243_23                       6     0.253       283.777       284.030 
          rdaddr_sw_1_3                      13     0.516       707.987       708.503 
            mux_1244_23                       6     0.253       283.777       284.030 
            mux_1243_23                       6     0.253       283.777       284.030 
          rdaddr_sw_2_0                      13     0.516     17252.236     17252.752 
            mux_1244_23                       6     0.253      8555.901      8556.154 
            mux_1243_23                       6     0.253      8555.901      8556.154 
          rdaddr_sw_2_1                      13     0.516     17252.236     17252.752 
            mux_1244_23                       6     0.253      8555.901      8556.154 
            mux_1243_23                       6     0.253      8555.901      8556.154 
          rdaddr_sw_2_2                      13     0.516     17252.236     17252.752 
            mux_1244_23                       6     0.253      8555.901      8556.154 
            mux_1243_23                       6     0.253      8555.901      8556.154 
          rdaddr_sw_2_3                      13     0.516     17252.236     17252.752 
            mux_1244_23                       6     0.253      8555.901      8556.154 
            mux_1243_23                       6     0.253      8555.901      8556.154 
          gte_4762_25                        32     0.400       197.987       198.388 
          mux_inCount_4761_19                 6     0.253       133.167       133.420 
          mux_inCount_4720_17                 6     0.253        29.577        29.830 
          mux_outCou.._addr_4736_22           6     0.253       347.809       348.062 
          mux_outCou.._addr_4720_17           6     0.253       118.309       118.562 
          mux_outCou.._data_4740_22           6     0.253       391.286       391.539 
          mux_outCou.._data_4720_17           6     0.253       133.098       133.351 
          mux_inFlip0_4762_25                 1     0.042         3.697         3.739 
          mux_inFlip0_4761_19                 1     0.042         7.394         7.436 
          mux_inFlip0_4720_17                 1     0.042         1.849         1.891 
          mux_outFlip0_4720_17                1     0.042         0.000         0.042 
      DirSumInst79475                    783176 22117.461 154930206.114 154952323.576 
        codeBlockIsnt79478               783127 22115.513 154928910.741 154951026.254 
          m75546                          23088   636.811   5440096.523   5440733.334 
            mul_5124_23                   22322   565.197   5389336.966   5389902.163 
          m75568                          23088   636.811   5373408.996   5374045.807 
            mul_5124_23                   22322   565.197   5323836.997   5324402.194 
          m75586                          23088   636.811   5508343.435   5508980.245 
            mul_5124_23                   22322   565.197   5457133.783   5457698.980 
          m75597                          23088   636.811   5365451.151   5366087.961 
            mul_5124_23                   22322   565.197   5315083.429   5315648.626 
          m75653                          23088   636.811   5368261.699   5368898.509 
            mul_5124_23                   22322   565.197   5317922.965   5318488.163 
          m75675                          23088   636.811   5322625.253   5323262.063 
            mul_5124_23                   22322   565.197   5272694.593   5273259.791 
          m75693                          23088   636.811   5345162.484   5345799.294 
            mul_5124_23                   22322   565.197   5294929.195   5295494.393 
          m75704                          23088   636.811   5297531.000   5298167.811 
            mul_5124_23                   22322   565.197   5247018.876   5247584.073 
          m75760                          23088   636.811   5415872.943   5416509.753 
            mul_5124_23                   22322   565.197   5365484.451   5366049.649 
          m75782                          23088   636.811   5249477.078   5250113.888 
            mul_5124_23                   22322   565.197   5200316.153   5200881.350 
          m75800                          23088   636.811   5556160.346   5556797.156 
            mul_5124_23                   22322   565.197   5505106.890   5505672.087 
          m75811                          23088   636.811   5271430.574   5272067.384 
            mul_5124_23                   22322   565.197   5221291.836   5221857.033 
          m75867                          23088   636.811   5358269.526   5358906.336 
            mul_5124_23                   22322   565.197   5307881.687   5308446.884 
          m75889                          23088   636.811   5460242.252   5460879.063 
            mul_5124_23                   22322   565.197   5410033.394   5410598.591 
          m75907                          23088   636.811   5391671.868   5392308.679 
            mul_5124_23                   22322   565.197   5341085.600   5341650.797 
          m75918                          23088   636.811   5420865.841   5421502.652 
            mul_5124_23                   22322   565.197   5370111.604   5370676.801 
          m75974                          23088   636.811   5392420.786   5393057.597 
            mul_5124_23                   22322   565.197   5341624.103   5342189.300 
          m75996                          23088   636.811   5474167.499   5474804.309 
            mul_5124_23                   22322   565.197   5423840.164   5424405.361 
          m76014                          23088   636.811   5390476.396   5391113.207 
            mul_5124_23                   22322   565.197   5340080.745   5340645.942 
          m76025                          23088   636.811   5353850.020   5354486.830 
            mul_5124_23                   22322   565.197   5303301.505   5303866.702 
          m76081                          23088   636.811   5315056.342   5315693.152 
            mul_5124_23                   22322   565.197   5264796.202   5265361.399 
          m76103                          23088   636.811   5324269.530   5324906.340 
            mul_5124_23                   22322   565.197   5274672.784   5275237.981 
          m76121                          23088   636.811   5354857.017   5355493.828 
            mul_5124_23                   22322   565.197   5304415.604   5304980.801 
          m76132                          23088   636.811   5362338.639   5362975.449 
            mul_5124_23                   22322   565.197   5311742.987   5312308.184 
          m76188                          23088   636.811   5299054.099   5299690.909 
            mul_5124_23                   22322   565.197   5249000.556   5249565.754 
          m76210                          23088   636.811   5409617.254   5410254.064 
            mul_5124_23                   22322   565.197   5359991.735   5360556.932 
          m76228                          23088   636.811   5324535.938   5325172.749 
            mul_5124_23                   22322   565.197   5274457.541   5275022.738 
          m76239                          23088   636.811   5384938.072   5385574.883 
            mul_5124_23                   22322   565.197   5334602.343   5335167.540 
          instD5inst0_76763                7663   202.171    123560.374    123762.545 
          instD5inst1_76763                7663   202.171    132583.303    132785.474 
          instD5inst2_76763                7663   202.171    114927.801    115129.972 
          instD5inst3_76763                7663   202.171    119268.387    119470.558 
          instD5inst4_76763                7663   202.171    107678.533    107880.704 
          instD5inst5_76763                7663   202.171    139150.164    139352.335 
          instD5inst6_76763                7663   202.171    133837.242    134039.414 
          instD6inst0_77277                7556   199.541    122026.999    122226.540 
          instD6inst1_77277                7556   199.541    130964.307    131163.847 
          instD6inst2_77277                7556   199.541    114230.811    114430.352 
          instD6inst3_77277                7556   199.541    118165.114    118364.654 
          instD6inst4_77277                7556   199.541    105861.815    106061.356 
          instD6inst5_77277                7556   199.541    137132.393    137331.934 
          instD6inst6_77277                7556   199.541    131926.561    132126.101 
          sub75575                         1137    22.527     49240.515     49263.042 
            sub_5167_17                    1073    16.544     45293.039     45309.583 
          sub75682                         1137    22.527     50104.738     50127.265 
            sub_5167_17                    1073    16.544     46131.871     46148.415 
          sub75789                         1137    22.527     51103.303     51125.831 
            sub_5167_17                    1073    16.544     47136.295     47152.840 
          sub75896                         1137    22.527     49718.062     49740.589 
            sub_5167_17                    1073    16.544     45764.726     45781.270 
          sub76003                         1137    22.527     49575.489     49598.016 
            sub_5167_17                    1073    16.544     45608.481     45625.025 
          sub76110                         1137    22.527     49171.861     49194.388 
            sub_5167_17                    1073    16.544     45254.658     45271.202 
          sub76217                         1137    22.527     51632.493     51655.021 
            sub_5167_17                    1073    16.544     47573.689     47590.233 
          add75604                         1074    21.859     48728.847     48750.706 
            add_5145_17                    1010    15.876     44789.183     44805.059 
          add75711                         1074    21.859     50007.105     50028.964 
            add_5145_17                    1010    15.876     46004.941     46020.817 
          add75818                         1074    21.859     48187.086     48208.945 
            add_5145_17                    1010    15.876     44217.148     44233.024 
          add75925                         1074    21.859     49529.654     49551.513 
            add_5145_17                    1010    15.876     45505.029     45520.905 
          add76032                         1074    21.859     47558.111     47579.970 
            add_5145_17                    1010    15.876     43572.549     43588.425 
          add76139                         1074    21.859     45623.733     45645.592 
            add_5145_17                    1010    15.876     41733.874     41749.750 
          add76246                         1074    21.859     49254.466     49276.325 
            add_5145_17                    1010    15.876     45266.950     45282.826 
          m75492                            181     5.273      1711.216      1716.488 
            mul_5124_23                     163     3.590      1050.583      1054.173 
          mux_tm278_3501_17                  64     2.698       942.778       945.476 
          mux_tm270_3501_17                  64     2.698       944.627       947.325 
          mux_tm245_3501_17                  64     2.698       944.627       947.325 
          mux_tm237_3501_17                  64     2.698       942.778       945.476 
          mux_tm212_3501_17                  64     2.698       946.475       949.173 
          mux_tm204_3501_17                  64     2.698       940.930       943.627 
          mux_tm179_3501_17                  64     2.698       942.778       945.476 
          mux_tm171_3501_17                  64     2.698       942.778       945.476 
          mux_tm146_3501_17                  64     2.698       946.475       949.173 
          mux_tm138_3501_17                  64     2.698       939.081       941.779 
          mux_tm113_3501_17                  64     2.698       942.778       945.476 
          mux_tm105_3501_17                  64     2.698       942.778       945.476 
          mux_tm80_3501_17                   64     2.698       944.627       947.325 
          mux_tm72_3501_17                   64     2.698       942.778       945.476 
          mux_tm61_3501_17                   64     2.698       846.652       849.350 
          mux_tm60_3501_17                   64     2.698       854.046       856.744 
          mux_tm57_3501_17                   64     2.698       850.349       853.047 
          mux_tm56_3501_17                   64     2.698       857.743       860.441 
          mux_tm53_3501_17                   64     2.698       835.560       838.258 
          mux_tm52_3501_17                   64     2.698       842.955       845.652 
          mux_tm49_3501_17                   64     2.698       850.349       853.047 
          mux_tm48_3501_17                   64     2.698       857.743       860.441 
          mux_tm45_3501_17                   64     2.698       846.652       849.350 
          mux_tm44_3501_17                   64     2.698       839.257       841.955 
          mux_tm41_3501_17                   64     2.698       857.743       860.441 
          mux_tm40_3501_17                   64     2.698       850.349       853.047 
          mux_tm37_3501_17                   64     2.698       857.743       860.441 
          mux_tm36_3501_17                   64     2.698       842.955       845.652 
          sub75524                          108     2.646     23750.316     23752.963 
            sub_5167_17                      98     1.711        60.802        62.513 
          sub75631                          108     2.646     19830.993     19833.639 
            sub_5167_17                      98     1.711       263.189       264.900 
          sub75738                          108     2.646     16787.009     16789.655 
            sub_5167_17                      98     1.711       324.259       325.971 
          sub75845                          108     2.646     19106.828     19109.474 
            sub_5167_17                      98     1.711       106.821       108.532 
          sub75952                          108     2.646      6506.506      6509.152 
            sub_5167_17                      98     1.711       398.045       399.757 
          sub76059                          108     2.646     17655.885     17658.531 
            sub_5167_17                      98     1.711       242.284       243.995 
          sub76166                          108     2.646     16163.272     16165.918 
            sub_5167_17                      98     1.711       283.976       285.687 
          add75485                           99     2.551      1196.233      1198.783 
            add_5145_17                      89     1.616       921.236       922.852 
          add75611                           99     2.551      1196.233      1198.783 
            add_5145_17                      89     1.616       921.236       922.852 
          add75718                           99     2.551      1196.233      1198.783 
            add_5145_17                      89     1.616       921.236       922.852 
          add75825                           99     2.551      1216.845      1219.396 
            add_5145_17                      89     1.616       941.849       943.465 
          add75932                           99     2.551      1216.845      1219.396 
            add_5145_17                      89     1.616       941.849       943.465 
          add76039                           99     2.551      1216.845      1219.396 
            add_5145_17                      89     1.616       941.849       943.465 
          add76146                           99     2.551      1216.845      1219.396 
            add_5145_17                      89     1.616       941.849       943.465 
          shiftFIFO_79481                    15     1.402       617.344       618.746 
          sll_3387_22                        21     0.393       474.542       474.935 
          mux_3387_22                         6     0.253       582.334       582.586 
          g1                                  2     0.024        95.791        95.815 
        add_1898_22                          22     0.555       387.883       388.438 
        mux_i2_1895_22                        6     0.253       178.791       179.044 
        mux_i2_1893_19                        6     0.253       281.414       281.667 
        mux_i2_1889_17                        6     0.253        85.035        85.288 
      codeBlockIsnt79476                 156250  4300.663   1945394.923   1949695.586 
        m77405                            23088   636.811    167299.543    167936.353 
          mul_5124_23                     22322   565.197    137437.540    138002.737 
        m77412                            23088   636.811     29819.112     30455.923 
          mul_5124_23                     22322   565.197         0.000       565.197 
        m77553                            23088   636.811     29804.503     30441.314 
          mul_5124_23                     22322   565.197         0.000       565.197 
        m77560                            23088   636.811    167271.266    167908.076 
          mul_5124_23                     22322   565.197    137437.540    138002.737 
        sub77323                           1137    22.527     40098.861     40121.388 
          sub_5167_17                      1073    16.544     35354.431     35370.975 
        sub77338                           1137    22.527     40311.940     40334.467 
          sub_5167_17                      1073    16.544     35592.354     35608.898 
        sub77383                           1137    22.527     30549.196     30571.724 
          sub_5167_17                      1073    16.544      2417.573      2434.117 
        sub77398                           1137    22.527      2917.573      2940.101 
          sub_5167_17                      1073    16.544      2417.573      2434.117 
        sub77471                           1137    22.527      5966.542      5989.069 
          sub_5167_17                      1073    16.544      2417.573      2434.117 
        sub77486                           1137    22.527      2917.573      2940.101 
          sub_5167_17                      1073    16.544      2417.573      2434.117 
        sub77531                           1137    22.527     30549.196     30571.724 
          sub_5167_17                      1073    16.544      2417.573      2434.117 
        sub77546                           1137    22.527      2917.573      2940.101 
          sub_5167_17                      1073    16.544      2417.573      2434.117 
        sub77595                           1137    22.527      2917.573      2940.101 
          sub_5167_17                      1073    16.544      2417.573      2434.117 
        sub77602                           1137    22.527     35180.420     35202.947 
          sub_5167_17                      1073    16.544     34173.584     34190.128 
        sub77623                           1137    22.527      2917.573      2940.101 
          sub_5167_17                      1073    16.544      2417.573      2434.117 
        sub77630                           1137    22.527      2854.787      2877.314 
          sub_5167_17                      1073    16.544      2354.786      2371.330 
        sub77732                           1137    22.527     33939.084     33961.611 
          sub_5167_17                      1073    16.544     32965.451     32981.995 
        sub77739                           1137    22.527     16265.738     16288.265 
          sub_5167_17                      1073    16.544     15265.738     15282.282 
        sub77651                           1137    22.527      2854.787      2877.314 
          sub_5167_17                      1073    16.544      2354.786      2371.330 
        sub77658                           1137    22.527      2854.787      2877.314 
          sub_5167_17                      1073    16.544      2354.786      2371.330 
        sub77688                           1137    22.527       500.000       522.527 
          sub_5167_17                      1073    16.544         0.000        16.544 
        sub77695                           1137    22.527       500.000       522.527 
          sub_5167_17                      1073    16.544         0.000        16.544 
        sub77426                           1137    22.527     52024.619     52047.147 
          sub_5167_17                      1073    16.544     45982.338     45998.882 
        sub77567                           1137    22.527     51048.217     51070.744 
          sub_5167_17                      1073    16.544     45640.850     45657.394 
        sub77760                           1137    22.527      2917.573      2940.101 
          sub_5167_17                      1073    16.544      2417.573      2434.117 
        sub77767                           1137    22.527      2917.573      2940.101 
          sub_5167_17                      1073    16.544      2417.573      2434.117 
        sub77795                           1137    22.527     38566.580     38589.108 
          sub_5167_17                      1073    16.544     35216.268     35232.812 
        sub77802                           1137    22.527     14446.867     14469.395 
          sub_5167_17                      1073    16.544     11124.875     11141.419 
        sub77832                           1137    22.527     14666.860     14689.387 
          sub_5167_17                      1073    16.544     11333.790     11350.334 
        sub77839                           1137    22.527     38442.754     38465.281 
          sub_5167_17                      1073    16.544     35097.004     35113.548 
        add77293                           1074    21.859     37778.434     37800.293 
          add_5145_17                      1010    15.876     33041.817     33057.693 
        add77308                           1074    21.859     38140.933     38162.792 
          add_5145_17                      1010    15.876     33411.582     33427.457 
        add77353                           1074    21.859     32626.374     32648.233 
          add_5145_17                      1010    15.876     27916.124     27931.999 
        add77368                           1074    21.859     32567.936     32589.795 
          add_5145_17                      1010    15.876     27916.124     27931.999 
        add77441                           1074    21.859     31957.280     31979.139 
          add_5145_17                      1010    15.876     27916.124     27931.999 
        add77456                           1074    21.859     31898.842     31920.701 
          add_5145_17                      1010    15.876     27916.124     27931.999 
        add77501                           1074    21.859     31957.280     31979.139 
          add_5145_17                      1010    15.876     27916.124     27931.999 
        add77516                           1074    21.859     31898.842     31920.701 
          add_5145_17                      1010    15.876     27916.124     27931.999 
        add77581                           1074    21.859     32567.936     32589.795 
          add_5145_17                      1010    15.876     27916.124     27931.999 
        add77588                           1074    21.859     37866.104     37887.963 
          add_5145_17                      1010    15.876     33217.221     33233.097 
        add77609                           1074    21.859     31898.842     31920.701 
          add_5145_17                      1010    15.876     27916.124     27931.999 
        add77616                           1074    21.859     31755.530     31777.389 
          add_5145_17                      1010    15.876     27780.624     27796.500 
        add77725                           1074    21.859     17018.614     17040.473 
          add_5145_17                      1010    15.876     14410.146     14426.021 
        add77746                           1074    21.859     35659.105     35680.964 
          add_5145_17                      1010    15.876     33061.378     33077.254 
        add77637                           1074    21.859     30373.468     30395.327 
          add_5145_17                      1010    15.876     27780.624     27796.500 
        add77644                           1074    21.859     30373.468     30395.327 
          add_5145_17                      1010    15.876     27780.624     27796.500 
        add77681                           1074    21.859      2108.469      2130.328 
          add_5145_17                      1010    15.876         0.000        15.876 
        add77702                           1074    21.859      2108.469      2130.328 
          add_5145_17                      1010    15.876         0.000        15.876 
        add77419                           1074    21.859     51953.485     51975.344 
          add_5145_17                      1010    15.876     45797.923     45813.798 
        add77574                           1074    21.859     50836.658     50858.517 
          add_5145_17                      1010    15.876     45390.228     45406.104 
        add77753                           1074    21.859     31898.842     31920.701 
          add_5145_17                      1010    15.876     27916.124     27931.999 
        add77774                           1074    21.859     31898.842     31920.701 
          add_5145_17                      1010    15.876     27916.124     27931.999 
        add77781                           1074    21.859     36636.797     36658.656 
          add_5145_17                      1010    15.876     33282.578     33298.454 
        add77788                           1074    21.859     14685.248     14707.107 
          add_5145_17                      1010    15.876     11363.256     11379.132 
        add77825                           1074    21.859     36785.738     36807.597 
          add_5145_17                      1010    15.876     33432.175     33448.051 
        add77846                           1074    21.859     14573.353     14595.212 
          add_5145_17                      1010    15.876     11240.283     11256.158 
        shiftFIFO_79484                      10     0.935       585.375       586.310 
    mux_s0_1510_25                           64     2.698      3051.331      3054.029 
    mux_s0_1553_26                           64     2.698      3038.775      3041.473 
    mux_s0_1507_16                           64     2.698      3636.077      3638.774 
    mux_s0_1486_17                           64     2.698       953.870       956.568 
    mux_s1_1510_25                           64     2.698      3026.026      3028.724 
    mux_s1_1553_26                           64     2.698      3032.305      3035.003 
    mux_s1_1507_16                           64     2.698      3621.510      3624.208 
    mux_s1_1486_17                           64     2.698       950.173       952.870 
    mux_s2_1510_25                           64     2.698      3063.155      3065.853 
    mux_s2_1553_26                           64     2.698      3056.877      3059.575 
    mux_s2_1507_16                           64     2.698      3686.725      3689.422 
    mux_s2_1486_17                           64     2.698       972.356       975.053 
    mux_s3_1510_25                           64     2.698      3039.699      3042.397 
    mux_s3_1553_26                           64     2.698      3039.699      3042.397 
    mux_s3_1507_16                           64     2.698      3632.379      3635.077 
    mux_s3_1486_17                           64     2.698       953.870       956.568 
    mux_s4_1510_25                           64     2.698      3066.661      3069.359 
    mux_s4_1553_26                           64     2.698      3035.269      3037.967 
    mux_s4_1507_16                           64     2.698      3637.925      3640.623 
    mux_s4_1486_17                           64     2.698       953.870       956.568 
    mux_s5_1510_25                           64     2.698      3046.902      3049.599 
    mux_s5_1553_26                           64     2.698      3046.902      3049.599 
    mux_s5_1507_16                           64     2.698      3618.036      3620.733 
    mux_s5_1486_17                           64     2.698       946.475       949.173 
    mux_s6_1510_25                           64     2.698      3039.699      3042.397 
    mux_s6_1553_26                           64     2.698      3027.143      3029.840 
    mux_s6_1507_16                           64     2.698      3619.662      3622.360 
    mux_s6_1486_17                           64     2.698       950.173       952.870 
    mux_s7_1510_25                           64     2.698      3071.282      3073.980 
    mux_s7_1553_26                           64     2.698      3071.282      3073.980 
    mux_s7_1507_16                           64     2.698      3647.168      3649.866 
    mux_s7_1486_17                           64     2.698       953.870       956.568 
    mux_s8_1510_25                           64     2.698      3057.610      3060.307 
    mux_s8_1553_26                           64     2.698      3038.775      3041.473 
    mux_s8_1507_16                           64     2.698      3628.905      3631.602 
    mux_s8_1486_17                           64     2.698       950.173       952.870 
    mux_s9_1510_25                           64     2.698      3053.180      3055.878 
    mux_s9_1553_26                           64     2.698      3046.902      3049.599 
    mux_s9_1507_16                           64     2.698      3646.946      3649.643 
    mux_s9_1486_17                           64     2.698       957.567       960.265 
    mux_s10_1510_25                          64     2.698      3035.078      3037.775 
    mux_s10_1553_26                          64     2.698      3035.078      3037.775 
    mux_s10_1507_16                          64     2.698      3614.338      3617.036 
    mux_s10_1486_17                          64     2.698       946.475       949.173 
    mux_s11_1510_25                          64     2.698      3061.307      3064.005 
    mux_s11_1553_26                          64     2.698      3048.750      3051.448 
    mux_s11_1507_16                          64     2.698      3657.815      3660.512 
    mux_s11_1486_17                          64     2.698       961.264       963.962 
    mux_s12_1510_25                          64     2.698      3062.231      3064.929 
    mux_s12_1553_26                          64     2.698      3043.396      3046.094 
    mux_s12_1507_16                          64     2.698      3664.987      3667.684 
    mux_s12_1486_17                          64     2.698       964.961       967.659 
    mux_s13_1510_25                          64     2.698      3035.078      3037.775 
    mux_s13_1553_26                          64     2.698      3028.799      3031.497 
    mux_s13_1507_16                          64     2.698      3621.510      3624.208 
    mux_s13_1486_17                          64     2.698       950.173       952.870 
    mux_s14_1510_25                          64     2.698      3072.939      3075.637 
    mux_s14_1553_26                          64     2.698      3041.548      3044.245 
    mux_s14_1507_16                          64     2.698      3695.745      3698.443 
    mux_s14_1486_17                          64     2.698       976.053       978.751 
    mux_s15_1510_25                          64     2.698      3043.204      3045.902 
    mux_s15_1553_26                          64     2.698      3036.926      3039.624 
    mux_s15_1507_16                          64     2.698      3625.207      3627.905 
    mux_s15_1486_17                          64     2.698       950.173       952.870 
    mux_Y15_1404_17                          64     2.698       950.173       952.870 
    mux_Y14_1404_17                          64     2.698       942.778       945.476 
    mux_Y13_1404_17                          64     2.698       950.173       952.870 
    mux_Y12_1404_17                          64     2.698       953.870       956.568 
    mux_Y11_1404_17                          64     2.698       953.870       956.568 
    mux_Y10_1404_17                          64     2.698       950.173       952.870 
    mux_Y9_1404_17                           64     2.698       953.870       956.568 
    mux_Y8_1404_17                           64     2.698       957.567       960.265 
    mux_Y7_1404_17                           64     2.698       972.356       975.053 
    mux_Y6_1404_17                           64     2.698       957.567       960.265 
    mux_Y5_1404_17                           64     2.698       961.264       963.962 
    mux_Y4_1404_17                           64     2.698       961.264       963.962 
    mux_Y3_1404_17                           64     2.698       950.173       952.870 
    mux_Y2_1404_17                           64     2.698       953.870       956.568 
    mux_Y1_1404_17                           64     2.698       946.475       949.173 
    mux_Y0_1404_17                           64     2.698       953.870       956.568 
    mux_cycle_count_1445_16                   7     0.883       318.784       319.667 
    add_1461_43                              27     0.665       377.178       377.843 
    add_1552_31                              27     0.665       798.210       798.876 
    lt_1463_32                               42     0.519       378.362       378.882 
    lt_1553_26                               42     0.519     11556.943     11557.463 
    mux_i1_1445_16                            3     0.379       247.759       248.138 
    mux_count_1507_16                         7     0.295       117.642       117.937 
    mux_count_1486_17                         7     0.295        11.092        11.387 
    mux_cycle_count_1404_17                   7     0.295        55.458        55.753 
    sub_1470_25                              10     0.259       265.247       265.506 
    mux_iri_state_1445_16                     2     0.252       111.796       112.048 
    mux_i1_1404_17                            3     0.126        51.760        51.887 
    mux_int_next_1445_16                      1     0.126        84.781        84.907 
    mux_iri_state_1463_32                     2     0.084        32.507        32.592 
    mux_iri_state_1404_17                     2     0.084        22.183        22.267 
    gt_1471_23                                7     0.082        56.119        56.201 
    mux_state_1510_25                         1     0.042        32.507        32.550 
    mux_state_1553_26                         1     0.042        32.507        32.550 
    mux_iri_state_1449_25                     1     0.042        32.507        32.550 
    mux_iri_state_1471_23                     1     0.042         0.000         0.042 
    mux_int_next_1449_25                      1     0.042        32.507        32.550 
    mux_int_next_1471_23                      1     0.042         0.000         0.042 
    mux_int_next_1404_17                      1     0.042        22.183        22.225 
    mux_next_out_1471_23                      1     0.042         0.000         0.042 
    mux_next_out_1404_17                      1     0.042         0.000         0.042 
    mux_state_1507_16                         1     0.042        56.416        56.458 
    mux_state_1486_17                         1     0.042        14.789        14.831 
    mux_next_out_1445_16                      1     0.033         0.000         0.033 
  stage0                                 148543 22537.542   4762779.013   4785316.555 
    instPerm79454                        148543 22537.542   4762779.013   4785316.555 
      memSys                             135481 21716.164   2569753.579   2591469.743 
        memMod0                           16927  2714.229    327895.400    330609.629 
          mux_mem[outAddr]_1207_14          128  1164.714     27092.180     28256.895 
        memMod1                           16927  2714.229    321670.178    324384.407 
          mux_mem[outAddr]_1207_14          128  1164.714     26055.809     27220.523 
        memMod2                           16927  2714.229    322543.979    325258.208 
          mux_mem[outAddr]_1207_14          128  1164.714     23906.856     25071.571 
        memMod3                           16927  2714.229    324505.444    327219.673 
          mux_mem[outAddr]_1207_14          128  1164.714     24443.333     25608.048 
        memMod4                           16927  2714.229    318134.845    320849.074 
          mux_mem[outAddr]_1207_14          128  1164.714     22109.398     23274.112 
        memMod5                           16927  2714.229    318210.089    320924.318 
          mux_mem[outAddr]_1207_14          128  1164.714     22098.096     23262.810 
        memMod6                           16927  2714.229    318043.859    320758.088 
          mux_mem[outAddr]_1207_14          128  1164.714     22825.487     23990.201 
        memMod7                           16927  2714.229    317549.847    320264.076 
          mux_mem[outAddr]_1207_14          128  1164.714     23522.197     24686.911 
        nextReg_79467                        65     2.333      1199.937      1202.269 
          add_1187_24                        27     0.665       296.770       297.436 
          mux_count_1174_17                   7     0.407       168.486       168.893 
          mux_active_1178_18                  1     0.042        32.507        32.550 
          mux_active_1174_17                  1     0.042        14.789        14.831 
          mux_1171_22                         1     0.042         0.000         0.042 
      in_sw_0_0                             269    11.308     16192.079     16203.387 
        mux_1244_23                         134     5.649      7053.247      7058.896 
        mux_1243_23                         134     5.649      6949.656      6955.304 
      in_sw_0_1                             269    11.308     16163.269     16174.577 
        mux_1244_23                         134     5.649      6966.642      6972.290 
        mux_1243_23                         134     5.649      7007.451      7013.099 
      in_sw_0_2                             269    11.308     16171.954     16183.262 
        mux_1244_23                         134     5.649      6944.302      6949.950 
        mux_1243_23                         134     5.649      7038.476      7044.124 
      in_sw_0_3                             269    11.308     16219.774     16231.081 
        mux_1244_23                         134     5.649      7038.842      7044.491 
        mux_1243_23                         134     5.649      6991.755      6997.404 
      in_sw_1_0                             269    11.308     15151.711     15163.019 
        mux_1244_23                         134     5.649      6147.796      6153.444 
        mux_1243_23                         134     5.649      6085.013      6090.662 
      in_sw_1_1                             269    11.308     15112.751     15124.058 
        mux_1244_23                         134     5.649      6089.077      6094.725 
        mux_1243_23                         134     5.649      6104.772      6110.421 
      in_sw_1_2                             269    11.308     15227.050     15238.358 
        mux_1244_23                         134     5.649      6122.683      6128.331 
        mux_1243_23                         134     5.649      6185.465      6191.114 
      in_sw_1_3                             269    11.308     15130.295     15141.603 
        mux_1244_23                         134     5.649      6099.418      6105.067 
        mux_1243_23                         134     5.649      6111.975      6117.623 
      in_sw_2_0                             269    11.308    373851.999    373863.307 
        mux_1244_23                         134     5.649    184589.173    184594.822 
        mux_1243_23                         134     5.649    186343.924    186349.572 
      in_sw_2_1                             269    11.308    373150.099    373161.406 
        mux_1244_23                         134     5.649    185642.023    185647.672 
        mux_1243_23                         134     5.649    184589.173    184594.822 
      in_sw_2_2                             269    11.308    372799.149    372810.456 
        mux_1244_23                         134     5.649    185992.974    185998.622 
        mux_1243_23                         134     5.649    183887.273    183892.921 
      in_sw_2_3                             269    11.308    373848.302    373859.610 
        mux_1244_23                         134     5.649    184938.275    184943.923 
        mux_1243_23                         134     5.649    185991.125    185996.774 
      out_sw_0_0                            257    10.802     14896.768     14907.569 
        mux_1244_23                         128     5.396      6053.902      6059.297 
        mux_1243_23                         128     5.396      6053.902      6059.297 
      out_sw_0_1                            257    10.802     14896.768     14907.569 
        mux_1244_23                         128     5.396      6053.902      6059.297 
        mux_1243_23                         128     5.396      6053.902      6059.297 
      out_sw_0_2                            257    10.802     14896.768     14907.569 
        mux_1244_23                         128     5.396      6053.902      6059.297 
        mux_1243_23                         128     5.396      6053.902      6059.297 
      out_sw_0_3                            257    10.802     14896.768     14907.569 
        mux_1244_23                         128     5.396      6053.902      6059.297 
        mux_1243_23                         128     5.396      6053.902      6059.297 
      out_sw_1_0                            257    10.802     14722.441     14733.243 
        mux_1244_23                         128     5.396      5960.460      5965.856 
        mux_1243_23                         128     5.396      5973.017      5978.412 
      out_sw_1_1                            257    10.802     14583.377     14594.179 
        mux_1244_23                         128     5.396      5892.498      5897.893 
        mux_1243_23                         128     5.396      5901.915      5907.311 
      out_sw_1_2                            257    10.802     14369.149     14379.951 
        mux_1244_23                         128     5.396      5725.740      5731.136 
        mux_1243_23                         128     5.396      5854.445      5859.840 
      out_sw_1_3                            257    10.802     14608.316     14619.118 
        mux_1244_23                         128     5.396      5919.093      5924.489 
        mux_1243_23                         128     5.396      5900.258      5905.654 
      out_sw_2_0                            257    10.802     17182.671     17193.473 
        mux_1244_23                         128     5.396      7398.225      7403.621 
        mux_1243_23                         128     5.396      7344.102      7349.498 
      out_sw_2_1                            257    10.802     17128.549     17139.350 
        mux_1244_23                         128     5.396      7344.102      7349.498 
        mux_1243_23                         128     5.396      7344.102      7349.498 
      out_sw_2_2                            257    10.802     17164.630     17175.432 
        mux_1244_23                         128     5.396      7366.653      7372.049 
        mux_1243_23                         128     5.396      7357.633      7363.029 
      out_sw_2_3                            257    10.802     17209.733     17220.535 
        mux_1244_23                         128     5.396      7398.225      7403.621 
        mux_1243_23                         128     5.396      7371.164      7376.559 
      mux_z_0_1_779_17                      128     5.396       118.309       123.705 
      mux_z_0_5_779_17                      128     5.396      1236.703      1242.099 
      mux_z_0_3_779_17                      128     5.396      1865.222      1870.618 
      mux_z_0_7_779_17                      128     5.396        44.366        49.762 
      mux_z_0_0_779_17                      128     5.396      1763.550      1768.945 
      mux_z_0_4_779_17                      128     5.396      1804.219      1809.614 
      mux_z_0_2_779_17                      128     5.396      1844.888      1850.283 
      mux_z_0_6_779_17                      128     5.396       537.938       543.334 
      nextReg_79459                          62     2.301      1445.682      1447.982 
        add_1187_24                          27     0.665       444.554       445.220 
        mux_count_1174_17                     7     0.407       186.478       186.885 
        mux_active_1178_18                    1     0.042        32.507        32.550 
        mux_active_1174_17                    1     0.042        14.789        14.831 
        mux_1171_22                           1     0.042         0.000         0.042 
      shiftFIFO_79462                         6     0.561     11319.116     11319.677 
      add_826_32                             22     0.555       408.348       408.902 
      add_798_57                             22     0.555       500.334       500.888 
      add_802_57                             22     0.555       605.127       605.681 
      rdaddr_sw_0_0                          13     0.516       570.892       571.408 
        mux_1244_23                           6     0.253       232.783       233.036 
        mux_1243_23                           6     0.253       232.783       233.036 
      rdaddr_sw_0_1                          13     0.516       570.892       571.408 
        mux_1244_23                           6     0.253       232.783       233.036 
        mux_1243_23                           6     0.253       232.783       233.036 
      rdaddr_sw_0_2                          13     0.516       570.892       571.408 
        mux_1244_23                           6     0.253       232.783       233.036 
        mux_1243_23                           6     0.253       232.783       233.036 
      rdaddr_sw_0_3                          13     0.516       570.892       571.408 
        mux_1244_23                           6     0.253       232.783       233.036 
        mux_1243_23                           6     0.253       232.783       233.036 
      rdaddr_sw_1_0                          13     0.516       707.987       708.503 
        mux_1244_23                           6     0.253       283.777       284.030 
        mux_1243_23                           6     0.253       283.777       284.030 
      rdaddr_sw_1_1                          13     0.516       707.987       708.503 
        mux_1244_23                           6     0.253       283.777       284.030 
        mux_1243_23                           6     0.253       283.777       284.030 
      rdaddr_sw_1_2                          13     0.516       707.987       708.503 
        mux_1244_23                           6     0.253       283.777       284.030 
        mux_1243_23                           6     0.253       283.777       284.030 
      rdaddr_sw_1_3                          13     0.516       707.987       708.503 
        mux_1244_23                           6     0.253       283.777       284.030 
        mux_1243_23                           6     0.253       283.777       284.030 
      rdaddr_sw_2_0                          13     0.516     17252.236     17252.752 
        mux_1244_23                           6     0.253      8555.901      8556.154 
        mux_1243_23                           6     0.253      8555.901      8556.154 
      rdaddr_sw_2_1                          13     0.516     17252.236     17252.752 
        mux_1244_23                           6     0.253      8555.901      8556.154 
        mux_1243_23                           6     0.253      8555.901      8556.154 
      rdaddr_sw_2_2                          13     0.516     17252.236     17252.752 
        mux_1244_23                           6     0.253      8555.901      8556.154 
        mux_1243_23                           6     0.253      8555.901      8556.154 
      rdaddr_sw_2_3                          13     0.516     17252.236     17252.752 
        mux_1244_23                           6     0.253      8555.901      8556.154 
        mux_1243_23                           6     0.253      8555.901      8556.154 
      gte_821_25                             32     0.400       248.232       248.632 
      mux_inCount_820_19                      6     0.253       285.334       285.587 
      mux_inCount_779_17                      6     0.253        81.338        81.591 
      mux_outCou..d_addr_795_22               6     0.253       119.559       119.812 
      mux_outCou..d_addr_779_17               6     0.253        40.669        40.922 
      mux_outCou..d_data_799_22               6     0.253       119.559       119.812 
      mux_outCou..d_data_779_17               6     0.253        40.669        40.922 
      mux_inFlip0_821_25                      1     0.042         5.546         5.588 
      mux_inFlip0_820_19                      1     0.042         7.394         7.436 
      mux_inFlip0_779_17                      1     0.042         3.697         3.739 
      mux_outFlip0_779_17                     1     0.042         0.000         0.042 

